生成启动时间为 2016/5/5 9:25:20。
     1>项目“C:\Users\Administrator\Desktop\AV_WIN_SDK1.7.0\sample\project\win\QAVSDKDemo.vcxproj”在节点 2 上(build 个目标)。
     1>InitializeBuildStatus:
         正在创建“Debug\QAVSDKDemo.unsuccessfulbuild”，因为已指定“AlwaysCreate”。
       ClCompile:
         所有输出均为最新。
         C:\Program Files (x86)\Microsoft Visual Studio 10.0\VC\bin\CL.exe /c /ZI /nologo /W3 /WX- /Od /Oy- /D WIN32 /D _WINDOWS /D _DEBUG /D _UNICODE /D UNICODE /D _AFXDLL /Gm /EHsc /RTC1 /MDd /GS /fp:precise /Zc:wchar_t /Zc:forScope /Yu"StdAfx.h" /Fp"Debug\QAVSDKDemo.pch" /Fo"Debug\\" /Fd"Debug\vc100.pdb" /Gd /TP /analyze- /errorReport:prompt DialogQAVSDKDemo.cpp
         DialogQAVSDKDemo.cpp
     1>c:\users\administrator\desktop\av_win_sdk1.7.0\sample\project\win\resource.h(137): warning C4005: “IDD_DIALOG_ADD_CHANNEL”: 宏重定义
                 c:\users\administrator\desktop\av_win_sdk1.7.0\sample\project\win\resource.h(10) : 参见“IDD_DIALOG_ADD_CHANNEL”的前一个定义
     1>c:\users\administrator\desktop\av_win_sdk1.7.0\sample\project\win\resource.h(10): warning C4005: “IDD_DIALOG_ADD_CHANNEL”: 宏重定义
                 c:\users\administrator\desktop\av_win_sdk1.7.0\sample\project\win\resource.h(137) : 参见“IDD_DIALOG_ADD_CHANNEL”的前一个定义
     1>c:\users\administrator\desktop\av_win_sdk1.7.0\sample\project\win\resource.h(137): warning C4005: “IDD_DIALOG_ADD_CHANNEL”: 宏重定义
                 c:\users\administrator\desktop\av_win_sdk1.7.0\sample\project\win\resource.h(10) : 参见“IDD_DIALOG_ADD_CHANNEL”的前一个定义
     1>c:\users\administrator\desktop\av_win_sdk1.7.0\sample\project\win\dialogqavsdkdemo.cpp(1129): warning C4018: “<”: 有符号/无符号不匹配
     1>c:\users\administrator\desktop\av_win_sdk1.7.0\sample\project\win\dialogqavsdkdemo.cpp(1142): warning C4018: “<”: 有符号/无符号不匹配
     1>c:\users\administrator\desktop\av_win_sdk1.7.0\sample\project\win\dialogqavsdkdemo.cpp(1155): warning C4018: “<”: 有符号/无符号不匹配
     1>c:\users\administrator\desktop\av_win_sdk1.7.0\sample\project\win\dialogqavsdkdemo.cpp(1615): warning C4018: “<”: 有符号/无符号不匹配
     1>c:\users\administrator\desktop\av_win_sdk1.7.0\sample\project\win\dialogqavsdkdemo.cpp(1636): warning C4018: “<”: 有符号/无符号不匹配
     1>c:\users\administrator\desktop\av_win_sdk1.7.0\sample\project\win\dialogqavsdkdemo.cpp(1644): warning C4018: “<”: 有符号/无符号不匹配
     1>c:\users\administrator\desktop\av_win_sdk1.7.0\sample\project\win\dialogqavsdkdemo.cpp(1661): warning C4018: “<”: 有符号/无符号不匹配
     1>c:\users\administrator\desktop\av_win_sdk1.7.0\sample\project\win\dialogqavsdkdemo.cpp(1680): warning C4018: “<”: 有符号/无符号不匹配
     1>c:\users\administrator\desktop\av_win_sdk1.7.0\sample\project\win\dialogqavsdkdemo.cpp(1702): warning C4018: “<”: 有符号/无符号不匹配
     1>c:\users\administrator\desktop\av_win_sdk1.7.0\sample\project\win\dialogqavsdkdemo.cpp(2663): warning C4018: “<”: 有符号/无符号不匹配
     1>c:\users\administrator\desktop\av_win_sdk1.7.0\sample\project\win\dialogqavsdkdemo.cpp(2767): warning C4018: “<”: 有符号/无符号不匹配
     1>c:\users\administrator\desktop\av_win_sdk1.7.0\sample\project\win\dialogqavsdkdemo.cpp(2785): warning C4018: “<”: 有符号/无符号不匹配
     1>c:\users\administrator\desktop\av_win_sdk1.7.0\sample\project\win\dialogqavsdkdemo.cpp(2822): warning C4018: “<”: 有符号/无符号不匹配
     1>c:\users\administrator\desktop\av_win_sdk1.7.0\sample\project\win\dialogqavsdkdemo.cpp(2861): warning C4018: “<”: 有符号/无符号不匹配
     1>c:\users\administrator\desktop\av_win_sdk1.7.0\sample\project\win\dialogqavsdkdemo.cpp(2875): warning C4018: “<”: 有符号/无符号不匹配
     1>c:\users\administrator\desktop\av_win_sdk1.7.0\sample\project\win\dialogqavsdkdemo.cpp(2996): warning C4309: “初始化”: 截断常量值
     1>c:\users\administrator\desktop\av_win_sdk1.7.0\sample\project\win\dialogqavsdkdemo.cpp(2996): warning C4309: “初始化”: 截断常量值
     1>c:\users\administrator\desktop\av_win_sdk1.7.0\sample\project\win\dialogqavsdkdemo.cpp(2996): warning C4309: “初始化”: 截断常量值
     1>c:\users\administrator\desktop\av_win_sdk1.7.0\sample\project\win\dialogqavsdkdemo.cpp(2996): warning C4309: “初始化”: 截断常量值
     1>c:\users\administrator\desktop\av_win_sdk1.7.0\sample\project\win\dialogqavsdkdemo.cpp(2997): warning C4309: “初始化”: 截断常量值
     1>c:\users\administrator\desktop\av_win_sdk1.7.0\sample\project\win\dialogqavsdkdemo.cpp(2997): warning C4309: “初始化”: 截断常量值
     1>c:\users\administrator\desktop\av_win_sdk1.7.0\sample\project\win\dialogqavsdkdemo.cpp(2997): warning C4309: “初始化”: 截断常量值
     1>c:\users\administrator\desktop\av_win_sdk1.7.0\sample\project\win\dialogqavsdkdemo.cpp(2997): warning C4309: “初始化”: 截断常量值
     1>c:\users\administrator\desktop\av_win_sdk1.7.0\sample\project\win\dialogqavsdkdemo.cpp(3030): warning C4018: “<”: 有符号/无符号不匹配
     1>c:\users\administrator\desktop\av_win_sdk1.7.0\sample\project\win\dialogqavsdkdemo.cpp(3236): warning C4800: “WPARAM”: 将值强制为布尔值“true”或“false”(性能警告)
     1>c:\users\administrator\desktop\av_win_sdk1.7.0\sample\project\win\dialogqavsdkdemo.cpp(3247): warning C4018: “>”: 有符号/无符号不匹配
     1>c:\users\administrator\desktop\av_win_sdk1.7.0\sample\project\win\dialogqavsdkdemo.cpp(3260): warning C4018: “<”: 有符号/无符号不匹配
     1>c:\users\administrator\desktop\av_win_sdk1.7.0\sample\project\win\dialogqavsdkdemo.cpp(3304): warning C4018: “<”: 有符号/无符号不匹配
     1>c:\users\administrator\desktop\av_win_sdk1.7.0\sample\project\win\dialogqavsdkdemo.cpp(3481): warning C4018: “<”: 有符号/无符号不匹配
     1>c:\users\administrator\desktop\av_win_sdk1.7.0\sample\project\win\dialogqavsdkdemo.cpp(3496): warning C4018: “<”: 有符号/无符号不匹配
     1>c:\users\administrator\desktop\av_win_sdk1.7.0\sample\project\win\dialogqavsdkdemo.cpp(3511): warning C4018: “<”: 有符号/无符号不匹配
     1>c:\users\administrator\desktop\av_win_sdk1.7.0\sample\project\win\dialogqavsdkdemo.cpp(4370): warning C4102: “std”: 未引用的标签
       ResourceCompile:
         所有输出均为最新。
       Link:
         C:\Program Files (x86)\Microsoft Visual Studio 10.0\VC\bin\link.exe /ERRORREPORT:PROMPT /OUT:"C:\Users\Administrator\Desktop\AV_WIN_SDK1.7.0\sample\project\win\..\..\bin\Debug\QAVSDKDemo.exe" /INCREMENTAL /NOLOGO libtim.lib /MANIFEST:NO /DEBUG /PDB:"C:\Users\Administrator\Desktop\AV_WIN_SDK1.7.0\sample\bin\Debug\QAVSDKDemo.pdb" /SUBSYSTEM:WINDOWS /TLBID:1 /ENTRY:"wWinMainCRTStartup" /DYNAMICBASE /NXCOMPAT /IMPLIB:"C:\Users\Administrator\Desktop\AV_WIN_SDK1.7.0\sample\project\win\..\..\bin\Debug\QAVSDKDemo.lib" /MACHINE:X86 Debug\QAVSDKDemo.res
         Debug\ConfigInfoMgr.obj
         Debug\Dialog1v1VideoRender.obj
         Debug\DialogAddAccount.obj
         Debug\DialogAddAppConfig.obj
         Debug\DialogAddChannel.obj
         Debug\DialogAVQualityTips.obj
         Debug\DialogQAVSDKDemo.obj
         Debug\ListBoxEndpoint.obj
         Debug\QAVSDKApp.obj
         Debug\SdkWrapper.obj
         Debug\stdafx.obj
         Debug\Util.obj
         Debug\VideoRender.obj
         QAVSDKDemo.vcxproj -> C:\Users\Administrator\Desktop\AV_WIN_SDK1.7.0\sample\project\win\..\..\bin\Debug\QAVSDKDemo.exe
       FinalizeBuildStatus:
         正在删除文件“Debug\QAVSDKDemo.unsuccessfulbuild”。
         正在对“Debug\QAVSDKDemo.lastbuildstate”执行 Touch 任务。
     1>已完成生成项目“C:\Users\Administrator\Desktop\AV_WIN_SDK1.7.0\sample\project\win\QAVSDKDemo.vcxproj”(build 个目标)的操作。

生成成功。

已用时间 00:00:26.24
