C:\USERS\ADMINISTRATOR\DESKTOP\AV_WIN_SDK1.7.0\SAMPLE\BIN\DEBUG\QAVSDKDEMO.EXE
C:\Users\Administrator\Desktop\AV_WIN_SDK1.7.0\sample\bin\Debug\QAVSDKDemo.exp
C:\USERS\ADMINISTRATOR\DESKTOP\AV_WIN_SDK1.7.0\SAMPLE\BIN\DEBUG\QAVSDKDEMO.ILK
C:\Users\Administrator\Desktop\AV_WIN_SDK1.7.0\sample\bin\Debug\QAVSDKDemo.lib
C:\USERS\ADMINISTRATOR\DESKTOP\AV_WIN_SDK1.7.0\SAMPLE\BIN\DEBUG\QAVSDKDEMO.PDB
C:\Users\Administrator\Desktop\AV_WIN_SDK1.7.0\sample\project\win\..\..\bin\Debug\QAVSDKDemo.exe
C:\Users\Administrator\Desktop\AV_WIN_SDK1.7.0\sample\project\win\..\..\bin\Debug\QAVSDKDemo.ilk
C:\Users\Administrator\Desktop\AV_WIN_SDK1.7.0\sample\project\win\..\..\bin\Debug\QAVSDKDemo.pdb
C:\Users\Administrator\Desktop\AV_WIN_SDK1.7.0\sample\project\win\Debug\cl.command.1.tlog
C:\Users\Administrator\Desktop\AV_WIN_SDK1.7.0\sample\project\win\Debug\CL.read.1.tlog
C:\Users\Administrator\Desktop\AV_WIN_SDK1.7.0\sample\project\win\Debug\CL.write.1.tlog
C:\USERS\ADMINISTRATOR\DESKTOP\AV_WIN_SDK1.7.0\SAMPLE\PROJECT\WIN\DEBUG\CONFIGINFOMGR.OBJ
C:\USERS\ADMINISTRATOR\DESKTOP\AV_WIN_SDK1.7.0\SAMPLE\PROJECT\WIN\DEBUG\DIALOG1V1VIDEORENDER.OBJ
C:\USERS\ADMINISTRATOR\DESKTOP\AV_WIN_SDK1.7.0\SAMPLE\PROJECT\WIN\DEBUG\DIALOGADDACCOUNT.OBJ
C:\USERS\ADMINISTRATOR\DESKTOP\AV_WIN_SDK1.7.0\SAMPLE\PROJECT\WIN\DEBUG\DIALOGADDAPPCONFIG.OBJ
C:\USERS\ADMINISTRATOR\DESKTOP\AV_WIN_SDK1.7.0\SAMPLE\PROJECT\WIN\DEBUG\DIALOGAVQUALITYTIPS.OBJ
C:\USERS\ADMINISTRATOR\DESKTOP\AV_WIN_SDK1.7.0\SAMPLE\PROJECT\WIN\DEBUG\DIALOGQAVSDKDEMO.OBJ
C:\Users\Administrator\Desktop\AV_WIN_SDK1.7.0\sample\project\win\Debug\link.7612.read.1.tlog
C:\Users\Administrator\Desktop\AV_WIN_SDK1.7.0\sample\project\win\Debug\link.7612.write.1.tlog
C:\Users\Administrator\Desktop\AV_WIN_SDK1.7.0\sample\project\win\Debug\link.7612-cvtres.read.1.tlog
C:\Users\Administrator\Desktop\AV_WIN_SDK1.7.0\sample\project\win\Debug\link.7612-cvtres.write.1.tlog
C:\Users\Administrator\Desktop\AV_WIN_SDK1.7.0\sample\project\win\Debug\link.command.1.tlog
C:\Users\Administrator\Desktop\AV_WIN_SDK1.7.0\sample\project\win\Debug\link.read.1.tlog
C:\Users\Administrator\Desktop\AV_WIN_SDK1.7.0\sample\project\win\Debug\link.write.1.tlog
C:\Users\Administrator\Desktop\AV_WIN_SDK1.7.0\sample\project\win\Debug\link-cvtres.read.1.tlog
C:\Users\Administrator\Desktop\AV_WIN_SDK1.7.0\sample\project\win\Debug\link-cvtres.write.1.tlog
C:\USERS\ADMINISTRATOR\DESKTOP\AV_WIN_SDK1.7.0\SAMPLE\PROJECT\WIN\DEBUG\LISTBOXENDPOINT.OBJ
C:\USERS\ADMINISTRATOR\DESKTOP\AV_WIN_SDK1.7.0\SAMPLE\PROJECT\WIN\DEBUG\QAVSDKAPP.OBJ
C:\USERS\ADMINISTRATOR\DESKTOP\AV_WIN_SDK1.7.0\SAMPLE\PROJECT\WIN\DEBUG\QAVSDKDEMO.PCH
C:\USERS\ADMINISTRATOR\DESKTOP\AV_WIN_SDK1.7.0\SAMPLE\PROJECT\WIN\DEBUG\QAVSDKDEMO.RES
C:\Users\Administrator\Desktop\AV_WIN_SDK1.7.0\sample\project\win\Debug\QAVSDKDemo.vcxprojResolveAssemblyReference.cache
C:\Users\Administrator\Desktop\AV_WIN_SDK1.7.0\sample\project\win\Debug\QAVSDKDemo.write.1.tlog
C:\Users\Administrator\Desktop\AV_WIN_SDK1.7.0\sample\project\win\Debug\rc.command.1.tlog
C:\Users\Administrator\Desktop\AV_WIN_SDK1.7.0\sample\project\win\Debug\rc.read.1.tlog
C:\Users\Administrator\Desktop\AV_WIN_SDK1.7.0\sample\project\win\Debug\rc.write.1.tlog
C:\USERS\ADMINISTRATOR\DESKTOP\AV_WIN_SDK1.7.0\SAMPLE\PROJECT\WIN\DEBUG\SDKWRAPPER.OBJ
C:\USERS\ADMINISTRATOR\DESKTOP\AV_WIN_SDK1.7.0\SAMPLE\PROJECT\WIN\DEBUG\STDAFX.OBJ
C:\USERS\ADMINISTRATOR\DESKTOP\AV_WIN_SDK1.7.0\SAMPLE\PROJECT\WIN\DEBUG\UTIL.OBJ
C:\Users\Administrator\Desktop\AV_WIN_SDK1.7.0\sample\project\win\Debug\vc100.idb
C:\USERS\ADMINISTRATOR\DESKTOP\AV_WIN_SDK1.7.0\SAMPLE\PROJECT\WIN\DEBUG\VC100.PDB
C:\USERS\ADMINISTRATOR\DESKTOP\AV_WIN_SDK1.7.0\SAMPLE\PROJECT\WIN\DEBUG\VIDEORENDER.OBJ
