[2016-5-5 9:28:46:350][INFO][tim.cc:171][imcore::TIMManager::Init]SDK Init ~!
[2016-5-5 9:28:46:381][INFO][tim.cc:172][imcore::TIMManager::Init]SDK Version = TIMSDK:1.7:debug:drt:Mar  7 2016:17:03:56
[2016-5-5 9:28:46:444][INFO][config_store.cc:93][imcore::ConfigStore::ReadFromFile]get config from file: 
[2016-5-5 9:28:46:444][INFO][config_store.cc:94][imcore::ConfigStore::ReadFromFile]bytes_guid: "\202@p\256\370\"\274N\256\260|\306\373\342\022\333"
msg_wifi_sso_addr_list {
  rpt_tcp_sso_addr {
    bytes_ip: "61.135.157.230"
    uint32_port: 80
  }
  rpt_tcp_sso_addr {
    bytes_ip: "140.207.69.75"
    uint32_port: 8080
  }
  rpt_tcp_sso_addr {
    bytes_ip: "163.177.56.123"
    uint32_port: 8080
  }
}

[2016-5-5 9:28:46:615][INFO][tim.cc:196][imcore::TIMManager::Login]User Login
[2016-5-5 9:28:46:709][INFO][auth.cc:297][imcore::TIMAuth::Login]send sdkinit req
[2016-5-5 9:28:46:740][INFO][sso_conn.cc:327][imcore::SSOConn::Send]insert to wait_queue_|cmd: openim.pbsdkinit_emp|queue size: 1
[2016-5-5 9:28:46:771][INFO][http_conn.cc:282][imcore::HttpConn::ParseUrl]schema: http|host: configsvr.openmsf.3g.qq.com|port: 80|path: /configsvr/openlist.jsp|query: 
[2016-5-5 9:28:46:771][INFO][sso_conn.cc:601][imcore::SSOConn::CheckConn]try to connect...
[2016-5-5 9:28:46:771][INFO][sso_conn.cc:156][imcore::SSOConn::Connect]connect to 61.135.157.230:80
[2016-5-5 9:28:46:771][INFO][sso_conn.cc:819][imcore::SSOConn::set_status]conn has no callback to call! status :2
[2016-5-5 9:28:46:818][INFO][sso_conn.cc:81][imcore::conn_cb]connect done: 0
[2016-5-5 9:28:46:818][INFO][sso_conn.cc:819][imcore::SSOConn::set_status]conn has no callback to call! status :1
[2016-5-5 9:28:46:849][INFO][sso_conn.cc:295][imcore::SSOConn::SendRemained]add req to timeout queue: openim.pbsdkinit_emp|seq: 24804|daedline: 2137255|now: 2132424|timeout: 5000
[2016-5-5 9:28:46:849][INFO][sso_data.cc:351][imcore::SSOData::serialize]uin = 0 servicecmd = openim.pbsdkinit_emp lower = openim.pbsdkinit_emp
[2016-5-5 9:28:46:881][INFO][sso_conn.cc:312][imcore::SSOConn::SendRemained]send cmd: openim.pbsdkinit_emp|seq: 24804
[2016-5-5 9:28:46:912][INFO][db_http.cpp:77][imcore::HTTPRequest::encode]out_len: 295
[2016-5-5 9:28:46:959][INFO][sso_conn.cc:49][imcore::read_cb]read callback receive data len:255
[2016-5-5 9:28:46:959][INFO][sso_conn.cc:391][imcore::SSOConn::Recv]recv pkg|cmd: openim.pbsdkinit_emp|seq: 24804
[2016-5-5 9:28:46:959][INFO][sso_conn.cc:405][imcore::SSOConn::Recv]CURRENT 1 TIMES CALLBACK! BEFORE CALLBACK!
[2016-5-5 9:28:46:959][INFO][auth.cc:309][imcore::`anonymous-namespace'::<lambda1>::operator ()]get sdkinit rsp
[2016-5-5 9:28:46:974][INFO][auth.cc:310][imcore::`anonymous-namespace'::<lambda1>::operator ()]get rsp size:176
[2016-5-5 9:28:46:990][INFO][sso_conn.cc:327][imcore::SSOConn::Send]insert to wait_queue_|cmd: im_open_status.stat_reg|queue size: 1
[2016-5-5 9:28:46:990][INFO][sso_conn.cc:407][imcore::SSOConn::Recv]CURRENT 1 TIMES CALLBACK! AFTER CALLBACK!
[2016-5-5 9:28:46:990][INFO][sso_conn.cc:295][imcore::SSOConn::SendRemained]add req to timeout queue: im_open_status.stat_reg|seq: 24805|daedline: 2137527|now: 2132592|timeout: 5000
[2016-5-5 9:28:46:990][INFO][sso_data.cc:351][imcore::SSOData::serialize]uin = 144115197360545593 servicecmd = im_open_status.stat_reg lower = im_open_status.stat_reg
[2016-5-5 9:28:46:990][INFO][sso_conn.cc:312][imcore::SSOConn::SendRemained]send cmd: im_open_status.stat_reg|seq: 24805
[2016-5-5 9:28:46:990][INFO][http_conn.cc:145][imcore::on_message_begin]recv begin
[2016-5-5 9:28:47:5][INFO][http_conn.cc:154][imcore::on_message_complete]recv complete
[2016-5-5 9:28:47:5][INFO][sso_conn.cc:725][imcore::`anonymous-namespace'::<lambda2>::operator ()]UpdateSsoListByHttp get rsp
[2016-5-5 9:28:47:5][INFO][sso_conn.cc:727][imcore::`anonymous-namespace'::<lambda2>::operator ()]get sso addr: 61.135.157.230 port: 80
[2016-5-5 9:28:47:5][INFO][sso_conn.cc:727][imcore::`anonymous-namespace'::<lambda2>::operator ()]get sso addr: 140.207.69.75 port: 8080
[2016-5-5 9:28:47:5][INFO][sso_conn.cc:727][imcore::`anonymous-namespace'::<lambda2>::operator ()]get sso addr: 163.177.56.123 port: 8080
[2016-5-5 9:28:47:5][INFO][sso_conn.cc:731][imcore::`anonymous-namespace'::<lambda2>::operator ()]UpdateSsoListByHttp succ
[2016-5-5 9:28:47:5][ERROR][http_conn.cc:207][imcore::HttpConn::~HttpConn]dtor: httpconn
[2016-5-5 9:28:47:115][INFO][sso_conn.cc:49][imcore::read_cb]read callback receive data len:136
[2016-5-5 9:28:47:115][INFO][sso_conn.cc:391][imcore::SSOConn::Recv]recv pkg|cmd: im_open_status.stat_reg|seq: 24805
[2016-5-5 9:28:47:115][INFO][sso_conn.cc:405][imcore::SSOConn::Recv]CURRENT 2 TIMES CALLBACK! BEFORE CALLBACK!
[2016-5-5 9:28:47:115][INFO][auth.cc:183][imcore::`anonymous-namespace'::<lambda0>::operator ()]get stat_reg rsp
[2016-5-5 9:28:47:115][INFO][auth.cc:224][imcore::`anonymous-namespace'::<lambda0>::operator ()]login succ: 4000:1400007961:lx
[2016-5-5 9:28:47:130][INFO][auth.cc:37][imcore::CreatePicCacheDic]PicCache dic is already exists
[2016-5-5 9:28:47:146][INFO][ctx.cc:226][imcore::IMCoreCtx::InitOpenIM]IMCoreCtx init: build-Mar  7 2016...
[2016-5-5 9:28:47:161][INFO][sso_conn.cc:327][imcore::SSOConn::Send]insert to wait_queue_|cmd: IMBDH.GetKeyAndIp|queue size: 1
[2016-5-5 9:28:47:380][INFO][sso_conn.cc:407][imcore::SSOConn::Recv]CURRENT 2 TIMES CALLBACK! AFTER CALLBACK!
[2016-5-5 9:28:47:395][INFO][sso_conn.cc:327][imcore::SSOConn::Send]insert to wait_queue_|cmd: im_open_status.stat_hello|queue size: 2
[2016-5-5 9:28:47:395][INFO][sso_conn.cc:295][imcore::SSOConn::SendRemained]add req to timeout queue: IMBDH.GetKeyAndIp|seq: 24806|daedline: 2137692|now: 2132989|timeout: 5000
[2016-5-5 9:28:47:395][INFO][sso_data.cc:351][imcore::SSOData::serialize]uin = 144115197360545593 servicecmd = IMBDH.GetKeyAndIp lower = imbdh.getkeyandip
[2016-5-5 9:28:47:395][INFO][sso_conn.cc:312][imcore::SSOConn::SendRemained]send cmd: IMBDH.GetKeyAndIp|seq: 24806
[2016-5-5 9:28:47:395][INFO][sso_conn.cc:295][imcore::SSOConn::SendRemained]add req to timeout queue: im_open_status.stat_hello|seq: 24807|daedline: 2137989|now: 2132989|timeout: 5000
[2016-5-5 9:28:47:395][INFO][sso_data.cc:351][imcore::SSOData::serialize]uin = 144115197360545593 servicecmd = im_open_status.stat_hello lower = im_open_status.stat_hello
[2016-5-5 9:28:47:395][INFO][sso_conn.cc:312][imcore::SSOConn::SendRemained]send cmd: im_open_status.stat_hello|seq: 24807
[2016-5-5 9:28:47:395][INFO][sso_conn.cc:49][imcore::read_cb]read callback receive data len:536
[2016-5-5 9:28:47:395][INFO][sso_conn.cc:391][imcore::SSOConn::Recv]recv pkg|cmd: IMBDH.GetKeyAndIp|seq: 24806
[2016-5-5 9:28:47:395][INFO][sso_conn.cc:405][imcore::SSOConn::Recv]CURRENT 3 TIMES CALLBACK! BEFORE CALLBACK!
[2016-5-5 9:28:47:411][INFO][imcore_env.cc:157][imcore::IMCoreInitCallBack::Done]imcore init succ
[2016-5-5 9:28:47:411][INFO][ctx.cc:273][imcore::`anonymous-namespace'::<lambda4>::operator ()]IMCoreCtx init done
[2016-5-5 9:28:47:442][INFO][msg_manager.cc:1127][imcore::`anonymous-namespace'::<lambda35>::operator ()]ClearLog begin!
[2016-5-5 9:28:47:442][INFO][msg_manager.cc:1183][imcore::`anonymous-namespace'::<lambda35>::operator ()]ClearLog end!
[2016-5-5 9:28:47:473][INFO][sso_conn.cc:327][imcore::SSOConn::Send]insert to wait_queue_|cmd: im_open_msg.msg_sync|queue size: 1
[2016-5-5 9:28:47:505][INFO][sso_conn.cc:327][imcore::SSOConn::Send]insert to wait_queue_|cmd: group_open_svc.get_group_list|queue size: 2
[2016-5-5 9:28:47:505][INFO][tim_int.cc:350][imcore::TIMIntManager::Init]TIMIntManager::Init
[2016-5-5 9:28:47:536][INFO][sso_conn.cc:407][imcore::SSOConn::Recv]CURRENT 3 TIMES CALLBACK! AFTER CALLBACK!
[2016-5-5 9:28:47:583][INFO][sso_conn.cc:295][imcore::SSOConn::SendRemained]add req to timeout queue: im_open_msg.msg_sync|seq: 24808|daedline: 2137989|now: 2133183|timeout: 5000
[2016-5-5 9:28:47:583][INFO][sso_data.cc:351][imcore::SSOData::serialize]uin = 144115197360545593 servicecmd = im_open_msg.msg_sync lower = im_open_msg.msg_sync
[2016-5-5 9:28:47:583][INFO][sso_conn.cc:312][imcore::SSOConn::SendRemained]send cmd: im_open_msg.msg_sync|seq: 24808
[2016-5-5 9:28:47:614][INFO][sso_conn.cc:295][imcore::SSOConn::SendRemained]add req to timeout queue: group_open_svc.get_group_list|seq: 24809|daedline: 2137989|now: 2133183|timeout: 5000
[2016-5-5 9:28:47:629][INFO][sso_data.cc:351][imcore::SSOData::serialize]uin = 144115197360545593 servicecmd = group_open_svc.get_group_list lower = group_open_svc.get_group_list
[2016-5-5 9:28:47:629][INFO][sso_conn.cc:312][imcore::SSOConn::SendRemained]send cmd: group_open_svc.get_group_list|seq: 24809
[2016-5-5 9:28:47:629][INFO][sso_conn.cc:49][imcore::read_cb]read callback receive data len:128
[2016-5-5 9:28:47:629][INFO][sso_conn.cc:391][imcore::SSOConn::Recv]recv pkg|cmd: im_open_status.stat_hello|seq: 24807
[2016-5-5 9:28:47:629][INFO][sso_conn.cc:405][imcore::SSOConn::Recv]CURRENT 4 TIMES CALLBACK! BEFORE CALLBACK!
[2016-5-5 9:28:47:629][INFO][sso_conn.cc:407][imcore::SSOConn::Recv]CURRENT 4 TIMES CALLBACK! AFTER CALLBACK!
[2016-5-5 9:28:47:661][INFO][sso_conn.cc:49][imcore::read_cb]read callback receive data len:128
[2016-5-5 9:28:47:661][INFO][sso_conn.cc:391][imcore::SSOConn::Recv]recv pkg|cmd: im_open_msg.msg_sync|seq: 24808
[2016-5-5 9:28:47:661][INFO][sso_conn.cc:405][imcore::SSOConn::Recv]CURRENT 5 TIMES CALLBACK! BEFORE CALLBACK!
[2016-5-5 9:28:47:661][INFO][sso_conn.cc:407][imcore::SSOConn::Recv]CURRENT 5 TIMES CALLBACK! AFTER CALLBACK!
[2016-5-5 9:28:47:723][INFO][sso_conn.cc:327][imcore::SSOConn::Send]insert to wait_queue_|cmd: im_open_msg.msg_sync|queue size: 1
[2016-5-5 9:28:47:723][INFO][sso_conn.cc:295][imcore::SSOConn::SendRemained]add req to timeout queue: im_open_msg.msg_sync|seq: 24810|daedline: 2138285|now: 2133285|timeout: 5000
[2016-5-5 9:28:47:723][INFO][sso_data.cc:351][imcore::SSOData::serialize]uin = 144115197360545593 servicecmd = im_open_msg.msg_sync lower = im_open_msg.msg_sync
[2016-5-5 9:28:47:739][INFO][sso_conn.cc:312][imcore::SSOConn::SendRemained]send cmd: im_open_msg.msg_sync|seq: 24810
[2016-5-5 9:28:47:754][INFO][sso_conn.cc:49][imcore::read_cb]read callback receive data len:120
[2016-5-5 9:28:47:754][INFO][sso_conn.cc:391][imcore::SSOConn::Recv]recv pkg|cmd: group_open_svc.get_group_list|seq: 24809
[2016-5-5 9:28:47:754][INFO][sso_conn.cc:405][imcore::SSOConn::Recv]CURRENT 6 TIMES CALLBACK! BEFORE CALLBACK!
[2016-5-5 9:28:47:754][INFO][sso_conn.cc:407][imcore::SSOConn::Recv]CURRENT 6 TIMES CALLBACK! AFTER CALLBACK!
[2016-5-5 9:28:47:785][INFO][sso_conn.cc:327][imcore::SSOConn::Send]insert to wait_queue_|cmd: Recentcontact.Get_PB|queue size: 1
[2016-5-5 9:28:47:785][INFO][sso_conn.cc:295][imcore::SSOConn::SendRemained]add req to timeout queue: Recentcontact.Get_PB|seq: 24811|daedline: 2138348|now: 2133348|timeout: 5000
[2016-5-5 9:28:47:785][INFO][sso_data.cc:351][imcore::SSOData::serialize]uin = 144115197360545593 servicecmd = Recentcontact.Get_PB lower = recentcontact.get_pb
[2016-5-5 9:28:47:785][INFO][sso_conn.cc:312][imcore::SSOConn::SendRemained]send cmd: Recentcontact.Get_PB|seq: 24811
[2016-5-5 9:28:47:817][INFO][sso_conn.cc:49][imcore::read_cb]read callback receive data len:104
[2016-5-5 9:28:47:817][INFO][sso_conn.cc:391][imcore::SSOConn::Recv]recv pkg|cmd: im_open_msg.msg_sync|seq: 24810
[2016-5-5 9:28:47:817][INFO][sso_conn.cc:405][imcore::SSOConn::Recv]CURRENT 7 TIMES CALLBACK! BEFORE CALLBACK!
[2016-5-5 9:28:47:817][INFO][imcore_env.cc:86][imcore::`anonymous-namespace'::<lambda1>::operator ()]operation don't need callback! cmd:im_open_msg.msg_sync req.seq():24810
[2016-5-5 9:28:47:817][INFO][sso_conn.cc:407][imcore::SSOConn::Recv]CURRENT 7 TIMES CALLBACK! AFTER CALLBACK!
[2016-5-5 9:28:48:35][INFO][sso_conn.cc:49][imcore::read_cb]read callback receive data len:104
[2016-5-5 9:28:48:35][INFO][sso_conn.cc:391][imcore::SSOConn::Recv]recv pkg|cmd: Recentcontact.Get_PB|seq: 24811
[2016-5-5 9:28:48:35][INFO][sso_conn.cc:405][imcore::SSOConn::Recv]CURRENT 8 TIMES CALLBACK! BEFORE CALLBACK!
[2016-5-5 9:28:48:35][INFO][sso_conn.cc:407][imcore::SSOConn::Recv]CURRENT 8 TIMES CALLBACK! AFTER CALLBACK!
[2016-5-5 9:28:48:35][INFO][msg_sync_task.cc:556][imcore::`anonymous-namespace'::<lambda1>::operator ()]login refresh nofity
[2016-5-5 9:28:49:470][INFO][sso_conn.cc:327][imcore::SSOConn::Send]insert to wait_queue_|cmd: openim.pbvideoapp|queue size: 1
[2016-5-5 9:28:49:470][INFO][sso_conn.cc:295][imcore::SSOConn::SendRemained]add req to timeout queue: openim.pbvideoapp|seq: 24812|daedline: 2140047|now: 2135047|timeout: 5000
[2016-5-5 9:28:49:470][INFO][sso_data.cc:351][imcore::SSOData::serialize]uin = 144115197360545593 servicecmd = openim.pbvideoapp lower = openim.pbvideoapp
[2016-5-5 9:28:49:470][INFO][sso_conn.cc:312][imcore::SSOConn::SendRemained]send cmd: openim.pbvideoapp|seq: 24812
[2016-5-5 9:28:49:611][INFO][sso_conn.cc:49][imcore::read_cb]read callback receive data len:272
[2016-5-5 9:28:49:611][INFO][sso_conn.cc:391][imcore::SSOConn::Recv]recv pkg|cmd: openim.pbvideoapp|seq: 24812
[2016-5-5 9:28:49:611][INFO][sso_conn.cc:405][imcore::SSOConn::Recv]CURRENT 9 TIMES CALLBACK! BEFORE CALLBACK!
[2016-5-5 9:28:49:626][INFO][sso_conn.cc:407][imcore::SSOConn::Recv]CURRENT 9 TIMES CALLBACK! AFTER CALLBACK!
[2016-5-5 9:28:49:860][INFO][sso_conn.cc:49][imcore::read_cb]read callback receive data len:159
[2016-5-5 9:28:49:860][INFO][sso_conn.cc:391][imcore::SSOConn::Recv]recv pkg|cmd: ConfigPushSvc.PushReq|seq: -1318199442
[2016-5-5 9:28:49:860][INFO][sso_conn.cc:518][imcore::SSOConn::Recv]recv sso push:ConfigPushSvc.PushReq
[2016-5-5 9:28:49:860][INFO][ctx.cc:524][imcore::IMCoreCtx::ParseSsoList]len: 77|ver: 1|mobcmd: 2|mobseq: 560848751
[2016-5-5 9:28:49:876][INFO][sso_conn.cc:520][imcore::SSOConn::Recv]get sso addr: 61.135.157.230 port: 80
[2016-5-5 9:28:49:876][ERROR][ctx.cc:532][imcore::IMCoreCtx::ParseSsoList]ssolist rsp: 
080812120a0e36312e3133352e3135372e323330105012120a0d3134302e3230372e36392e373510903f12130a0e3136332e3137372e35362e31323310903f
[2016-5-5 9:28:49:876][INFO][sso_conn.cc:520][imcore::SSOConn::Recv]get sso addr: 140.207.69.75 port: 8080
[2016-5-5 9:28:49:876][INFO][sso_conn.cc:520][imcore::SSOConn::Recv]get sso addr: 163.177.56.123 port: 8080
[2016-5-5 9:28:49:876][INFO][sso_conn.cc:523][imcore::SSOConn::Recv]update ssolist by push succ
[2016-5-5 9:28:59:72][INFO][tim_int.cc:295][imcore::RequestMultiVideoStreamerRelay]RequestMultiVideoStreamerRelay! opr :1
[2016-5-5 9:28:59:131][INFO][sso_conn.cc:327][imcore::SSOConn::Send]insert to wait_queue_|cmd: openim.pbvideoinfo|queue size: 1
[2016-5-5 9:28:59:133][INFO][sso_conn.cc:295][imcore::SSOConn::SendRemained]add req to timeout queue: openim.pbvideoinfo|seq: 24813|daedline: 2149705|now: 2144705|timeout: 5000
[2016-5-5 9:28:59:135][INFO][sso_data.cc:351][imcore::SSOData::serialize]uin = 144115197360545593 servicecmd = openim.pbvideoinfo lower = openim.pbvideoinfo
[2016-5-5 9:28:59:137][INFO][sso_conn.cc:312][imcore::SSOConn::SendRemained]send cmd: openim.pbvideoinfo|seq: 24813
[2016-5-5 9:28:59:305][INFO][sso_conn.cc:49][imcore::read_cb]read callback receive data len:128
[2016-5-5 9:28:59:306][INFO][sso_conn.cc:391][imcore::SSOConn::Recv]recv pkg|cmd: openim.pbvideoinfo|seq: 24813
[2016-5-5 9:28:59:307][INFO][sso_conn.cc:405][imcore::SSOConn::Recv]CURRENT 10 TIMES CALLBACK! BEFORE CALLBACK!
[2016-5-5 9:28:59:308][INFO][sso_conn.cc:407][imcore::SSOConn::Recv]CURRENT 10 TIMES CALLBACK! AFTER CALLBACK!
[2016-5-5 9:30:47:413][INFO][sso_conn.cc:327][imcore::SSOConn::Send]insert to wait_queue_|cmd: im_open_status.stat_hello|queue size: 1
[2016-5-5 9:30:47:415][INFO][sso_conn.cc:295][imcore::SSOConn::SendRemained]add req to timeout queue: im_open_status.stat_hello|seq: 24814|daedline: 2258004|now: 2253004|timeout: 5000
[2016-5-5 9:30:47:416][INFO][sso_data.cc:351][imcore::SSOData::serialize]uin = 144115197360545593 servicecmd = im_open_status.stat_hello lower = im_open_status.stat_hello
[2016-5-5 9:30:47:418][INFO][sso_conn.cc:312][imcore::SSOConn::SendRemained]send cmd: im_open_status.stat_hello|seq: 24814
[2016-5-5 9:30:47:461][INFO][sso_conn.cc:49][imcore::read_cb]read callback receive data len:128
[2016-5-5 9:30:47:462][INFO][sso_conn.cc:391][imcore::SSOConn::Recv]recv pkg|cmd: im_open_status.stat_hello|seq: 24814
[2016-5-5 9:30:47:463][INFO][sso_conn.cc:405][imcore::SSOConn::Recv]CURRENT 11 TIMES CALLBACK! BEFORE CALLBACK!
[2016-5-5 9:30:47:464][INFO][sso_conn.cc:407][imcore::SSOConn::Recv]CURRENT 11 TIMES CALLBACK! AFTER CALLBACK!
[2016-5-5 9:32:47:471][INFO][sso_conn.cc:327][imcore::SSOConn::Send]insert to wait_queue_|cmd: im_open_status.stat_hello|queue size: 1
[2016-5-5 9:32:47:484][INFO][sso_conn.cc:295][imcore::SSOConn::SendRemained]add req to timeout queue: im_open_status.stat_hello|seq: 24815|daedline: 2378060|now: 2373060|timeout: 5000
[2016-5-5 9:32:47:486][INFO][sso_data.cc:351][imcore::SSOData::serialize]uin = 144115197360545593 servicecmd = im_open_status.stat_hello lower = im_open_status.stat_hello
[2016-5-5 9:32:47:487][INFO][sso_conn.cc:312][imcore::SSOConn::SendRemained]send cmd: im_open_status.stat_hello|seq: 24815
[2016-5-5 9:32:47:532][INFO][sso_conn.cc:49][imcore::read_cb]read callback receive data len:128
[2016-5-5 9:32:47:534][INFO][sso_conn.cc:391][imcore::SSOConn::Recv]recv pkg|cmd: im_open_status.stat_hello|seq: 24815
[2016-5-5 9:32:47:535][INFO][sso_conn.cc:405][imcore::SSOConn::Recv]CURRENT 12 TIMES CALLBACK! BEFORE CALLBACK!
[2016-5-5 9:32:47:536][INFO][sso_conn.cc:407][imcore::SSOConn::Recv]CURRENT 12 TIMES CALLBACK! AFTER CALLBACK!
[2016-5-5 9:34:47:523][INFO][sso_conn.cc:327][imcore::SSOConn::Send]insert to wait_queue_|cmd: im_open_status.stat_hello|queue size: 1
[2016-5-5 9:34:47:526][INFO][sso_conn.cc:295][imcore::SSOConn::SendRemained]add req to timeout queue: im_open_status.stat_hello|seq: 24816|daedline: 2498110|now: 2493110|timeout: 5000
[2016-5-5 9:34:47:529][INFO][sso_data.cc:351][imcore::SSOData::serialize]uin = 144115197360545593 servicecmd = im_open_status.stat_hello lower = im_open_status.stat_hello
[2016-5-5 9:34:47:534][INFO][sso_conn.cc:312][imcore::SSOConn::SendRemained]send cmd: im_open_status.stat_hello|seq: 24816
[2016-5-5 9:34:47:593][INFO][sso_conn.cc:49][imcore::read_cb]read callback receive data len:128
[2016-5-5 9:34:47:594][INFO][sso_conn.cc:391][imcore::SSOConn::Recv]recv pkg|cmd: im_open_status.stat_hello|seq: 24816
[2016-5-5 9:34:47:596][INFO][sso_conn.cc:405][imcore::SSOConn::Recv]CURRENT 13 TIMES CALLBACK! BEFORE CALLBACK!
[2016-5-5 9:34:47:597][INFO][sso_conn.cc:407][imcore::SSOConn::Recv]CURRENT 13 TIMES CALLBACK! AFTER CALLBACK!
[2016-5-5 9:36:47:536][INFO][sso_conn.cc:327][imcore::SSOConn::Send]insert to wait_queue_|cmd: im_open_status.stat_hello|queue size: 1
[2016-5-5 9:36:47:537][INFO][sso_conn.cc:295][imcore::SSOConn::SendRemained]add req to timeout queue: im_open_status.stat_hello|seq: 24817|daedline: 2618122|now: 2613122|timeout: 5000
[2016-5-5 9:36:47:538][INFO][sso_data.cc:351][imcore::SSOData::serialize]uin = 144115197360545593 servicecmd = im_open_status.stat_hello lower = im_open_status.stat_hello
[2016-5-5 9:36:47:540][INFO][sso_conn.cc:312][imcore::SSOConn::SendRemained]send cmd: im_open_status.stat_hello|seq: 24817
[2016-5-5 9:36:47:580][INFO][sso_conn.cc:49][imcore::read_cb]read callback receive data len:128
[2016-5-5 9:36:47:582][INFO][sso_conn.cc:391][imcore::SSOConn::Recv]recv pkg|cmd: im_open_status.stat_hello|seq: 24817
[2016-5-5 9:36:47:582][INFO][sso_conn.cc:405][imcore::SSOConn::Recv]CURRENT 14 TIMES CALLBACK! BEFORE CALLBACK!
[2016-5-5 9:36:47:583][INFO][sso_conn.cc:407][imcore::SSOConn::Recv]CURRENT 14 TIMES CALLBACK! AFTER CALLBACK!
[2016-5-5 9:38:47:572][INFO][sso_conn.cc:327][imcore::SSOConn::Send]insert to wait_queue_|cmd: im_open_status.stat_hello|queue size: 1
[2016-5-5 9:38:47:574][INFO][sso_conn.cc:295][imcore::SSOConn::SendRemained]add req to timeout queue: im_open_status.stat_hello|seq: 24818|daedline: 2738158|now: 2733158|timeout: 5000
[2016-5-5 9:38:47:575][INFO][sso_data.cc:351][imcore::SSOData::serialize]uin = 144115197360545593 servicecmd = im_open_status.stat_hello lower = im_open_status.stat_hello
[2016-5-5 9:38:47:576][INFO][sso_conn.cc:312][imcore::SSOConn::SendRemained]send cmd: im_open_status.stat_hello|seq: 24818
[2016-5-5 9:38:47:639][INFO][sso_conn.cc:49][imcore::read_cb]read callback receive data len:128
[2016-5-5 9:38:47:640][INFO][sso_conn.cc:391][imcore::SSOConn::Recv]recv pkg|cmd: im_open_status.stat_hello|seq: 24818
[2016-5-5 9:38:47:642][INFO][sso_conn.cc:405][imcore::SSOConn::Recv]CURRENT 15 TIMES CALLBACK! BEFORE CALLBACK!
[2016-5-5 9:38:47:645][INFO][sso_conn.cc:407][imcore::SSOConn::Recv]CURRENT 15 TIMES CALLBACK! AFTER CALLBACK!
[2016-5-5 9:40:47:623][INFO][sso_conn.cc:327][imcore::SSOConn::Send]insert to wait_queue_|cmd: im_open_status.stat_hello|queue size: 1
[2016-5-5 9:40:47:625][INFO][sso_conn.cc:295][imcore::SSOConn::SendRemained]add req to timeout queue: im_open_status.stat_hello|seq: 24819|daedline: 2858205|now: 2853205|timeout: 5000
[2016-5-5 9:40:47:627][INFO][sso_data.cc:351][imcore::SSOData::serialize]uin = 144115197360545593 servicecmd = im_open_status.stat_hello lower = im_open_status.stat_hello
[2016-5-5 9:40:47:629][INFO][sso_conn.cc:312][imcore::SSOConn::SendRemained]send cmd: im_open_status.stat_hello|seq: 24819
[2016-5-5 9:40:47:678][INFO][sso_conn.cc:49][imcore::read_cb]read callback receive data len:128
[2016-5-5 9:40:47:679][INFO][sso_conn.cc:391][imcore::SSOConn::Recv]recv pkg|cmd: im_open_status.stat_hello|seq: 24819
[2016-5-5 9:40:47:680][INFO][sso_conn.cc:405][imcore::SSOConn::Recv]CURRENT 16 TIMES CALLBACK! BEFORE CALLBACK!
[2016-5-5 9:40:47:680][INFO][sso_conn.cc:407][imcore::SSOConn::Recv]CURRENT 16 TIMES CALLBACK! AFTER CALLBACK!
[2016-5-5 9:41:18:854][INFO][tim.cc:202][imcore::TIMManager::Logout]User Logout
[2016-5-5 9:41:18:855][INFO][sso_conn.cc:327][imcore::SSOConn::Send]insert to wait_queue_|cmd: im_open_status.stat_reg|queue size: 1
[2016-5-5 9:41:18:856][INFO][sso_conn.cc:295][imcore::SSOConn::SendRemained]add req to timeout queue: im_open_status.stat_reg|seq: 24820|daedline: 2889427|now: 2884427|timeout: 5000
[2016-5-5 9:41:18:857][INFO][sso_data.cc:351][imcore::SSOData::serialize]uin = 144115197360545593 servicecmd = im_open_status.stat_reg lower = im_open_status.stat_reg
[2016-5-5 9:41:18:858][INFO][sso_conn.cc:312][imcore::SSOConn::SendRemained]send cmd: im_open_status.stat_reg|seq: 24820
[2016-5-5 9:41:18:862][INFO][tim_int.cc:364][imcore::TIMIntManager::Uninit]TIMIntManager::Uninit
[2016-5-5 9:41:18:899][INFO][sso_conn.cc:49][imcore::read_cb]read callback receive data len:128
[2016-5-5 9:41:18:901][INFO][sso_conn.cc:391][imcore::SSOConn::Recv]recv pkg|cmd: im_open_status.stat_reg|seq: 24820
[2016-5-5 9:41:18:902][INFO][sso_conn.cc:405][imcore::SSOConn::Recv]CURRENT 17 TIMES CALLBACK! BEFORE CALLBACK!
[2016-5-5 9:41:18:903][INFO][tim.cc:184][imcore::TIMManager::Uninit]SDK Uninit
[2016-5-5 9:41:18:903][INFO][sso_conn.cc:407][imcore::SSOConn::Recv]CURRENT 17 TIMES CALLBACK! AFTER CALLBACK!
[2016-5-5 9:41:18:904][INFO][sso_conn.cc:819][imcore::SSOConn::set_status]conn has no callback to call! status :0
[2016-5-5 9:54:53:175][INFO][tim.cc:171][imcore::TIMManager::Init]SDK Init ~!
[2016-5-5 9:54:53:175][INFO][tim.cc:172][imcore::TIMManager::Init]SDK Version = TIMSDK:1.7:debug:drt:Mar  7 2016:17:03:56
[2016-5-5 9:54:53:175][INFO][config_store.cc:93][imcore::ConfigStore::ReadFromFile]get config from file: 
[2016-5-5 9:54:53:175][INFO][config_store.cc:94][imcore::ConfigStore::ReadFromFile]bytes_guid: "\202@p\256\370\"\274N\256\260|\306\373\342\022\333"
msg_wifi_sso_addr_list {
  rpt_tcp_sso_addr {
    bytes_ip: "61.135.157.230"
    uint32_port: 80
  }
  rpt_tcp_sso_addr {
    bytes_ip: "140.207.69.75"
    uint32_port: 8080
  }
  rpt_tcp_sso_addr {
    bytes_ip: "163.177.56.123"
    uint32_port: 8080
  }
}

[2016-5-5 9:54:53:237][INFO][tim.cc:196][imcore::TIMManager::Login]User Login
[2016-5-5 9:54:53:237][INFO][auth.cc:297][imcore::TIMAuth::Login]send sdkinit req
[2016-5-5 9:54:53:253][INFO][sso_conn.cc:327][imcore::SSOConn::Send]insert to wait_queue_|cmd: openim.pbsdkinit_emp|queue size: 1
[2016-5-5 9:54:53:300][INFO][sso_conn.cc:601][imcore::SSOConn::CheckConn]try to connect...
[2016-5-5 9:54:53:300][INFO][sso_conn.cc:156][imcore::SSOConn::Connect]connect to 61.135.157.230:80
[2016-5-5 9:54:53:300][INFO][sso_conn.cc:819][imcore::SSOConn::set_status]conn has no callback to call! status :2
[2016-5-5 9:54:53:300][INFO][http_conn.cc:282][imcore::HttpConn::ParseUrl]schema: http|host: configsvr.openmsf.3g.qq.com|port: 80|path: /configsvr/openlist.jsp|query: 
[2016-5-5 9:54:53:300][INFO][sso_conn.cc:81][imcore::conn_cb]connect done: 0
[2016-5-5 9:54:53:300][INFO][sso_conn.cc:819][imcore::SSOConn::set_status]conn has no callback to call! status :1
[2016-5-5 9:54:53:300][INFO][sso_conn.cc:295][imcore::SSOConn::SendRemained]add req to timeout queue: openim.pbsdkinit_emp|seq: 30721|daedline: 3703814|now: 3698870|timeout: 5000
[2016-5-5 9:54:53:315][INFO][sso_data.cc:351][imcore::SSOData::serialize]uin = 0 servicecmd = openim.pbsdkinit_emp lower = openim.pbsdkinit_emp
[2016-5-5 9:54:53:315][INFO][sso_conn.cc:312][imcore::SSOConn::SendRemained]send cmd: openim.pbsdkinit_emp|seq: 30721
[2016-5-5 9:54:53:409][INFO][db_http.cpp:77][imcore::HTTPRequest::encode]out_len: 295
[2016-5-5 9:54:53:440][INFO][http_conn.cc:145][imcore::on_message_begin]recv begin
[2016-5-5 9:54:53:440][INFO][http_conn.cc:154][imcore::on_message_complete]recv complete
[2016-5-5 9:54:53:440][INFO][sso_conn.cc:725][imcore::`anonymous-namespace'::<lambda2>::operator ()]UpdateSsoListByHttp get rsp
[2016-5-5 9:54:53:440][INFO][sso_conn.cc:727][imcore::`anonymous-namespace'::<lambda2>::operator ()]get sso addr: 61.135.157.230 port: 80
[2016-5-5 9:54:53:440][INFO][sso_conn.cc:727][imcore::`anonymous-namespace'::<lambda2>::operator ()]get sso addr: 140.207.69.75 port: 8080
[2016-5-5 9:54:53:456][INFO][sso_conn.cc:727][imcore::`anonymous-namespace'::<lambda2>::operator ()]get sso addr: 163.177.56.123 port: 8080
[2016-5-5 9:54:53:456][INFO][sso_conn.cc:731][imcore::`anonymous-namespace'::<lambda2>::operator ()]UpdateSsoListByHttp succ
[2016-5-5 9:54:53:456][ERROR][http_conn.cc:207][imcore::HttpConn::~HttpConn]dtor: httpconn
[2016-5-5 9:54:53:456][INFO][sso_conn.cc:49][imcore::read_cb]read callback receive data len:255
[2016-5-5 9:54:53:456][INFO][sso_conn.cc:391][imcore::SSOConn::Recv]recv pkg|cmd: openim.pbsdkinit_emp|seq: 30721
[2016-5-5 9:54:53:456][INFO][sso_conn.cc:405][imcore::SSOConn::Recv]CURRENT 1 TIMES CALLBACK! BEFORE CALLBACK!
[2016-5-5 9:54:53:456][INFO][auth.cc:309][imcore::`anonymous-namespace'::<lambda1>::operator ()]get sdkinit rsp
[2016-5-5 9:54:53:456][INFO][auth.cc:310][imcore::`anonymous-namespace'::<lambda1>::operator ()]get rsp size:176
[2016-5-5 9:54:53:456][INFO][sso_conn.cc:327][imcore::SSOConn::Send]insert to wait_queue_|cmd: im_open_status.stat_reg|queue size: 1
[2016-5-5 9:54:53:456][INFO][sso_conn.cc:407][imcore::SSOConn::Recv]CURRENT 1 TIMES CALLBACK! AFTER CALLBACK!
[2016-5-5 9:54:53:471][INFO][sso_conn.cc:295][imcore::SSOConn::SendRemained]add req to timeout queue: im_open_status.stat_reg|seq: 30722|daedline: 3704032|now: 3699032|timeout: 5000
[2016-5-5 9:54:53:471][INFO][sso_data.cc:351][imcore::SSOData::serialize]uin = 144115197360545593 servicecmd = im_open_status.stat_reg lower = im_open_status.stat_reg
[2016-5-5 9:54:53:471][INFO][sso_conn.cc:312][imcore::SSOConn::SendRemained]send cmd: im_open_status.stat_reg|seq: 30722
[2016-5-5 9:54:53:596][INFO][sso_conn.cc:49][imcore::read_cb]read callback receive data len:136
[2016-5-5 9:54:53:596][INFO][sso_conn.cc:391][imcore::SSOConn::Recv]recv pkg|cmd: im_open_status.stat_reg|seq: 30722
[2016-5-5 9:54:53:596][INFO][sso_conn.cc:405][imcore::SSOConn::Recv]CURRENT 2 TIMES CALLBACK! BEFORE CALLBACK!
[2016-5-5 9:54:53:596][INFO][auth.cc:183][imcore::`anonymous-namespace'::<lambda0>::operator ()]get stat_reg rsp
[2016-5-5 9:54:53:596][INFO][auth.cc:224][imcore::`anonymous-namespace'::<lambda0>::operator ()]login succ: 4000:1400007961:lx
[2016-5-5 9:54:53:612][INFO][auth.cc:37][imcore::CreatePicCacheDic]PicCache dic is already exists
[2016-5-5 9:54:53:612][INFO][sso_conn.cc:327][imcore::SSOConn::Send]insert to wait_queue_|cmd: IMBDH.GetKeyAndIp|queue size: 1
[2016-5-5 9:54:53:612][INFO][ctx.cc:226][imcore::IMCoreCtx::InitOpenIM]IMCoreCtx init: build-Mar  7 2016...
[2016-5-5 9:54:53:612][INFO][sso_conn.cc:407][imcore::SSOConn::Recv]CURRENT 2 TIMES CALLBACK! AFTER CALLBACK!
[2016-5-5 9:54:53:612][INFO][imcore_env.cc:157][imcore::IMCoreInitCallBack::Done]imcore init succ
[2016-5-5 9:54:53:627][INFO][sso_conn.cc:295][imcore::SSOConn::SendRemained]add req to timeout queue: IMBDH.GetKeyAndIp|seq: 30723|daedline: 3704151|now: 3699151|timeout: 5000
[2016-5-5 9:54:53:627][INFO][sso_data.cc:351][imcore::SSOData::serialize]uin = 144115197360545593 servicecmd = IMBDH.GetKeyAndIp lower = imbdh.getkeyandip
[2016-5-5 9:54:53:627][INFO][ctx.cc:273][imcore::`anonymous-namespace'::<lambda4>::operator ()]IMCoreCtx init done
[2016-5-5 9:54:53:627][INFO][msg_manager.cc:1127][imcore::`anonymous-namespace'::<lambda35>::operator ()]ClearLog begin!
[2016-5-5 9:54:53:627][INFO][sso_conn.cc:312][imcore::SSOConn::SendRemained]send cmd: IMBDH.GetKeyAndIp|seq: 30723
[2016-5-5 9:54:53:627][INFO][sso_conn.cc:327][imcore::SSOConn::Send]insert to wait_queue_|cmd: im_open_status.stat_hello|queue size: 1
[2016-5-5 9:54:53:627][INFO][msg_manager.cc:1183][imcore::`anonymous-namespace'::<lambda35>::operator ()]ClearLog end!
[2016-5-5 9:54:53:643][INFO][sso_conn.cc:295][imcore::SSOConn::SendRemained]add req to timeout queue: im_open_status.stat_hello|seq: 30725|daedline: 3704211|now: 3699211|timeout: 5000
[2016-5-5 9:54:53:643][INFO][sso_data.cc:351][imcore::SSOData::serialize]uin = 144115197360545593 servicecmd = im_open_status.stat_hello lower = im_open_status.stat_hello
[2016-5-5 9:54:53:643][INFO][sso_conn.cc:312][imcore::SSOConn::SendRemained]send cmd: im_open_status.stat_hello|seq: 30725
[2016-5-5 9:54:53:643][INFO][sso_conn.cc:49][imcore::read_cb]read callback receive data len:536
[2016-5-5 9:54:53:643][INFO][sso_conn.cc:327][imcore::SSOConn::Send]insert to wait_queue_|cmd: im_open_msg.msg_sync|queue size: 1
[2016-5-5 9:54:53:643][INFO][sso_conn.cc:391][imcore::SSOConn::Recv]recv pkg|cmd: IMBDH.GetKeyAndIp|seq: 30723
et_group_list|queue size: 2
[2016-5-5 9:54:53:659][INFO][sso_conn.cc:405][imcore::SSOConn::Recv]CURRENT 3 TIMES CALLBACK! BEFORE CALLBACK!
[2016-5-5 9:54:53:659][INFO][sso_conn.cc:407][imcore::SSOConn::Recv]CURRENT 3 TIMES CALLBACK! AFTER CALLBACK!
[2016-5-5 9:54:53:659][INFO][sso_conn.cc:295][imcore::SSOConn::SendRemained]add req to timeout queue: im_open_msg.msg_sync|seq: 30724|daedline: 3704151|now: 3699211|timeout: 5000
[2016-5-5 9:54:53:659][INFO][sso_data.cc:351][imcore::SSOData::serialize]uin = 144115197360545593 servicecmd = im_open_msg.msg_sync lower = im_open_msg.msg_sync
[2016-5-5 9:54:53:674][INFO][sso_conn.cc:312][imcore::SSOConn::SendRemained]send cmd: im_open_msg.msg_sync|seq: 30724
[2016-5-5 9:54:53:674][INFO][sso_conn.cc:295][imcore::SSOConn::SendRemained]add req to timeout queue: group_open_svc.get_group_list|seq: 30726|daedline: 3704211|now: 3699211|timeout: 5000
[2016-5-5 9:54:53:674][INFO][sso_data.cc:351][imcore::SSOData::serialize]uin = 144115197360545593 servicecmd = group_open_svc.get_group_list lower = group_open_svc.get_group_list
[2016-5-5 9:54:53:674][INFO][sso_conn.cc:312][imcore::SSOConn::SendRemained]send cmd: group_open_svc.get_group_list|seq: 30726
[2016-5-5 9:54:53:690][INFO][sso_conn.cc:49][imcore::read_cb]read callback receive data len:128
[2016-5-5 9:54:53:690][INFO][sso_conn.cc:391][imcore::SSOConn::Recv]recv pkg|cmd: im_open_status.stat_hello|seq: 30725
[2016-5-5 9:54:53:721][INFO][sso_conn.cc:405][imcore::SSOConn::Recv]CURRENT 4 TIMES CALLBACK! BEFORE CALLBACK!
[2016-5-5 9:54:53:721][INFO][sso_conn.cc:407][imcore::SSOConn::Recv]CURRENT 4 TIMES CALLBACK! AFTER CALLBACK!
[2016-5-5 9:54:53:690][INFO][tim_int.cc:350][imcore::TIMIntManager::Init]TIMIntManager::Init
[2016-5-5 9:54:53:893][INFO][sso_conn.cc:49][imcore::read_cb]read callback receive data len:248
[2016-5-5 9:54:53:893][INFO][sso_conn.cc:391][imcore::SSOConn::Recv]recv pkg|cmd: group_open_svc.get_group_list|seq: 30726
[2016-5-5 9:54:53:893][INFO][sso_conn.cc:405][imcore::SSOConn::Recv]CURRENT 5 TIMES CALLBACK! BEFORE CALLBACK!
[2016-5-5 9:54:53:893][INFO][sso_conn.cc:407][imcore::SSOConn::Recv]CURRENT 5 TIMES CALLBACK! AFTER CALLBACK!
[2016-5-5 9:54:53:893][INFO][sso_conn.cc:391][imcore::SSOConn::Recv]recv pkg|cmd: im_open_msg.msg_sync|seq: 30724
[2016-5-5 9:54:53:908][INFO][sso_conn.cc:405][imcore::SSOConn::Recv]CURRENT 6 TIMES CALLBACK! BEFORE CALLBACK!
[2016-5-5 9:54:53:908][INFO][sso_conn.cc:407][imcore::SSOConn::Recv]CURRENT 6 TIMES CALLBACK! AFTER CALLBACK!
[2016-5-5 9:54:53:908][INFO][sso_conn.cc:327][imcore::SSOConn::Send]insert to wait_queue_|cmd: im_open_msg.msg_sync|queue size: 1
[2016-5-5 9:54:53:908][INFO][sso_conn.cc:327][imcore::SSOConn::Send]insert to wait_queue_|cmd: Recentcontact.Get_PB|queue size: 2
[2016-5-5 9:54:53:908][INFO][sso_conn.cc:295][imcore::SSOConn::SendRemained]add req to timeout queue: im_open_msg.msg_sync|seq: 30727|daedline: 3704448|now: 3699448|timeout: 5000
[2016-5-5 9:54:53:908][INFO][sso_data.cc:351][imcore::SSOData::serialize]uin = 144115197360545593 servicecmd = im_open_msg.msg_sync lower = im_open_msg.msg_sync
[2016-5-5 9:54:53:908][INFO][sso_conn.cc:312][imcore::SSOConn::SendRemained]send cmd: im_open_msg.msg_sync|seq: 30727
[2016-5-5 9:54:53:908][INFO][sso_conn.cc:295][imcore::SSOConn::SendRemained]add req to timeout queue: Recentcontact.Get_PB|seq: 30728|daedline: 3704448|now: 3699448|timeout: 5000
[2016-5-5 9:54:53:924][INFO][sso_data.cc:351][imcore::SSOData::serialize]uin = 144115197360545593 servicecmd = Recentcontact.Get_PB lower = recentcontact.get_pb
[2016-5-5 9:54:53:924][INFO][sso_conn.cc:312][imcore::SSOConn::SendRemained]send cmd: Recentcontact.Get_PB|seq: 30728
[2016-5-5 9:54:53:955][INFO][sso_conn.cc:49][imcore::read_cb]read callback receive data len:104
[2016-5-5 9:54:53:971][INFO][sso_conn.cc:391][imcore::SSOConn::Recv]recv pkg|cmd: Recentcontact.Get_PB|seq: 30728
[2016-5-5 9:54:53:971][INFO][sso_conn.cc:405][imcore::SSOConn::Recv]CURRENT 7 TIMES CALLBACK! BEFORE CALLBACK!
[2016-5-5 9:54:53:971][INFO][sso_conn.cc:407][imcore::SSOConn::Recv]CURRENT 7 TIMES CALLBACK! AFTER CALLBACK!
[2016-5-5 9:54:53:971][INFO][msg_sync_task.cc:556][imcore::`anonymous-namespace'::<lambda1>::operator ()]login refresh nofity
[2016-5-5 9:54:54:173][INFO][sso_conn.cc:49][imcore::read_cb]read callback receive data len:104
[2016-5-5 9:54:54:173][INFO][sso_conn.cc:391][imcore::SSOConn::Recv]recv pkg|cmd: im_open_msg.msg_sync|seq: 30727
[2016-5-5 9:54:54:173][INFO][sso_conn.cc:405][imcore::SSOConn::Recv]CURRENT 8 TIMES CALLBACK! BEFORE CALLBACK!
[2016-5-5 9:54:54:173][INFO][imcore_env.cc:86][imcore::`anonymous-namespace'::<lambda1>::operator ()]operation don't need callback! cmd:im_open_msg.msg_sync req.seq():30727
[2016-5-5 9:54:54:173][INFO][sso_conn.cc:407][imcore::SSOConn::Recv]CURRENT 8 TIMES CALLBACK! AFTER CALLBACK!
[2016-5-5 9:54:56:295][INFO][sso_conn.cc:49][imcore::read_cb]read callback receive data len:159
[2016-5-5 9:54:56:295][INFO][sso_conn.cc:391][imcore::SSOConn::Recv]recv pkg|cmd: ConfigPushSvc.PushReq|seq: -1316788248
[2016-5-5 9:54:56:295][INFO][ctx.cc:524][imcore::IMCoreCtx::ParseSsoList]len: 77|ver: 1|mobcmd: 2|mobseq: 562259945
[2016-5-5 9:54:56:295][INFO][sso_conn.cc:518][imcore::SSOConn::Recv]recv sso push:ConfigPushSvc.PushReq
[2016-5-5 9:54:56:295][ERROR][ctx.cc:532][imcore::IMCoreCtx::ParseSsoList]ssolist rsp: 
080812120a0e36312e3133352e3135372e323330105012120a0d3134302e3230372e36392e373510903f12130a0e3136332e3137372e35362e31323310903f
[2016-5-5 9:54:56:295][INFO][sso_conn.cc:520][imcore::SSOConn::Recv]get sso addr: 61.135.157.230 port: 80
[2016-5-5 9:54:56:295][INFO][sso_conn.cc:520][imcore::SSOConn::Recv]get sso addr: 140.207.69.75 port: 8080
[2016-5-5 9:54:56:295][INFO][sso_conn.cc:520][imcore::SSOConn::Recv]get sso addr: 163.177.56.123 port: 8080
[2016-5-5 9:54:56:311][INFO][sso_conn.cc:523][imcore::SSOConn::Recv]update ssolist by push succ
[2016-5-5 9:54:58:541][INFO][sso_conn.cc:327][imcore::SSOConn::Send]insert to wait_queue_|cmd: openim.pbvideoapp|queue size: 1
[2016-5-5 9:54:58:541][INFO][sso_conn.cc:295][imcore::SSOConn::SendRemained]add req to timeout queue: openim.pbvideoapp|seq: 30729|daedline: 3709097|now: 3704097|timeout: 5000
[2016-5-5 9:54:58:541][INFO][sso_data.cc:351][imcore::SSOData::serialize]uin = 144115197360545593 servicecmd = openim.pbvideoapp lower = openim.pbvideoapp
[2016-5-5 9:54:58:541][INFO][sso_conn.cc:312][imcore::SSOConn::SendRemained]send cmd: openim.pbvideoapp|seq: 30729
[2016-5-5 9:54:58:666][INFO][sso_conn.cc:49][imcore::read_cb]read callback receive data len:272
[2016-5-5 9:54:58:666][INFO][sso_conn.cc:391][imcore::SSOConn::Recv]recv pkg|cmd: openim.pbvideoapp|seq: 30729
[2016-5-5 9:54:58:666][INFO][sso_conn.cc:405][imcore::SSOConn::Recv]CURRENT 9 TIMES CALLBACK! BEFORE CALLBACK!
[2016-5-5 9:54:58:666][INFO][sso_conn.cc:407][imcore::SSOConn::Recv]CURRENT 9 TIMES CALLBACK! AFTER CALLBACK!
[2016-5-5 9:55:5:143][INFO][tim_int.cc:295][imcore::RequestMultiVideoStreamerRelay]RequestMultiVideoStreamerRelay! opr :1
[2016-5-5 9:55:5:146][INFO][sso_conn.cc:327][imcore::SSOConn::Send]insert to wait_queue_|cmd: openim.pbvideoinfo|queue size: 1
[2016-5-5 9:55:5:148][INFO][sso_conn.cc:295][imcore::SSOConn::SendRemained]add req to timeout queue: openim.pbvideoinfo|seq: 30730|daedline: 3715696|now: 3710696|timeout: 5000
[2016-5-5 9:55:5:150][INFO][sso_data.cc:351][imcore::SSOData::serialize]uin = 144115197360545593 servicecmd = openim.pbvideoinfo lower = openim.pbvideoinfo
[2016-5-5 9:55:5:152][INFO][sso_conn.cc:312][imcore::SSOConn::SendRemained]send cmd: openim.pbvideoinfo|seq: 30730
[2016-5-5 9:55:5:253][INFO][sso_conn.cc:49][imcore::read_cb]read callback receive data len:128
[2016-5-5 9:55:5:255][INFO][sso_conn.cc:391][imcore::SSOConn::Recv]recv pkg|cmd: openim.pbvideoinfo|seq: 30730
[2016-5-5 9:55:5:256][INFO][sso_conn.cc:405][imcore::SSOConn::Recv]CURRENT 10 TIMES CALLBACK! BEFORE CALLBACK!
[2016-5-5 9:55:5:258][INFO][sso_conn.cc:407][imcore::SSOConn::Recv]CURRENT 10 TIMES CALLBACK! AFTER CALLBACK!
[2016-5-5 9:56:53:680][INFO][sso_conn.cc:327][imcore::SSOConn::Send]insert to wait_queue_|cmd: im_open_status.stat_hello|queue size: 1
[2016-5-5 9:56:53:682][INFO][sso_conn.cc:295][imcore::SSOConn::SendRemained]add req to timeout queue: im_open_status.stat_hello|seq: 30731|daedline: 3824249|now: 3819249|timeout: 5000
[2016-5-5 9:56:53:684][INFO][sso_data.cc:351][imcore::SSOData::serialize]uin = 144115197360545593 servicecmd = im_open_status.stat_hello lower = im_open_status.stat_hello
[2016-5-5 9:56:53:686][INFO][sso_conn.cc:312][imcore::SSOConn::SendRemained]send cmd: im_open_status.stat_hello|seq: 30731
[2016-5-5 9:56:53:753][INFO][sso_conn.cc:49][imcore::read_cb]read callback receive data len:128
[2016-5-5 9:56:53:757][INFO][sso_conn.cc:391][imcore::SSOConn::Recv]recv pkg|cmd: im_open_status.stat_hello|seq: 30731
[2016-5-5 9:56:53:760][INFO][sso_conn.cc:405][imcore::SSOConn::Recv]CURRENT 11 TIMES CALLBACK! BEFORE CALLBACK!
[2016-5-5 9:56:53:761][INFO][sso_conn.cc:407][imcore::SSOConn::Recv]CURRENT 11 TIMES CALLBACK! AFTER CALLBACK!
[2016-5-5 9:57:20:41][INFO][tim.cc:202][imcore::TIMManager::Logout]User Logout
[2016-5-5 9:57:20:41][INFO][sso_conn.cc:327][imcore::SSOConn::Send]insert to wait_queue_|cmd: im_open_status.stat_reg|queue size: 1
[2016-5-5 9:57:20:41][INFO][sso_conn.cc:295][imcore::SSOConn::SendRemained]add req to timeout queue: im_open_status.stat_reg|seq: 30732|daedline: 3850563|now: 3845614|timeout: 5000
[2016-5-5 9:57:20:41][INFO][sso_data.cc:351][imcore::SSOData::serialize]uin = 144115197360545593 servicecmd = im_open_status.stat_reg lower = im_open_status.stat_reg
[2016-5-5 9:57:20:41][INFO][sso_conn.cc:312][imcore::SSOConn::SendRemained]send cmd: im_open_status.stat_reg|seq: 30732
[2016-5-5 9:57:20:41][INFO][tim_int.cc:364][imcore::TIMIntManager::Uninit]TIMIntManager::Uninit
[2016-5-5 9:57:20:88][INFO][sso_conn.cc:49][imcore::read_cb]read callback receive data len:136
[2016-5-5 9:57:20:88][INFO][sso_conn.cc:391][imcore::SSOConn::Recv]recv pkg|cmd: im_open_status.stat_reg|seq: 30732
[2016-5-5 9:57:20:88][INFO][sso_conn.cc:405][imcore::SSOConn::Recv]CURRENT 12 TIMES CALLBACK! BEFORE CALLBACK!
[2016-5-5 9:57:20:88][INFO][tim.cc:184][imcore::TIMManager::Uninit]SDK Uninit
[2016-5-5 9:57:20:88][INFO][sso_conn.cc:407][imcore::SSOConn::Recv]CURRENT 12 TIMES CALLBACK! AFTER CALLBACK!
[2016-5-5 9:57:20:88][INFO][sso_conn.cc:819][imcore::SSOConn::set_status]conn has no callback to call! status :0
[2016-5-5 9:57:36:982][INFO][tim.cc:171][imcore::TIMManager::Init]SDK Init ~!
[2016-5-5 9:57:36:982][INFO][tim.cc:172][imcore::TIMManager::Init]SDK Version = TIMSDK:1.7:debug:drt:Mar  7 2016:17:03:56
[2016-5-5 9:57:36:982][INFO][config_store.cc:93][imcore::ConfigStore::ReadFromFile]get config from file: 
[2016-5-5 9:57:36:982][INFO][config_store.cc:94][imcore::ConfigStore::ReadFromFile]bytes_guid: "\202@p\256\370\"\274N\256\260|\306\373\342\022\333"
msg_wifi_sso_addr_list {
  rpt_tcp_sso_addr {
    bytes_ip: "61.135.157.230"
    uint32_port: 80
  }
  rpt_tcp_sso_addr {
    bytes_ip: "140.207.69.75"
    uint32_port: 8080
  }
  rpt_tcp_sso_addr {
    bytes_ip: "163.177.56.123"
    uint32_port: 8080
  }
}

[2016-5-5 9:57:36:982][INFO][tim.cc:196][imcore::TIMManager::Login]User Login
[2016-5-5 9:57:36:982][INFO][auth.cc:297][imcore::TIMAuth::Login]send sdkinit req
[2016-5-5 9:57:36:982][INFO][sso_conn.cc:327][imcore::SSOConn::Send]insert to wait_queue_|cmd: openim.pbsdkinit_emp|queue size: 1
[2016-5-5 9:57:37:45][INFO][sso_conn.cc:601][imcore::SSOConn::CheckConn]try to connect...
[2016-5-5 9:57:37:45][INFO][sso_conn.cc:156][imcore::SSOConn::Connect]connect to 61.135.157.230:80
[2016-5-5 9:57:37:45][INFO][sso_conn.cc:819][imcore::SSOConn::set_status]conn has no callback to call! status :2
[2016-5-5 9:57:37:45][INFO][http_conn.cc:282][imcore::HttpConn::ParseUrl]schema: http|host: configsvr.openmsf.3g.qq.com|port: 80|path: /configsvr/openlist.jsp|query: 
[2016-5-5 9:57:37:45][INFO][sso_conn.cc:81][imcore::conn_cb]connect done: 0
[2016-5-5 9:57:37:45][INFO][sso_conn.cc:819][imcore::SSOConn::set_status]conn has no callback to call! status :1
[2016-5-5 9:57:37:45][INFO][sso_conn.cc:295][imcore::SSOConn::SendRemained]add req to timeout queue: openim.pbsdkinit_emp|seq: 30733|daedline: 3867558|now: 3862613|timeout: 5000
[2016-5-5 9:57:37:45][INFO][sso_data.cc:351][imcore::SSOData::serialize]uin = 0 servicecmd = openim.pbsdkinit_emp lower = openim.pbsdkinit_emp
[2016-5-5 9:57:37:45][INFO][sso_conn.cc:312][imcore::SSOConn::SendRemained]send cmd: openim.pbsdkinit_emp|seq: 30733
[2016-5-5 9:57:37:76][INFO][db_http.cpp:77][imcore::HTTPRequest::encode]out_len: 295
[2016-5-5 9:57:37:123][INFO][http_conn.cc:145][imcore::on_message_begin]recv begin
[2016-5-5 9:57:37:123][INFO][http_conn.cc:154][imcore::on_message_complete]recv complete
[2016-5-5 9:57:37:123][INFO][sso_conn.cc:725][imcore::`anonymous-namespace'::<lambda2>::operator ()]UpdateSsoListByHttp get rsp
[2016-5-5 9:57:37:123][INFO][sso_conn.cc:727][imcore::`anonymous-namespace'::<lambda2>::operator ()]get sso addr: 61.135.157.230 port: 80
[2016-5-5 9:57:37:123][INFO][sso_conn.cc:727][imcore::`anonymous-namespace'::<lambda2>::operator ()]get sso addr: 140.207.69.75 port: 8080
[2016-5-5 9:57:37:123][INFO][sso_conn.cc:727][imcore::`anonymous-namespace'::<lambda2>::operator ()]get sso addr: 163.177.56.123 port: 8080
[2016-5-5 9:57:37:138][INFO][sso_conn.cc:731][imcore::`anonymous-namespace'::<lambda2>::operator ()]UpdateSsoListByHttp succ
[2016-5-5 9:57:37:138][ERROR][http_conn.cc:207][imcore::HttpConn::~HttpConn]dtor: httpconn
[2016-5-5 9:57:37:138][INFO][sso_conn.cc:49][imcore::read_cb]read callback receive data len:255
[2016-5-5 9:57:37:138][INFO][sso_conn.cc:391][imcore::SSOConn::Recv]recv pkg|cmd: openim.pbsdkinit_emp|seq: 30733
[2016-5-5 9:57:37:138][INFO][sso_conn.cc:405][imcore::SSOConn::Recv]CURRENT 13 TIMES CALLBACK! BEFORE CALLBACK!
[2016-5-5 9:57:37:138][INFO][auth.cc:309][imcore::`anonymous-namespace'::<lambda1>::operator ()]get sdkinit rsp
[2016-5-5 9:57:37:138][INFO][auth.cc:310][imcore::`anonymous-namespace'::<lambda1>::operator ()]get rsp size:176
[2016-5-5 9:57:37:138][INFO][sso_conn.cc:327][imcore::SSOConn::Send]insert to wait_queue_|cmd: im_open_status.stat_reg|queue size: 1
[2016-5-5 9:57:37:138][INFO][sso_conn.cc:407][imcore::SSOConn::Recv]CURRENT 13 TIMES CALLBACK! AFTER CALLBACK!
[2016-5-5 9:57:37:138][INFO][sso_conn.cc:295][imcore::SSOConn::SendRemained]add req to timeout queue: im_open_status.stat_reg|seq: 30734|daedline: 3867675|now: 3862675|timeout: 5000
[2016-5-5 9:57:37:138][INFO][sso_data.cc:351][imcore::SSOData::serialize]uin = 144115197360545593 servicecmd = im_open_status.stat_reg lower = im_open_status.stat_reg
[2016-5-5 9:57:37:154][INFO][sso_conn.cc:312][imcore::SSOConn::SendRemained]send cmd: im_open_status.stat_reg|seq: 30734
[2016-5-5 9:57:37:279][INFO][sso_conn.cc:49][imcore::read_cb]read callback receive data len:136
[2016-5-5 9:57:37:279][INFO][sso_conn.cc:391][imcore::SSOConn::Recv]recv pkg|cmd: im_open_status.stat_reg|seq: 30734
[2016-5-5 9:57:37:279][INFO][sso_conn.cc:405][imcore::SSOConn::Recv]CURRENT 14 TIMES CALLBACK! BEFORE CALLBACK!
[2016-5-5 9:57:37:279][INFO][auth.cc:183][imcore::`anonymous-namespace'::<lambda0>::operator ()]get stat_reg rsp
[2016-5-5 9:57:37:279][INFO][auth.cc:224][imcore::`anonymous-namespace'::<lambda0>::operator ()]login succ: 4000:1400007961:lx
[2016-5-5 9:57:37:279][INFO][auth.cc:37][imcore::CreatePicCacheDic]PicCache dic is already exists
[2016-5-5 9:57:37:294][INFO][ctx.cc:226][imcore::IMCoreCtx::InitOpenIM]IMCoreCtx init: build-Mar  7 2016...
ndIp|queue size: 1
[2016-5-5 9:57:37:294][INFO][sso_conn.cc:407][imcore::SSOConn::Recv]CURRENT 14 TIMES CALLBACK! AFTER CALLBACK!
[2016-5-5 9:57:37:294][INFO][imcore_env.cc:157][imcore::IMCoreInitCallBack::Done]imcore init succ
[2016-5-5 9:57:37:294][INFO][sso_conn.cc:295][imcore::SSOConn::SendRemained]add req to timeout queue: IMBDH.GetKeyAndIp|seq: 30735|daedline: 3867854|now: 3862854|timeout: 5000
[2016-5-5 9:57:37:294][INFO][ctx.cc:273][imcore::`anonymous-namespace'::<lambda4>::operator ()]IMCoreCtx init done
H.GetKeyAndIp lower = imbdh.getkeyandip
[2016-5-5 9:57:37:294][INFO][sso_conn.cc:312][imcore::SSOConn::SendRemained]send cmd: IMBDH.GetKeyAndIp|seq: 30735
[2016-5-5 9:57:37:294][INFO][msg_manager.cc:1127][imcore::`anonymous-namespace'::<lambda35>::operator ()]ClearLog begin!
[2016-5-5 9:57:37:294][INFO][sso_conn.cc:327][imcore::SSOConn::Send]insert to wait_queue_|cmd: im_open_msg.msg_sync|queue size: 1
[2016-5-5 9:57:37:310][INFO][msg_manager.cc:1183][imcore::`anonymous-namespace'::<lambda35>::operator ()]ClearLog end!
[2016-5-5 9:57:37:310][INFO][sso_conn.cc:295][imcore::SSOConn::SendRemained]add req to timeout queue: im_open_msg.msg_sync|seq: 30736|daedline: 3867854|now: 3862854|timeout: 5000
[2016-5-5 9:57:37:310][INFO][sso_data.cc:351][imcore::SSOData::serialize]uin = 144115197360545593 servicecmd = im_open_msg.msg_sync lower = im_open_msg.msg_sync
[2016-5-5 9:57:37:310][INFO][sso_conn.cc:312][imcore::SSOConn::SendRemained]send cmd: im_open_msg.msg_sync|seq: 30736
[2016-5-5 9:57:37:310][INFO][sso_conn.cc:49][imcore::read_cb]read callback receive data len:536
[2016-5-5 9:57:37:310][INFO][sso_conn.cc:391][imcore::SSOConn::Recv]recv pkg|cmd: IMBDH.GetKeyAndIp|seq: 30735
[2016-5-5 9:57:37:310][INFO][sso_conn.cc:405][imcore::SSOConn::Recv]CURRENT 15 TIMES CALLBACK! BEFORE CALLBACK!
[2016-5-5 9:57:37:310][INFO][sso_conn.cc:407][imcore::SSOConn::Recv]CURRENT 15 TIMES CALLBACK! AFTER CALLBACK!
[2016-5-5 9:57:37:310][INFO][tim_int.cc:350][imcore::TIMIntManager::Init]TIMIntManager::Init
[2016-5-5 9:57:37:310][INFO][sso_conn.cc:327][imcore::SSOConn::Send]insert to wait_queue_|cmd: group_open_svc.get_group_list|queue size: 1
[2016-5-5 9:57:37:326][INFO][sso_conn.cc:295][imcore::SSOConn::SendRemained]add req to timeout queue: group_open_svc.get_group_list|seq: 30737|daedline: 3867854|now: 3862854|timeout: 5000
[2016-5-5 9:57:37:326][INFO][sso_data.cc:351][imcore::SSOData::serialize]uin = 144115197360545593 servicecmd = group_open_svc.get_group_list lower = group_open_svc.get_group_list
[2016-5-5 9:57:37:326][INFO][sso_conn.cc:312][imcore::SSOConn::SendRemained]send cmd: group_open_svc.get_group_list|seq: 30737
[2016-5-5 9:57:37:388][INFO][sso_conn.cc:49][imcore::read_cb]read callback receive data len:128
[2016-5-5 9:57:37:388][INFO][sso_conn.cc:391][imcore::SSOConn::Recv]recv pkg|cmd: im_open_msg.msg_sync|seq: 30736
[2016-5-5 9:57:37:388][INFO][sso_conn.cc:405][imcore::SSOConn::Recv]CURRENT 16 TIMES CALLBACK! BEFORE CALLBACK!
[2016-5-5 9:57:37:388][INFO][sso_conn.cc:407][imcore::SSOConn::Recv]CURRENT 16 TIMES CALLBACK! AFTER CALLBACK!
[2016-5-5 9:57:37:388][INFO][sso_conn.cc:327][imcore::SSOConn::Send]insert to wait_queue_|cmd: im_open_msg.msg_sync|queue size: 1
[2016-5-5 9:57:37:388][INFO][sso_conn.cc:295][imcore::SSOConn::SendRemained]add req to timeout queue: im_open_msg.msg_sync|seq: 30738|daedline: 3867963|now: 3862963|timeout: 5000
[2016-5-5 9:57:37:388][INFO][sso_data.cc:351][imcore::SSOData::serialize]uin = 144115197360545593 servicecmd = im_open_msg.msg_sync lower = im_open_msg.msg_sync
[2016-5-5 9:57:37:404][INFO][sso_conn.cc:312][imcore::SSOConn::SendRemained]send cmd: im_open_msg.msg_sync|seq: 30738
[2016-5-5 9:57:37:404][INFO][sso_conn.cc:49][imcore::read_cb]read callback receive data len:120
[2016-5-5 9:57:37:404][INFO][sso_conn.cc:391][imcore::SSOConn::Recv]recv pkg|cmd: group_open_svc.get_group_list|seq: 30737
[2016-5-5 9:57:37:404][INFO][sso_conn.cc:405][imcore::SSOConn::Recv]CURRENT 17 TIMES CALLBACK! BEFORE CALLBACK!
[2016-5-5 9:57:37:404][INFO][sso_conn.cc:407][imcore::SSOConn::Recv]CURRENT 17 TIMES CALLBACK! AFTER CALLBACK!
[2016-5-5 9:57:37:404][INFO][sso_conn.cc:327][imcore::SSOConn::Send]insert to wait_queue_|cmd: Recentcontact.Get_PB|queue size: 1
[2016-5-5 9:57:37:404][INFO][sso_conn.cc:295][imcore::SSOConn::SendRemained]add req to timeout queue: Recentcontact.Get_PB|seq: 30739|daedline: 3867963|now: 3862963|timeout: 5000
[2016-5-5 9:57:37:404][INFO][sso_data.cc:351][imcore::SSOData::serialize]uin = 144115197360545593 servicecmd = Recentcontact.Get_PB lower = recentcontact.get_pb
[2016-5-5 9:57:37:404][INFO][sso_conn.cc:312][imcore::SSOConn::SendRemained]send cmd: Recentcontact.Get_PB|seq: 30739
[2016-5-5 9:57:37:450][INFO][sso_conn.cc:49][imcore::read_cb]read callback receive data len:104
[2016-5-5 9:57:37:450][INFO][sso_conn.cc:391][imcore::SSOConn::Recv]recv pkg|cmd: Recentcontact.Get_PB|seq: 30739
[2016-5-5 9:57:37:450][INFO][sso_conn.cc:405][imcore::SSOConn::Recv]CURRENT 18 TIMES CALLBACK! BEFORE CALLBACK!
[2016-5-5 9:57:37:466][INFO][msg_sync_task.cc:556][imcore::`anonymous-namespace'::<lambda1>::operator ()]login refresh nofity
[2016-5-5 9:57:37:466][INFO][sso_conn.cc:407][imcore::SSOConn::Recv]CURRENT 18 TIMES CALLBACK! AFTER CALLBACK!
[2016-5-5 9:57:37:653][INFO][sso_conn.cc:49][imcore::read_cb]read callback receive data len:104
[2016-5-5 9:57:37:653][INFO][sso_conn.cc:391][imcore::SSOConn::Recv]recv pkg|cmd: im_open_msg.msg_sync|seq: 30738
[2016-5-5 9:57:37:653][INFO][sso_conn.cc:405][imcore::SSOConn::Recv]CURRENT 19 TIMES CALLBACK! BEFORE CALLBACK!
[2016-5-5 9:57:37:653][INFO][imcore_env.cc:86][imcore::`anonymous-namespace'::<lambda1>::operator ()]operation don't need callback! cmd:im_open_msg.msg_sync req.seq():30738
[2016-5-5 9:57:37:653][INFO][sso_conn.cc:407][imcore::SSOConn::Recv]CURRENT 19 TIMES CALLBACK! AFTER CALLBACK!
[2016-5-5 9:57:38:730][INFO][sso_conn.cc:327][imcore::SSOConn::Send]insert to wait_queue_|cmd: openim.pbvideoapp|queue size: 1
[2016-5-5 9:57:38:730][INFO][sso_conn.cc:295][imcore::SSOConn::SendRemained]add req to timeout queue: openim.pbvideoapp|seq: 30740|daedline: 3869251|now: 3864301|timeout: 5000
[2016-5-5 9:57:38:730][INFO][sso_data.cc:351][imcore::SSOData::serialize]uin = 144115197360545593 servicecmd = openim.pbvideoapp lower = openim.pbvideoapp
[2016-5-5 9:57:38:730][INFO][sso_conn.cc:312][imcore::SSOConn::SendRemained]send cmd: openim.pbvideoapp|seq: 30740
[2016-5-5 9:57:38:792][INFO][sso_conn.cc:49][imcore::read_cb]read callback receive data len:272
[2016-5-5 9:57:38:792][INFO][sso_conn.cc:391][imcore::SSOConn::Recv]recv pkg|cmd: openim.pbvideoapp|seq: 30740
[2016-5-5 9:57:38:792][INFO][sso_conn.cc:405][imcore::SSOConn::Recv]CURRENT 20 TIMES CALLBACK! BEFORE CALLBACK!
[2016-5-5 9:57:38:792][INFO][sso_conn.cc:407][imcore::SSOConn::Recv]CURRENT 20 TIMES CALLBACK! AFTER CALLBACK!
[2016-5-5 9:57:40:39][INFO][sso_conn.cc:49][imcore::read_cb]read callback receive data len:159
[2016-5-5 9:57:40:41][INFO][sso_conn.cc:391][imcore::SSOConn::Recv]recv pkg|cmd: ConfigPushSvc.PushReq|seq: -1316643176
[2016-5-5 9:57:40:43][INFO][ctx.cc:524][imcore::IMCoreCtx::ParseSsoList]len: 77|ver: 1|mobcmd: 2|mobseq: 562405017
[2016-5-5 9:57:40:43][INFO][sso_conn.cc:518][imcore::SSOConn::Recv]recv sso push:ConfigPushSvc.PushReq
[2016-5-5 9:57:40:45][ERROR][ctx.cc:532][imcore::IMCoreCtx::ParseSsoList]ssolist rsp: 
080812120a0e36312e3133352e3135372e323330105012120a0d3134302e3230372e36392e373510903f12130a0e3136332e3137372e35362e31323310903f
[2016-5-5 9:57:40:45][INFO][sso_conn.cc:520][imcore::SSOConn::Recv]get sso addr: 61.135.157.230 port: 80
[2016-5-5 9:57:40:46][INFO][sso_conn.cc:520][imcore::SSOConn::Recv]get sso addr: 140.207.69.75 port: 8080
[2016-5-5 9:57:40:48][INFO][sso_conn.cc:520][imcore::SSOConn::Recv]get sso addr: 163.177.56.123 port: 8080
[2016-5-5 9:57:40:51][INFO][sso_conn.cc:523][imcore::SSOConn::Recv]update ssolist by push succ
[2016-5-5 9:57:43:368][INFO][tim_int.cc:295][imcore::RequestMultiVideoStreamerRelay]RequestMultiVideoStreamerRelay! opr :1
[2016-5-5 9:57:43:370][INFO][sso_conn.cc:327][imcore::SSOConn::Send]insert to wait_queue_|cmd: openim.pbvideoinfo|queue size: 1
[2016-5-5 9:57:43:371][INFO][sso_conn.cc:295][imcore::SSOConn::SendRemained]add req to timeout queue: openim.pbvideoinfo|seq: 30741|daedline: 3873911|now: 3868911|timeout: 5000
[2016-5-5 9:57:43:374][INFO][sso_data.cc:351][imcore::SSOData::serialize]uin = 144115197360545593 servicecmd = openim.pbvideoinfo lower = openim.pbvideoinfo
[2016-5-5 9:57:43:376][INFO][sso_conn.cc:312][imcore::SSOConn::SendRemained]send cmd: openim.pbvideoinfo|seq: 30741
[2016-5-5 9:57:43:517][INFO][sso_conn.cc:49][imcore::read_cb]read callback receive data len:128
[2016-5-5 9:57:43:519][INFO][sso_conn.cc:391][imcore::SSOConn::Recv]recv pkg|cmd: openim.pbvideoinfo|seq: 30741
[2016-5-5 9:57:43:521][INFO][sso_conn.cc:405][imcore::SSOConn::Recv]CURRENT 21 TIMES CALLBACK! BEFORE CALLBACK!
[2016-5-5 9:57:43:523][INFO][sso_conn.cc:407][imcore::SSOConn::Recv]CURRENT 21 TIMES CALLBACK! AFTER CALLBACK!
[2016-5-5 9:57:50:381][INFO][tim.cc:202][imcore::TIMManager::Logout]User Logout
[2016-5-5 9:57:50:381][INFO][sso_conn.cc:327][imcore::SSOConn::Send]insert to wait_queue_|cmd: im_open_status.stat_reg|queue size: 1
[2016-5-5 9:57:50:381][INFO][sso_conn.cc:295][imcore::SSOConn::SendRemained]add req to timeout queue: im_open_status.stat_reg|seq: 30742|daedline: 3880902|now: 3875958|timeout: 5000
[2016-5-5 9:57:50:381][INFO][sso_data.cc:351][imcore::SSOData::serialize]uin = 144115197360545593 servicecmd = im_open_status.stat_reg lower = im_open_status.stat_reg
[2016-5-5 9:57:50:381][INFO][sso_conn.cc:312][imcore::SSOConn::SendRemained]send cmd: im_open_status.stat_reg|seq: 30742
[2016-5-5 9:57:50:381][INFO][tim_int.cc:364][imcore::TIMIntManager::Uninit]TIMIntManager::Uninit
[2016-5-5 9:57:50:428][INFO][sso_conn.cc:49][imcore::read_cb]read callback receive data len:136
[2016-5-5 9:57:50:428][INFO][sso_conn.cc:391][imcore::SSOConn::Recv]recv pkg|cmd: im_open_status.stat_reg|seq: 30742
[2016-5-5 9:57:50:428][INFO][sso_conn.cc:405][imcore::SSOConn::Recv]CURRENT 22 TIMES CALLBACK! BEFORE CALLBACK!
[2016-5-5 9:57:50:443][INFO][sso_conn.cc:407][imcore::SSOConn::Recv]CURRENT 22 TIMES CALLBACK! AFTER CALLBACK!
[2016-5-5 9:57:50:443][INFO][tim.cc:184][imcore::TIMManager::Uninit]SDK Uninit
[2016-5-5 9:57:50:443][INFO][sso_conn.cc:819][imcore::SSOConn::set_status]conn has no callback to call! status :0
