[2016-4-28 13:38:41:731][INFO][tim.cc:171][imcore::TIMManager::Init]SDK Init ~!
[2016-4-28 13:38:41:775][INFO][tim.cc:172][imcore::TIMManager::Init]SDK Version = TIMSDK:1.7:debug:drt:Mar  7 2016:17:03:56
[2016-4-28 13:38:41:820][INFO][config_store.cc:93][imcore::ConfigStore::ReadFromFile]get config from file: 
[2016-4-28 13:38:41:822][INFO][config_store.cc:94][imcore::ConfigStore::ReadFromFile]bytes_guid: "\202@p\256\370\"\274N\256\260|\306\373\342\022\333"
msg_wifi_sso_addr_list {
  rpt_tcp_sso_addr {
    bytes_ip: "61.135.157.230"
    uint32_port: 80
  }
  rpt_tcp_sso_addr {
    bytes_ip: "123.151.152.102"
    uint32_port: 443
  }
  rpt_tcp_sso_addr {
    bytes_ip: "163.177.56.123"
    uint32_port: 8080
  }
  rpt_tcp_sso_addr {
    bytes_ip: "140.207.69.75"
    uint32_port: 80
  }
}

[2016-4-28 13:38:41:988][INFO][tim.cc:196][imcore::TIMManager::Login]User Login
[2016-4-28 13:38:42:0][INFO][auth.cc:297][imcore::TIMAuth::Login]send sdkinit req
[2016-4-28 13:38:42:3][INFO][sso_conn.cc:327][imcore::SSOConn::Send]insert to wait_queue_|cmd: openim.pbsdkinit_emp|queue size: 1
[2016-4-28 13:38:42:46][INFO][sso_conn.cc:601][imcore::SSOConn::CheckConn]try to connect...
[2016-4-28 13:38:42:47][INFO][sso_conn.cc:156][imcore::SSOConn::Connect]connect to 61.135.157.230:80
[2016-4-28 13:38:42:48][INFO][sso_conn.cc:819][imcore::SSOConn::set_status]conn has no callback to call! status :2
[2016-4-28 13:38:42:66][INFO][http_conn.cc:282][imcore::HttpConn::ParseUrl]schema: http|host: configsvr.openmsf.3g.qq.com|port: 80|path: /configsvr/openlist.jsp|query: 
[2016-4-28 13:38:42:72][INFO][sso_conn.cc:81][imcore::conn_cb]connect done: 0
[2016-4-28 13:38:42:87][INFO][sso_conn.cc:819][imcore::SSOConn::set_status]conn has no callback to call! status :1
[2016-4-28 13:38:42:97][INFO][sso_conn.cc:295][imcore::SSOConn::SendRemained]add req to timeout queue: openim.pbsdkinit_emp|seq: 13127|daedline: 20757499|now: 20752563|timeout: 5000
[2016-4-28 13:38:42:98][INFO][sso_data.cc:351][imcore::SSOData::serialize]uin = 0 servicecmd = openim.pbsdkinit_emp lower = openim.pbsdkinit_emp
[2016-4-28 13:38:42:108][INFO][sso_conn.cc:312][imcore::SSOConn::SendRemained]send cmd: openim.pbsdkinit_emp|seq: 13127
[2016-4-28 13:38:42:153][INFO][db_http.cpp:77][imcore::HTTPRequest::encode]out_len: 295
[2016-4-28 13:38:42:193][INFO][http_conn.cc:145][imcore::on_message_begin]recv begin
[2016-4-28 13:38:42:195][INFO][http_conn.cc:154][imcore::on_message_complete]recv complete
[2016-4-28 13:38:42:196][INFO][sso_conn.cc:725][imcore::`anonymous-namespace'::<lambda2>::operator ()]UpdateSsoListByHttp get rsp
[2016-4-28 13:38:42:197][INFO][sso_conn.cc:727][imcore::`anonymous-namespace'::<lambda2>::operator ()]get sso addr: 61.135.157.230 port: 14000
[2016-4-28 13:38:42:198][INFO][sso_conn.cc:727][imcore::`anonymous-namespace'::<lambda2>::operator ()]get sso addr: 140.207.69.75 port: 8080
[2016-4-28 13:38:42:199][INFO][sso_conn.cc:727][imcore::`anonymous-namespace'::<lambda2>::operator ()]get sso addr: 163.177.56.123 port: 8080
[2016-4-28 13:38:42:201][INFO][sso_conn.cc:731][imcore::`anonymous-namespace'::<lambda2>::operator ()]UpdateSsoListByHttp succ
[2016-4-28 13:38:42:202][ERROR][http_conn.cc:207][imcore::HttpConn::~HttpConn]dtor: httpconn
[2016-4-28 13:38:42:210][INFO][sso_conn.cc:49][imcore::read_cb]read callback receive data len:255
[2016-4-28 13:38:42:211][INFO][sso_conn.cc:391][imcore::SSOConn::Recv]recv pkg|cmd: openim.pbsdkinit_emp|seq: 13127
[2016-4-28 13:38:42:212][INFO][sso_conn.cc:405][imcore::SSOConn::Recv]CURRENT 1 TIMES CALLBACK! BEFORE CALLBACK!
[2016-4-28 13:38:42:213][INFO][auth.cc:309][imcore::`anonymous-namespace'::<lambda1>::operator ()]get sdkinit rsp
[2016-4-28 13:38:42:214][INFO][auth.cc:310][imcore::`anonymous-namespace'::<lambda1>::operator ()]get rsp size:176
[2016-4-28 13:38:42:215][INFO][sso_conn.cc:327][imcore::SSOConn::Send]insert to wait_queue_|cmd: im_open_status.stat_reg|queue size: 1
[2016-4-28 13:38:42:216][INFO][sso_conn.cc:407][imcore::SSOConn::Recv]CURRENT 1 TIMES CALLBACK! AFTER CALLBACK!
[2016-4-28 13:38:42:218][INFO][sso_conn.cc:295][imcore::SSOConn::SendRemained]add req to timeout queue: im_open_status.stat_reg|seq: 13128|daedline: 20757679|now: 20752735|timeout: 5000
[2016-4-28 13:38:42:219][INFO][sso_data.cc:351][imcore::SSOData::serialize]uin = 144115197360545593 servicecmd = im_open_status.stat_reg lower = im_open_status.stat_reg
[2016-4-28 13:38:42:220][INFO][sso_conn.cc:312][imcore::SSOConn::SendRemained]send cmd: im_open_status.stat_reg|seq: 13128
[2016-4-28 13:38:42:329][INFO][sso_conn.cc:49][imcore::read_cb]read callback receive data len:136
[2016-4-28 13:38:42:331][INFO][sso_conn.cc:391][imcore::SSOConn::Recv]recv pkg|cmd: im_open_status.stat_reg|seq: 13128
[2016-4-28 13:38:42:332][INFO][sso_conn.cc:405][imcore::SSOConn::Recv]CURRENT 2 TIMES CALLBACK! BEFORE CALLBACK!
[2016-4-28 13:38:42:333][INFO][auth.cc:183][imcore::`anonymous-namespace'::<lambda0>::operator ()]get stat_reg rsp
[2016-4-28 13:38:42:334][INFO][auth.cc:224][imcore::`anonymous-namespace'::<lambda0>::operator ()]login succ: 4000:1400007961:lx
[2016-4-28 13:38:42:361][INFO][auth.cc:37][imcore::CreatePicCacheDic]PicCache dic is already exists
[2016-4-28 13:38:42:376][INFO][ctx.cc:226][imcore::IMCoreCtx::InitOpenIM]IMCoreCtx init: build-Mar  7 2016...
[2016-4-28 13:38:42:397][INFO][sso_conn.cc:327][imcore::SSOConn::Send]insert to wait_queue_|cmd: IMBDH.GetKeyAndIp|queue size: 1
[2016-4-28 13:38:42:542][INFO][sso_conn.cc:407][imcore::SSOConn::Recv]CURRENT 2 TIMES CALLBACK! AFTER CALLBACK!
[2016-4-28 13:38:42:544][INFO][sso_conn.cc:327][imcore::SSOConn::Send]insert to wait_queue_|cmd: im_open_status.stat_hello|queue size: 2
[2016-4-28 13:38:42:545][INFO][sso_conn.cc:295][imcore::SSOConn::SendRemained]add req to timeout queue: IMBDH.GetKeyAndIp|seq: 13129|daedline: 20757838|now: 20753061|timeout: 5000
[2016-4-28 13:38:42:546][INFO][sso_data.cc:351][imcore::SSOData::serialize]uin = 144115197360545593 servicecmd = IMBDH.GetKeyAndIp lower = imbdh.getkeyandip
[2016-4-28 13:38:42:547][INFO][sso_conn.cc:312][imcore::SSOConn::SendRemained]send cmd: IMBDH.GetKeyAndIp|seq: 13129
[2016-4-28 13:38:42:548][INFO][sso_conn.cc:295][imcore::SSOConn::SendRemained]add req to timeout queue: im_open_status.stat_hello|seq: 13130|daedline: 20758061|now: 20753061|timeout: 5000
[2016-4-28 13:38:42:549][INFO][sso_data.cc:351][imcore::SSOData::serialize]uin = 144115197360545593 servicecmd = im_open_status.stat_hello lower = im_open_status.stat_hello
[2016-4-28 13:38:42:550][INFO][sso_conn.cc:312][imcore::SSOConn::SendRemained]send cmd: im_open_status.stat_hello|seq: 13130
[2016-4-28 13:38:42:553][INFO][sso_conn.cc:49][imcore::read_cb]read callback receive data len:536
[2016-4-28 13:38:42:554][INFO][sso_conn.cc:391][imcore::SSOConn::Recv]recv pkg|cmd: IMBDH.GetKeyAndIp|seq: 13129
[2016-4-28 13:38:42:555][INFO][sso_conn.cc:405][imcore::SSOConn::Recv]CURRENT 3 TIMES CALLBACK! BEFORE CALLBACK!
[2016-4-28 13:38:42:560][INFO][imcore_env.cc:157][imcore::IMCoreInitCallBack::Done]imcore init succ
[2016-4-28 13:38:42:563][INFO][ctx.cc:273][imcore::`anonymous-namespace'::<lambda4>::operator ()]IMCoreCtx init done
[2016-4-28 13:38:42:567][INFO][msg_manager.cc:1127][imcore::`anonymous-namespace'::<lambda35>::operator ()]ClearLog begin!
[2016-4-28 13:38:42:582][INFO][sso_conn.cc:327][imcore::SSOConn::Send]insert to wait_queue_|cmd: im_open_msg.msg_sync|queue size: 1
[2016-4-28 13:38:42:609][INFO][msg_manager.cc:1183][imcore::`anonymous-namespace'::<lambda35>::operator ()]ClearLog end!
[2016-4-28 13:38:42:632][INFO][sso_conn.cc:407][imcore::SSOConn::Recv]CURRENT 3 TIMES CALLBACK! AFTER CALLBACK!
[2016-4-28 13:38:42:644][INFO][sso_conn.cc:327][imcore::SSOConn::Send]insert to wait_queue_|cmd: group_open_svc.get_group_list|queue size: 2
[2016-4-28 13:38:42:753][INFO][sso_conn.cc:295][imcore::SSOConn::SendRemained]add req to timeout queue: im_open_msg.msg_sync|seq: 13131|daedline: 20758061|now: 20753270|timeout: 5000
[2016-4-28 13:38:42:755][INFO][sso_data.cc:351][imcore::SSOData::serialize]uin = 144115197360545593 servicecmd = im_open_msg.msg_sync lower = im_open_msg.msg_sync
[2016-4-28 13:38:42:757][INFO][sso_conn.cc:312][imcore::SSOConn::SendRemained]send cmd: im_open_msg.msg_sync|seq: 13131
[2016-4-28 13:38:42:758][INFO][sso_conn.cc:295][imcore::SSOConn::SendRemained]add req to timeout queue: group_open_svc.get_group_list|seq: 13132|daedline: 20758061|now: 20753270|timeout: 5000
[2016-4-28 13:38:42:759][INFO][sso_data.cc:351][imcore::SSOData::serialize]uin = 144115197360545593 servicecmd = group_open_svc.get_group_list lower = group_open_svc.get_group_list
[2016-4-28 13:38:42:760][INFO][sso_conn.cc:312][imcore::SSOConn::SendRemained]send cmd: group_open_svc.get_group_list|seq: 13132
[2016-4-28 13:38:42:770][INFO][sso_conn.cc:49][imcore::read_cb]read callback receive data len:128
[2016-4-28 13:38:42:770][INFO][tim_int.cc:350][imcore::TIMIntManager::Init]TIMIntManager::Init
[2016-4-28 13:38:42:771][INFO][sso_conn.cc:391][imcore::SSOConn::Recv]recv pkg|cmd: im_open_status.stat_hello|seq: 13130
[2016-4-28 13:38:42:772][INFO][sso_conn.cc:405][imcore::SSOConn::Recv]CURRENT 4 TIMES CALLBACK! BEFORE CALLBACK!
[2016-4-28 13:38:42:773][INFO][sso_conn.cc:407][imcore::SSOConn::Recv]CURRENT 4 TIMES CALLBACK! AFTER CALLBACK!
[2016-4-28 13:38:42:961][INFO][sso_conn.cc:49][imcore::read_cb]read callback receive data len:248
[2016-4-28 13:38:42:963][INFO][sso_conn.cc:391][imcore::SSOConn::Recv]recv pkg|cmd: group_open_svc.get_group_list|seq: 13132
[2016-4-28 13:38:42:964][INFO][sso_conn.cc:405][imcore::SSOConn::Recv]CURRENT 5 TIMES CALLBACK! BEFORE CALLBACK!
[2016-4-28 13:38:42:965][INFO][sso_conn.cc:407][imcore::SSOConn::Recv]CURRENT 5 TIMES CALLBACK! AFTER CALLBACK!
[2016-4-28 13:38:42:966][INFO][sso_conn.cc:391][imcore::SSOConn::Recv]recv pkg|cmd: im_open_msg.msg_sync|seq: 13131
[2016-4-28 13:38:42:967][INFO][sso_conn.cc:405][imcore::SSOConn::Recv]CURRENT 6 TIMES CALLBACK! BEFORE CALLBACK!
[2016-4-28 13:38:42:968][INFO][sso_conn.cc:407][imcore::SSOConn::Recv]CURRENT 6 TIMES CALLBACK! AFTER CALLBACK!
[2016-4-28 13:38:42:970][INFO][sso_conn.cc:327][imcore::SSOConn::Send]insert to wait_queue_|cmd: im_open_msg.msg_sync|queue size: 1
[2016-4-28 13:38:42:972][INFO][sso_conn.cc:295][imcore::SSOConn::SendRemained]add req to timeout queue: im_open_msg.msg_sync|seq: 13133|daedline: 20758470|now: 20753470|timeout: 5000
[2016-4-28 13:38:42:973][INFO][sso_data.cc:351][imcore::SSOData::serialize]uin = 144115197360545593 servicecmd = im_open_msg.msg_sync lower = im_open_msg.msg_sync
[2016-4-28 13:38:42:974][INFO][sso_conn.cc:312][imcore::SSOConn::SendRemained]send cmd: im_open_msg.msg_sync|seq: 13133
[2016-4-28 13:38:42:994][INFO][sso_conn.cc:327][imcore::SSOConn::Send]insert to wait_queue_|cmd: Recentcontact.Get_PB|queue size: 1
[2016-4-28 13:38:42:995][INFO][sso_conn.cc:295][imcore::SSOConn::SendRemained]add req to timeout queue: Recentcontact.Get_PB|seq: 13134|daedline: 20758470|now: 20753470|timeout: 5000
[2016-4-28 13:38:42:996][INFO][sso_data.cc:351][imcore::SSOData::serialize]uin = 144115197360545593 servicecmd = Recentcontact.Get_PB lower = recentcontact.get_pb
[2016-4-28 13:38:42:998][INFO][sso_conn.cc:312][imcore::SSOConn::SendRemained]send cmd: Recentcontact.Get_PB|seq: 13134
[2016-4-28 13:38:43:42][INFO][sso_conn.cc:49][imcore::read_cb]read callback receive data len:104
[2016-4-28 13:38:43:43][INFO][sso_conn.cc:391][imcore::SSOConn::Recv]recv pkg|cmd: Recentcontact.Get_PB|seq: 13134
[2016-4-28 13:38:43:44][INFO][sso_conn.cc:405][imcore::SSOConn::Recv]CURRENT 7 TIMES CALLBACK! BEFORE CALLBACK!
[2016-4-28 13:38:43:45][INFO][sso_conn.cc:407][imcore::SSOConn::Recv]CURRENT 7 TIMES CALLBACK! AFTER CALLBACK!
[2016-4-28 13:38:43:47][INFO][msg_sync_task.cc:556][imcore::`anonymous-namespace'::<lambda1>::operator ()]login refresh nofity
[2016-4-28 13:38:43:269][INFO][sso_conn.cc:49][imcore::read_cb]read callback receive data len:104
[2016-4-28 13:38:43:270][INFO][sso_conn.cc:391][imcore::SSOConn::Recv]recv pkg|cmd: im_open_msg.msg_sync|seq: 13133
[2016-4-28 13:38:43:271][INFO][sso_conn.cc:405][imcore::SSOConn::Recv]CURRENT 8 TIMES CALLBACK! BEFORE CALLBACK!
[2016-4-28 13:38:43:272][INFO][imcore_env.cc:86][imcore::`anonymous-namespace'::<lambda1>::operator ()]operation don't need callback! cmd:im_open_msg.msg_sync req.seq():13133
[2016-4-28 13:38:43:272][INFO][sso_conn.cc:407][imcore::SSOConn::Recv]CURRENT 8 TIMES CALLBACK! AFTER CALLBACK!
[2016-4-28 13:38:43:761][INFO][sso_conn.cc:327][imcore::SSOConn::Send]insert to wait_queue_|cmd: openim.pbvideoapp|queue size: 1
[2016-4-28 13:38:43:762][INFO][sso_conn.cc:295][imcore::SSOConn::SendRemained]add req to timeout queue: openim.pbvideoapp|seq: 13135|daedline: 20759240|now: 20754240|timeout: 5000
[2016-4-28 13:38:43:763][INFO][sso_data.cc:351][imcore::SSOData::serialize]uin = 144115197360545593 servicecmd = openim.pbvideoapp lower = openim.pbvideoapp
[2016-4-28 13:38:43:765][INFO][sso_conn.cc:312][imcore::SSOConn::SendRemained]send cmd: openim.pbvideoapp|seq: 13135
[2016-4-28 13:38:43:829][INFO][sso_conn.cc:49][imcore::read_cb]read callback receive data len:272
[2016-4-28 13:38:43:830][INFO][sso_conn.cc:391][imcore::SSOConn::Recv]recv pkg|cmd: openim.pbvideoapp|seq: 13135
[2016-4-28 13:38:43:831][INFO][sso_conn.cc:405][imcore::SSOConn::Recv]CURRENT 9 TIMES CALLBACK! BEFORE CALLBACK!
[2016-4-28 13:38:43:832][INFO][sso_conn.cc:407][imcore::SSOConn::Recv]CURRENT 9 TIMES CALLBACK! AFTER CALLBACK!
[2016-4-28 13:38:45:89][INFO][sso_conn.cc:49][imcore::read_cb]read callback receive data len:159
[2016-4-28 13:38:45:90][INFO][sso_conn.cc:391][imcore::SSOConn::Recv]recv pkg|cmd: ConfigPushSvc.PushReq|seq: -1806973452
[2016-4-28 13:38:45:91][INFO][ctx.cc:524][imcore::IMCoreCtx::ParseSsoList]len: 78|ver: 1|mobcmd: 2|mobseq: 72074741
[2016-4-28 13:38:45:92][INFO][sso_conn.cc:518][imcore::SSOConn::Recv]recv sso push:ConfigPushSvc.PushReq
[2016-4-28 13:38:45:93][ERROR][ctx.cc:532][imcore::IMCoreCtx::ParseSsoList]ssolist rsp: 
080812130a0e36312e3133352e3135372e32333010b06d12120a0d3134302e3230372e36392e373510903f12130a0e3136332e3137372e35362e31323310903f
[2016-4-28 13:38:45:94][INFO][sso_conn.cc:520][imcore::SSOConn::Recv]get sso addr: 61.135.157.230 port: 14000
[2016-4-28 13:38:45:94][INFO][sso_conn.cc:520][imcore::SSOConn::Recv]get sso addr: 140.207.69.75 port: 8080
[2016-4-28 13:38:45:96][INFO][sso_conn.cc:520][imcore::SSOConn::Recv]get sso addr: 163.177.56.123 port: 8080
[2016-4-28 13:38:45:98][INFO][sso_conn.cc:523][imcore::SSOConn::Recv]update ssolist by push succ
[2016-4-28 13:38:54:228][INFO][tim_int.cc:295][imcore::RequestMultiVideoStreamerRelay]RequestMultiVideoStreamerRelay! opr :1
[2016-4-28 13:38:54:265][INFO][sso_conn.cc:327][imcore::SSOConn::Send]insert to wait_queue_|cmd: openim.pbvideoinfo|queue size: 1
[2016-4-28 13:38:54:273][INFO][sso_conn.cc:295][imcore::SSOConn::SendRemained]add req to timeout queue: openim.pbvideoinfo|seq: 13136|daedline: 20769769|now: 20764769|timeout: 5000
[2016-4-28 13:38:54:275][INFO][sso_data.cc:351][imcore::SSOData::serialize]uin = 144115197360545593 servicecmd = openim.pbvideoinfo lower = openim.pbvideoinfo
[2016-4-28 13:38:54:276][INFO][sso_conn.cc:312][imcore::SSOConn::SendRemained]send cmd: openim.pbvideoinfo|seq: 13136
[2016-4-28 13:38:54:741][INFO][sso_conn.cc:49][imcore::read_cb]read callback receive data len:288
[2016-4-28 13:38:54:742][INFO][sso_conn.cc:391][imcore::SSOConn::Recv]recv pkg|cmd: openim.pbvideoinfo|seq: 13136
[2016-4-28 13:38:54:744][INFO][sso_conn.cc:405][imcore::SSOConn::Recv]CURRENT 10 TIMES CALLBACK! BEFORE CALLBACK!
[2016-4-28 13:38:54:745][INFO][sso_conn.cc:407][imcore::SSOConn::Recv]CURRENT 10 TIMES CALLBACK! AFTER CALLBACK!
[2016-4-28 13:40:42:577][INFO][sso_conn.cc:327][imcore::SSOConn::Send]insert to wait_queue_|cmd: im_open_status.stat_hello|queue size: 1
[2016-4-28 13:40:42:578][INFO][sso_conn.cc:295][imcore::SSOConn::SendRemained]add req to timeout queue: im_open_status.stat_hello|seq: 13137|daedline: 20878090|now: 20873090|timeout: 5000
[2016-4-28 13:40:42:579][INFO][sso_data.cc:351][imcore::SSOData::serialize]uin = 144115197360545593 servicecmd = im_open_status.stat_hello lower = im_open_status.stat_hello
[2016-4-28 13:40:42:580][INFO][sso_conn.cc:312][imcore::SSOConn::SendRemained]send cmd: im_open_status.stat_hello|seq: 13137
[2016-4-28 13:40:42:622][INFO][sso_conn.cc:49][imcore::read_cb]read callback receive data len:128
[2016-4-28 13:40:42:624][INFO][sso_conn.cc:391][imcore::SSOConn::Recv]recv pkg|cmd: im_open_status.stat_hello|seq: 13137
[2016-4-28 13:40:42:625][INFO][sso_conn.cc:405][imcore::SSOConn::Recv]CURRENT 11 TIMES CALLBACK! BEFORE CALLBACK!
[2016-4-28 13:40:42:625][INFO][sso_conn.cc:407][imcore::SSOConn::Recv]CURRENT 11 TIMES CALLBACK! AFTER CALLBACK!
[2016-4-28 13:42:42:643][INFO][sso_conn.cc:327][imcore::SSOConn::Send]insert to wait_queue_|cmd: im_open_status.stat_hello|queue size: 1
[2016-4-28 13:42:42:645][INFO][sso_conn.cc:295][imcore::SSOConn::SendRemained]add req to timeout queue: im_open_status.stat_hello|seq: 13138|daedline: 20998151|now: 20993151|timeout: 5000
[2016-4-28 13:42:42:647][INFO][sso_data.cc:351][imcore::SSOData::serialize]uin = 144115197360545593 servicecmd = im_open_status.stat_hello lower = im_open_status.stat_hello
[2016-4-28 13:42:42:649][INFO][sso_conn.cc:312][imcore::SSOConn::SendRemained]send cmd: im_open_status.stat_hello|seq: 13138
[2016-4-28 13:42:42:690][INFO][sso_conn.cc:49][imcore::read_cb]read callback receive data len:128
[2016-4-28 13:42:42:691][INFO][sso_conn.cc:391][imcore::SSOConn::Recv]recv pkg|cmd: im_open_status.stat_hello|seq: 13138
[2016-4-28 13:42:42:692][INFO][sso_conn.cc:405][imcore::SSOConn::Recv]CURRENT 12 TIMES CALLBACK! BEFORE CALLBACK!
[2016-4-28 13:42:42:694][INFO][sso_conn.cc:407][imcore::SSOConn::Recv]CURRENT 12 TIMES CALLBACK! AFTER CALLBACK!
[2016-4-28 13:44:42:692][INFO][sso_conn.cc:327][imcore::SSOConn::Send]insert to wait_queue_|cmd: im_open_status.stat_hello|queue size: 1
[2016-4-28 13:44:42:693][INFO][sso_conn.cc:295][imcore::SSOConn::SendRemained]add req to timeout queue: im_open_status.stat_hello|seq: 13139|daedline: 21118196|now: 21113196|timeout: 5000
[2016-4-28 13:44:42:695][INFO][sso_data.cc:351][imcore::SSOData::serialize]uin = 144115197360545593 servicecmd = im_open_status.stat_hello lower = im_open_status.stat_hello
[2016-4-28 13:44:42:697][INFO][sso_conn.cc:312][imcore::SSOConn::SendRemained]send cmd: im_open_status.stat_hello|seq: 13139
[2016-4-28 13:44:42:739][INFO][sso_conn.cc:49][imcore::read_cb]read callback receive data len:128
[2016-4-28 13:44:42:740][INFO][sso_conn.cc:391][imcore::SSOConn::Recv]recv pkg|cmd: im_open_status.stat_hello|seq: 13139
[2016-4-28 13:44:42:741][INFO][sso_conn.cc:405][imcore::SSOConn::Recv]CURRENT 13 TIMES CALLBACK! BEFORE CALLBACK!
[2016-4-28 13:44:42:743][INFO][sso_conn.cc:407][imcore::SSOConn::Recv]CURRENT 13 TIMES CALLBACK! AFTER CALLBACK!
[2016-4-28 13:45:58:11][INFO][sso_conn.cc:49][imcore::read_cb]read callback receive data len:264
[2016-4-28 13:45:58:12][INFO][sso_conn.cc:391][imcore::SSOConn::Recv]recv pkg|cmd: im_open_status.stat_forceoffline|seq: -1848747289
[2016-4-28 13:45:58:14][INFO][sso_conn.cc:327][imcore::SSOConn::Send]insert to wait_queue_|cmd: im_open_status.stat_forceoffline|queue size: 1
[2016-4-28 13:45:58:15][ERROR][sso_conn.cc:691][imcore::SSOConn::KickOffline]ERROR!NO ForceOffline callback register
[2016-4-28 13:45:58:17][INFO][sso_data.cc:351][imcore::SSOData::serialize]uin = 144115197360545593 servicecmd = im_open_status.stat_forceoffline lower = im_open_status.stat_forceoffline
[2016-4-28 13:45:58:19][INFO][sso_conn.cc:312][imcore::SSOConn::SendRemained]send cmd: im_open_status.stat_forceoffline|seq: 13140
[2016-4-28 13:46:42:743][INFO][sso_conn.cc:327][imcore::SSOConn::Send]insert to wait_queue_|cmd: im_open_status.stat_hello|queue size: 1
[2016-4-28 13:46:42:744][INFO][sso_conn.cc:295][imcore::SSOConn::SendRemained]add req to timeout queue: im_open_status.stat_hello|seq: 13141|daedline: 21238242|now: 21233242|timeout: 5000
[2016-4-28 13:46:42:745][INFO][sso_data.cc:351][imcore::SSOData::serialize]uin = 144115197360545593 servicecmd = im_open_status.stat_hello lower = im_open_status.stat_hello
[2016-4-28 13:46:42:746][INFO][sso_conn.cc:312][imcore::SSOConn::SendRemained]send cmd: im_open_status.stat_hello|seq: 13141
[2016-4-28 13:46:42:788][INFO][sso_conn.cc:49][imcore::read_cb]read callback receive data len:128
[2016-4-28 13:46:42:789][INFO][sso_conn.cc:391][imcore::SSOConn::Recv]recv pkg|cmd: im_open_status.stat_hello|seq: 13141
[2016-4-28 13:46:42:789][INFO][sso_conn.cc:405][imcore::SSOConn::Recv]CURRENT 14 TIMES CALLBACK! BEFORE CALLBACK!
[2016-4-28 13:46:42:790][INFO][sso_conn.cc:407][imcore::SSOConn::Recv]CURRENT 14 TIMES CALLBACK! AFTER CALLBACK!
[2016-4-28 13:47:58:776][INFO][sso_conn.cc:49][imcore::read_cb]read callback receive data len:264
[2016-4-28 13:47:58:777][INFO][sso_conn.cc:391][imcore::SSOConn::Recv]recv pkg|cmd: im_open_status.stat_forceoffline|seq: -1848744827
[2016-4-28 13:47:58:778][INFO][sso_conn.cc:327][imcore::SSOConn::Send]insert to wait_queue_|cmd: im_open_status.stat_forceoffline|queue size: 1
[2016-4-28 13:47:58:778][ERROR][sso_conn.cc:691][imcore::SSOConn::KickOffline]ERROR!NO ForceOffline callback register
[2016-4-28 13:47:58:779][INFO][sso_data.cc:351][imcore::SSOData::serialize]uin = 144115197360545593 servicecmd = im_open_status.stat_forceoffline lower = im_open_status.stat_forceoffline
[2016-4-28 13:47:58:780][INFO][sso_conn.cc:312][imcore::SSOConn::SendRemained]send cmd: im_open_status.stat_forceoffline|seq: 13142
[2016-4-28 13:48:42:778][INFO][sso_conn.cc:327][imcore::SSOConn::Send]insert to wait_queue_|cmd: im_open_status.stat_hello|queue size: 1
[2016-4-28 13:48:42:779][INFO][sso_conn.cc:295][imcore::SSOConn::SendRemained]add req to timeout queue: im_open_status.stat_hello|seq: 13143|daedline: 21358272|now: 21353272|timeout: 5000
[2016-4-28 13:48:42:780][INFO][sso_data.cc:351][imcore::SSOData::serialize]uin = 144115197360545593 servicecmd = im_open_status.stat_hello lower = im_open_status.stat_hello
[2016-4-28 13:48:42:781][INFO][sso_conn.cc:312][imcore::SSOConn::SendRemained]send cmd: im_open_status.stat_hello|seq: 13143
[2016-4-28 13:48:42:824][INFO][sso_conn.cc:49][imcore::read_cb]read callback receive data len:128
[2016-4-28 13:48:42:825][INFO][sso_conn.cc:391][imcore::SSOConn::Recv]recv pkg|cmd: im_open_status.stat_hello|seq: 13143
[2016-4-28 13:48:42:825][INFO][sso_conn.cc:405][imcore::SSOConn::Recv]CURRENT 15 TIMES CALLBACK! BEFORE CALLBACK!
[2016-4-28 13:48:42:826][INFO][sso_conn.cc:407][imcore::SSOConn::Recv]CURRENT 15 TIMES CALLBACK! AFTER CALLBACK!
[2016-4-28 13:49:58:800][INFO][sso_conn.cc:49][imcore::read_cb]read callback receive data len:264
[2016-4-28 13:49:58:801][INFO][sso_conn.cc:391][imcore::SSOConn::Recv]recv pkg|cmd: im_open_status.stat_forceoffline|seq: -1848742376
[2016-4-28 13:49:58:802][INFO][sso_conn.cc:327][imcore::SSOConn::Send]insert to wait_queue_|cmd: im_open_status.stat_forceoffline|queue size: 1
[2016-4-28 13:49:58:802][ERROR][sso_conn.cc:691][imcore::SSOConn::KickOffline]ERROR!NO ForceOffline callback register
[2016-4-28 13:49:58:803][INFO][sso_data.cc:351][imcore::SSOData::serialize]uin = 144115197360545593 servicecmd = im_open_status.stat_forceoffline lower = im_open_status.stat_forceoffline
[2016-4-28 13:49:58:804][INFO][sso_conn.cc:312][imcore::SSOConn::SendRemained]send cmd: im_open_status.stat_forceoffline|seq: 13144
[2016-4-28 13:50:4:5][INFO][tim.cc:202][imcore::TIMManager::Logout]User Logout
[2016-4-28 13:50:4:6][INFO][sso_conn.cc:327][imcore::SSOConn::Send]insert to wait_queue_|cmd: im_open_status.stat_reg|queue size: 1
[2016-4-28 13:50:4:8][INFO][sso_conn.cc:295][imcore::SSOConn::SendRemained]add req to timeout queue: im_open_status.stat_reg|seq: 13145|daedline: 21439463|now: 21434463|timeout: 5000
[2016-4-28 13:50:4:10][INFO][sso_data.cc:351][imcore::SSOData::serialize]uin = 144115197360545593 servicecmd = im_open_status.stat_reg lower = im_open_status.stat_reg
[2016-4-28 13:50:4:10][INFO][sso_conn.cc:312][imcore::SSOConn::SendRemained]send cmd: im_open_status.stat_reg|seq: 13145
[2016-4-28 13:50:4:53][INFO][sso_conn.cc:49][imcore::read_cb]read callback receive data len:136
[2016-4-28 13:50:4:53][INFO][sso_conn.cc:391][imcore::SSOConn::Recv]recv pkg|cmd: im_open_status.stat_reg|seq: 13145
[2016-4-28 13:50:4:54][INFO][sso_conn.cc:405][imcore::SSOConn::Recv]CURRENT 16 TIMES CALLBACK! BEFORE CALLBACK!
[2016-4-28 13:50:4:55][INFO][sso_conn.cc:407][imcore::SSOConn::Recv]CURRENT 16 TIMES CALLBACK! AFTER CALLBACK!
[2016-4-28 13:50:4:57][INFO][tim.cc:184][imcore::TIMManager::Uninit]SDK Uninit
[2016-4-28 13:50:4:57][INFO][sso_conn.cc:819][imcore::SSOConn::set_status]conn has no callback to call! status :0
