144115197360545593,4,2016/06/05 10:46:07.599,68,EhAQgAUY4AMwIFAAgAEBiAEBGh0IhiAQABgBIAAoADABOAFAAUgBUAFYAGAAaABwAA==
144115197360545593,3,2016/06/05 10:46:07.760,284,CjIIgH0QhiAYASCgnAEoFDAAOAFABlgBYAFoAXABeAGAAQGIAZADkAHoB5gBKKABeKgBARKdAQpRCAAQBRjgAyCABSgKMJEBOAFAHkgAUBRYFGDoB2gAcCB4AIABAJAB6AeYAegHoAECqAEBsAEAuAG8BcABigXIAdgE0AEA2AEA4AEA6AEA8AEAEkgIARABGAAgACgAMAA4AEAASABQAFgAYABoAHAAeACAAQCQAQCYAQCgAQCoAQCwAQC4AQDAAQDIAQDQAQDYAQDgAQDoAQDwAQA=
144115197360545593,1,2016/06/05 10:46:09.724,244,CO+kzroFELXklQUY8aTOugUgkvSVBSgAMAA4AEAASABQAFgAYABoAXAAeACAAQCIAYAQkAEAmAEAoAEAqAEAsAEAuAEAwAEAyAEA0gEUCAAQABgAIAAoADAAOABAAUgAUADaAVIIABAAGAAgzZu37gwoADAAOABAAEoUCAAQgAUY4AMgACgAMAA4AEAASABKEggBEAAYACAAKAAwADgAQABIAEoSCAIQABgAIAAoADAAOABAAEgA
144115197360545593,3,2016/06/05 10:46:09.743,184,CjIIgH0QhiAYASCgnAEoFDAAOAFABlgBYAFoAXABeAGAAQGIAZADkAHoB5gBKKABeKgBARJTClEIABAFGOADIIAFKAowkQE4AUAeSABQFFgUYOgHaABwIHgAgAEAkAHoB5gB6AegAQKoAQGwAQC4AbwFwAGKBcgB2ATQAQDYAQDgAQDoAQDwAQA=
144115197360545593,2,2016/06/05 10:46:09.774,156,ElgwAsudsUh4v8yPTsj589IbullTDM+l40h42C9+ZYWtfRlzFCTLgnLIcf0s/TFvRmKZwBQcbyUSpCJhOY6P6qxNDDhvELoJjdvgt6wj2LqZqu277KZKAWS7IgYIATAAOAAiBggCMAA4ACIGCAMwADgAKAE=
144115197360545593,3,2016/06/05 10:46:09.774,184,CjIIgH0QhiAYASCgnAEoFDAAOAFABlgBYAFoAXABeAGAAQGIAZADkAHoB5gBKKABeKgBARJSElAIARAFGJABIMABKAcwMjgFQB5IAFAUWBRg6AdoGnAoeACAAQCQAegHmAHoB6ABAqgBAbABALgBvAXAAYoFyAHYBNABANgBAOABAOgBAPABAA==
144115197360545593,3,2016/06/05 10:46:11.565,184,CjIIgH0QhiAYASCgnAEoFDAAOAFABlgBYAFoAXABeAGAAQGIAZADkAHoB5gBKKABeKgBARJTClEIABAFGOADIIAFKAowkQE4AUAeSABQFFgUYOgHaABwIHgAgAEAkAHoB5gB6AegAQKoAQGwAQC4AbwFwAGKBcgB2ATQAQDYAQDgAQDoAQDwAQA=
144115197360545593,1,2016/06/05 10:46:11.735,252,CPGkzroFEJL0lQUY86TOugUg7oOWBSgAMAA4AEAvSABQAFgAYABoAXAAeNcYgAHpHogBgBCQAQCYAQCgAQCoAQCwAQC4AQDAAQDIAQDSARQIABAAGAAgACgvMAA4AEABSABQANoBVAgREAAYACDNm7fuDCgvMAA4AEAAShQIABCABRjgAyAEKAAwDjgOQABIAEoUCAEQwAEYkAEgBCgAMAM4A0AASABKEggCEAAYACAAKAAwADgAQABIAA==
144115197360545593,2,2016/06/05 10:46:11.785,40,IggIATC31gQ4ACIGCAIwADgAIggIAzC7nQ44ACgB
144115197360545593,3,2016/06/05 10:46:13.622,184,CjIIgH0QhiAYASCgnAEoFDAAOAFABlgBYAFoAXABeAGAAQGIAZADkAHoB5gBKKABeKgBARJTClEIABAFGOADIIAFKA8woAE4AUAeSABQFFgUYOgHaABwIHgAgAEAkAHoB5gB6AegAQKoAQGwAQC4AbwFwAGKBcgB2ATQAQDYAQDgAQDoAQDwAQA=
144115197360545593,1,2016/06/05 10:46:13.750,252,CPOkzroFEO6DlgUY9aTOugUgy5OWBSgAMAA4AEAvSABQAFgAYABoAXAAePEhgAHsKogBgBCQAQCYAQCgAQCoAQCwAQC4AQDAAQDIAQDSARQIABAAGAAgACgvMAA4AEABSABQANoBVQiGARAAGAAgzZu37gwoLzAAOABAAEoUCAAQgAUY4AMgCCgFMGE4YUAASABKFAgBEMABGJABIAgoBzAlOCVAAEgAShIIAhAAGAAgACgAMAA4AEAASAA=
144115197360545593,3,2016/06/05 10:46:13.801,72,CjIIgH0QhiAYASCgnAEoFDAAOAFABlgBYAFoAXABeAGAAQGIAZADkAHoB5gBKKABeKgBARIA
144115197360545593,2,2016/06/05 10:46:13.802,48,CAAYACIICAEwt9YEOAAiCAgCMK7dETgAIggIAzC7nQ44ACgB
144115197360545593,3,2016/06/05 10:46:15.562,184,CjIIgH0QhiAYASCgnAEoFDAAOAFABlgBYAFoAXABeAGAAQGIAZADkAHoB5gBKKABeKgBARJTClEIABAFGOADIIAFKA8wtAE4AUAeSABQFFgUYOgHaABwIHgAgAEAkAHoB5gB6AegAQKoAQGwAQC4AbwFwAGKBcgB2ATQAQDYAQDgAQDoAQDwAQA=
144115197360545593,1,2016/06/05 10:46:15.759,252,CPWkzroFEMuTlgUY96TOugUgp6OWBSgAMAA4AEAuSABQAFgAYABoAXAAeLsegAHhJogBgBCQAQCYAQCgAQCoAQCwAQC4AQDAAQDIAQDSARQIABAAGAAgACguMAA4AEABSABQANoBVQiNARAAGAAgzZu37gwoLjAAOABAAEoUCAAQgAUY4AMgCCgIMHM4c0AASABKFAgBEMABGJABIAgoBzAaOBpAAEgAShIIAhAAGAAgACgAMAA4AEAASAA=
144115197360545593,2,2016/06/05 10:46:15.809,48,CAAYACIGCAEwADgAIggIAjCu3RE4ACIICAMwu50OOAAoAQ==
144115197360545593,3,2016/06/05 10:46:17.567,184,CjIIgH0QhiAYASCgnAEoFDAAOAFABlgBYAFoAXABeAGAAQGIAZADkAHoB5gBKKABeKgBARJTClEIABAFGOADIIAFKA8wyAE4AUAeSABQFFgUYOgHaABwIHgAgAEAkAHoB5gB6AegAQKoAQGwAQC4AbwFwAGKBcgB2ATQAQDYAQDgAQDoAQDwAQA=
144115197360545593,1,2016/06/05 10:46:17.773,252,CPekzroFEKejlgUY+aTOugUgg7OWBSgAMAA4AEAvSABQAFgAYABoAXAAeK4lgAGyKogBgBCQAQCYAQCgAQCoAQCwAQC4AQDAAQDIAQDSARQIABAAGAAgACgvMAA4AEABSABQANoBVAh3EAAYACDNm7fuDCgvMAA4AEAAShQIABCABRjgAyAIKAcwWjhaQABIAEoUCAEQwAEYkAEgCCgIMB04HUAASABKEggCEAAYACAAKAAwADgAQABIAA==
144115197360545593,2,2016/06/05 10:46:17.826,48,CAAYACIICAEw36kFOAAiCAgCMK7dETgAIggIAzCDiQ84ACgB
144115197360545593,3,2016/06/05 10:46:17.827,72,CjIIgH0QhiAYASCgnAEoFDAAOAFABlgBYAFoAXABeAGAAQGIAZADkAHoB5gBKKABeKgBARIA
144115197360545593,3,2016/06/05 10:46:19.552,184,CjIIgH0QhiAYASCgnAEoFDAAOAFABlgBYAFoAXABeAGAAQGIAZADkAHoB5gBKKABeKgBARJTClEIABAFGOADIIAFKA8w3AE4AUAeSABQFFgUYOgHaABwIHgAgAEAkAHoB5gB6AegAQKoAQGwAQC4AbwFwAGKBcgB2ATQAQDYAQDgAQDoAQDwAQA=
144115197360545593,1,2016/06/05 10:46:19.784,256,CPmkzroFEIOzlgUY+6TOugUg4MKWBSgAMAA4AEAvSABQAFgAYABoAXAAeJokgAGuJ4gBgBCQAQCYAQCgAQCoAQCwAQC4AQDAAQDIAQDSARQIABAAGAAgACgvMAA4AEABSABQANoBVwi9ARAAGAAgzZu37gwoLzAAOABAAEoWCAAQgAUY4AMgCCgEMIgBOIgBQABIAEoUCAEQwAEYkAEgCCgHMDU4NUAASABKEggCEAAYACAAKAAwADgAQABIAA==
144115197360545593,2,2016/06/05 10:46:19.836,48,CAAYACIICAEwwM8FOAAiCAgCMPXjEjgAIggIAzCj8BE4ACgB
144115197360545593,1,2016/06/05 10:46:21.797,256,CPukzroFEODClgUY/aTOugUgvNKWBSgAMAA4AEAvSABQAFgAYABoAXAAeK8igAG8JYgBgBCQAQCYAQCgAQCoAQCwAQC4AQDAAQDIAQDSARQIABAAGAAgACgvMAA4AEABSABQANoBVwj6ARAAGAAgzZu37gwoLzAAOABAAEoWCAAQgAUY4AMgCCgFMMABOMABQABIAEoUCAEQwAEYkAEgCCgIMDo4OkAASABKEggCEAAYACAAKAAwADgAQABIAA==
144115197360545593,2,2016/06/05 10:46:21.855,48,CAAYACIICAEw4PgFOAAiCAgCMKXpEzgAIggIAzCr6BI4ACgB
144115197360545593,3,2016/06/05 10:46:21.855,184,CjIIgH0QhiAYASCgnAEoFDAAOAFABlgBYAFoAXABeAGAAQGIAZADkAHoB5gBKKABeKgBARJTClEIABAFGOADIIAFKA8w8AE4AUAeSABQFFgUYOgHaABwIHgAgAEAkAHoB5gB6AegAQKoAQGwAQC4AbwFwAGKBcgB2ATQAQDYAQDgAQDoAQDwAQA=
144115197360545593,3,2016/06/05 10:46:23.561,184,CjIIgH0QhiAYASCgnAEoFDAAOAFABlgBYAFoAXABeAGAAQGIAZADkAHoB5gBKKABeKgBARJTClEIABAFGOADIIAFKA8whAI4AUAeSABQFFgUYOgHaABwIHgAgAEAkAHoB5gB6AegAQKoAQGwAQC4AbwFwAGKBcgB2ATQAQDYAQDgAQDoAQDwAQA=
144115197360545593,1,2016/06/05 10:46:23.813,256,CP2kzroFELzSlgUY/6TOugUgmeKWBSgAMAA4AEAvSABQAFgAYABoAXAAeNYogAGELYgBgBCQAQCYAQCgAQCoAQCwAQC4AQDAAQDIAQDSARQIABAAGAAgACgvMAA4AEABSABQANoBVwjfARAAGAAgzZu37gwoLzAAOABAAEoWCAAQgAUY4AMgCCgIML0BOL0BQABIAEoUCAEQwAEYkAEgCCgIMCI4IkAASABKEggCEAAYACAAKAAwADgAQABIAA==
144115197360545593,2,2016/06/05 10:46:23.862,48,CAAYACIICAEw16IGOAAiCAgCMNbuFDgAIggIAzCq4RM4ACgB
144115197360545593,3,2016/06/05 10:46:25.555,184,CjIIgH0QhiAYASCgnAEoFDAAOAFABlgBYAFoAXABeAGAAQGIAZADkAHoB5gBKKABeKgBARJTClEIABAFGOADIIAFKA8wmAI4AUAeSABQFFgUYOgHaABwIHgAgAEAkAHoB5gB6AegAQKoAQGwAQC4AbwFwAGKBcgB2ATQAQDYAQDgAQDoAQDwAQA=
144115197360545593,1,2016/06/05 10:46:25.824,256,CP+kzroFEJnilgUYgaXOugUg9fGWBSgAMAA4AEAuSABQAFgAYABoAXAAeKomgAGeL4gBgBCQAQCYAQCgAQCoAQCwAQC4AQDAAQDIAQDSARQIABAAGAAgACguMAA4AEABSABQANoBVwiBAhAAGAAgzZu37gwoLjAAOABAAEoWCAAQgAUY4AMgCCgHMOMBOOMBQABIAEoUCAEQwAEYkAEgCCgHMB44HkAASABKEggCEAAYACAAKAAwADgAQABIAA==
144115197360545593,2,2016/06/05 10:46:25.874,48,CAAYACIICAEwu80GOAAiCAgCMOD0FTgAIggIAzD22xQ4ACgB
144115197360545593,3,2016/06/05 10:46:25.874,72,CjIIgH0QhiAYASCgnAEoFDAAOAFABlgBYAFoAXABeAGAAQGIAZADkAHoB5gBKKABeKgBARIA
144115197360545593,3,2016/06/05 10:46:27.576,184,CjIIgH0QhiAYASCgnAEoFDAAOAFABlgBYAFoAXABeAGAAQGIAZADkAHoB5gBKKABeKgBARJTClEIABAFGOADIIAFKA8wrAI4AUAeSABQFFgUYOgHaABwIHgAgAEAkAHoB5gB6AegAQKoAQGwAQC4AbwFwAGKBcgB2ATQAQDYAQDgAQDoAQDwAQA=
144115197360545593,1,2016/06/05 10:46:27.836,256,CIGlzroFEPXxlgUYg6XOugUg0oGXBSgAMAA4AEAvSABQAFgAYABoAXAAeNMngAHoLIgBgBCQAQCYAQCgAQCoAQCwAQC4AQDAAQDIAQDSARQIABAAGAAgACgvMAA4AEABSABQANoBVwiqAhAAGAAgzZu37gwoLzAAOABAAEoWCAAQgAUY4AMgCCgHMPcBOPcBQABIAEoUCAEQwAEYkAEgCCgIMDM4M0AASABKEggCEAAYACAAKAAwADgAQABIAA==
144115197360545593,2,2016/06/05 10:46:27.887,48,CAAYACIICAEws/kGOAAiCAgCMJ38FjgAIggIAzC92BU4ACgB
144115197360545593,1,2016/06/05 10:46:29.848,256,CIOlzroFENKBlwUYhaXOugUgrpGXBSgAMAA4AEAuSABQAFgAYABoAXAAeMUsgAHANogBgBCQAQCYAQCgAQCoAQCwAQC4AQDAAQDIAQDSARQIABAAGAAgACguMAA4AEABSABQANoBVwiPAhAAGAAgzZu37gwoLjAAOABAAEoWCAAQgAUY4AMgCCgHMPsBOPsBQABIAEoUCAEQwAEYkAEgCCgHMBQ4FEAASABKEggCEAAYACAAKAAwADgAQABIAA==
144115197360545593,3,2016/06/05 10:46:29.899,72,CjIIgH0QhiAYASCgnAEoFDAAOAFABlgBYAFoAXABeAGAAQGIAZADkAHoB5gBKKABeKgBARIA
144115197360545593,2,2016/06/05 10:46:29.900,48,CAAYACIICAEwwaYHOAAiCAgCMMuFGDgAIggIAzCd1xY4ACgB
144115197360545593,1,2016/06/05 10:46:31.861,256,CIWlzroFEK6RlwUYh6XOugUgiqGXBSgAMAA4AEAvSABQAFgAYABoAXAAeOwogAGHLIgBgBCQAQCYAQCgAQCoAQCwAQC4AQDAAQDIAQDSARQIABAAGAAgACgvMAA4AEABSABQANoBVwixAhAAGAAgzZu37gwoLzAAOABAAEoWCAAQgAUY4AMgCCgIMJICOJICQABIAEoUCAEQwAEYkAEgCCgIMB84H0AASABKEggCEAAYACAAKAAwADgAQABIAA==
144115197360545593,2,2016/06/05 10:46:31.911,48,CAAYACIICAEwydQHOAAiCAgCMJCRGTgAIggIAzCu2Bc4ACgB
144115197360545593,1,2016/06/05 10:46:33.872,256,CIelzroFEIqhlwUYiaXOugUg57CXBSgAMAA4AEAvSABQAFgAYABoAXAAeNwlgAGyKogBgBCQAQCYAQCgAQCoAQCwAQC4AQDAAQDIAQDSARQIABAAGAAgACgvMAA4AEABSABQANoBVwirAhAAGAAgzZu37gwoLzAAOABAAEoWCAAQgAUY4AMgCCgHMIgCOIgCQABIAEoUCAEQwAEYkAEgCCgIMCM4I0AASABKEggCEAAYACAAKAAwADgAQABIAA==
144115197360545593,2,2016/06/05 10:46:33.923,48,CAAYACIICAEw8IMIOAAiCAgCMLifGjgAIggIAzCQ3Rg4ACgB
144115197360545593,3,2016/06/05 10:46:33.923,72,CjIIgH0QhiAYASCgnAEoFDAAOAJABlgBYAFoAXABeAGAAQGIAZADkAHoB5gBKKABeKgBARIA
144115197360545593,1,2016/06/05 10:46:35.884,256,CImlzroFEOewlwUYi6XOugUgw8CXBSgAMAA4AEAvSABQAFgAYABoAXAAePEjgAGmK4gBgBCQAQCYAQCgAQCoAQCwAQC4AQDAAQDIAQDSARQIABAAGAAgACgvMAA4AEABSABQANoBVwikAhAAGAAgzZu37gwoLzAAOABAAEoWCAAQgAUY4AMgCCgHMI4COI4CQABIAEoUCAEQwAEYkAEgCCgIMBY4FkAASABKEggCEAAYACAAKAAwADgAQABIAA==
144115197360545593,2,2016/06/05 10:46:35.935,48,CAAYACIICAEwxLQIOAAiCAgCMP6wGzgAIggIAzCA5Rk4ACgB
144115197360545593,1,2016/06/05 10:46:37.896,256,CIulzroFEMPAlwUYjaXOugUgoNCXBSgAMAA4AEAvSABQAFgAYABoAXAAeLMggAGoJYgBgBCQAQCYAQCgAQCoAQCwAQC4AQDAAQDIAQDSARQIABAAGAAgACgvMAA4AEABSABQANoBVwi0AhAAGAAgzZu37gwoLzAAOABAAEoWCAAQgAUY4AMgCCgIMJ8COJ8CQABIAEoUCAEQwAEYkAEgCCgHMBU4FUAASABKEggCEAAYACAAKAAwADgAQABIAA==
144115197360545593,2,2016/06/05 10:46:37.947,48,CAAYACIICAEwx+YIOAAiCAgCMI3GHDgAIggIAzCI8Ro4ACgB
144115197360545593,3,2016/06/05 10:46:37.948,72,CjIIgH0QhiAYASCowwEoFDAAOAFABlgBYAFoAXABeAGAAQGIAZADkAHoB5gBKKABeKgBARIA
144115197360545593,1,2016/06/05 10:46:39.908,256,CI2lzroFEKDQlwUYj6XOugUg/N+XBSgAMAA4AEAuSABQAFgAYABoAXAAeNIfgAGnIYgBgBCQAQCYAQCgAQCoAQCwAQC4AQDAAQDIAQDSARQIABAAGAAgACguMAA4AEABSABQANoBVwiZAhAAGAAgzZu37gwoLjAAOABAAEoWCAAQgAUY4AMgCCgHMJACOJACQABIAEoUCAEQwAEYkAEgCCgHMAk4CUAASABKEggCEAAYACAAKAAwADgAQABIAA==
144115197360545593,2,2016/06/05 10:46:39.968,48,CAAYACIICAEwx+YIOAAiCAgCMI3GHDgAIggIAzDLgBw4ACgB
144115197360545593,1,2016/06/05 10:46:41.922,256,CI+lzroFEPzflwUYkaXOugUg2O+XBSgAMAA4AEAvSABQAFgAYABoAXAAePcfgAGfJYgBgBCQAQCYAQCgAQCoAQCwAQC4AQDAAQDIAQDSARQIABAAGAAgACgvMAA4AEABSABQANoBVwijAhAAGAAgzZu37gwoLzAAOABAAEoWCAAQgAUY4AMgCCgHMI4COI4CQABIAEoUCAEQwAEYkAEgCCgHMBU4FUAASABKEggCEAAYACAAKAAwADgAQABIAA==
144115197360545593,2,2016/06/05 10:46:41.983,48,CAAYACIICAEwx+YIOAAiCAgCMKTdHTgAIggIAzDFlB04ACgB
144115197360545593,3,2016/06/05 10:46:41.984,72,CjIIgH0QhiAYASCowwEoFDAAOAJABlgBYAFoAXABeAGAAQGIAZADkAHoB5gBKKABeKgBARIA
144115197360545593,1,2016/06/05 10:46:43.934,256,CJGlzroFENjvlwUYk6XOugUgtf+XBSgAMAA4AEAvSABQAFgAYABoAXAAeKQegAGjI4gBgBCQAQCYAQCgAQCoAQCwAQC4AQDAAQDIAQDSARQIABAAGAAgACgvMAA4AEABSABQANoBVwimAhAAGAAgzZu37gwoLzAAOABAAEoWCAAQgAUY4AMgCCgHMJECOJECQABIAEoUCAEQwAEYkAEgCCgHMBU4FUAASABKEggCEAAYACAAKAAwADgAQABIAA==
144115197360545593,2,2016/06/05 10:46:43.985,48,CAAYACIICAEwx+YIOAAiCAgCMNL4HjgAIggIAzDFlB04ACgB
144115197360545593,1,2016/06/05 10:46:45.947,256,CJOlzroFELX/lwUYlaXOugUgkY+YBSgAMAA4AEAvSABQAFgAYABoAXAAeMQlgAH8K4gBgBCQAQCYAQCgAQCoAQCwAQC4AQDAAQDIAQDSARQIABAAGAAgACgvMAA4AEABSABQANoBVwiWAhAAGAAgzZu37gwoLzAAOABAAEoWCAAQgAUY4AMgCCgHMIECOIECQABIAEoUCAEQwAEYkAEgCCgHMBU4FUAASABKEggCEAAYACAAKAAwADgAQABIAA==
144115197360545593,2,2016/06/05 10:46:45.998,48,CAAYACIICAEwx+YIOAAiCAgCMNL4HjgAIggIAzCOqx44ACgB
144115197360545593,3,2016/06/05 10:46:45.999,72,CjIIgH0QhiAYASCw6gEoFDAAOAFABlgBYAFoAXABeAGAAQGIAZADkAHoB5gBKKABeKgBARIA
144115197360545593,1,2016/06/05 10:46:47.964,256,CJWlzroFEJGPmAUYl6XOugUg7p6YBSgAMAA4AEAvSABQAFgAYABoAXAAeMImgAGeKogBgBCQAQCYAQCgAQCoAQCwAQC4AQDAAQDIAQDSARQIABAAGAAgACgvMAA4AEABSABQANoBVwixAhAAGAAgzZu37gwoLzAAOABAAEoWCAAQgAUY4AMgCCgIMJ0COJ0CQABIAEoUCAEQwAEYkAEgCCgIMBQ4FEAASABKEggCEAAYACAAKAAwADgAQABIAA==
144115197360545593,2,2016/06/05 10:46:48.014,48,CAAYACIICAEwx+YIOAAiCAgCMNL4HjgAIggIAzD/xh84ACgB
144115197360545593,1,2016/06/05 10:46:49.973,256,CJelzroFEO6emAUYmaXOugUgyq6YBSgAMAA4AEAuSABQAFgAYABoAXAAePojgAHwKIgBgBCQAQCYAQCgAQCoAQCwAQC4AQDAAQDIAQDSARQIABAAGAAgACguMAA4AEABSABQANoBVwibAhAAGAAgzZu37gwoLjAAOABAAEoWCAAQgAUY4AMgCCgHMJECOJECQABIAEoUCAEQwAEYkAEgCCgHMAo4CkAASABKEggCEAAYACAAKAAwADgAQABIAA==
144115197360545593,2,2016/06/05 10:46:50.025,48,CAAYACIICAEwx+YIOAAiCAgCMIuWIDgAIggIAzC16CA4ACgB
144115197360545593,1,2016/06/05 10:46:51.983,256,CJmlzroFEMqumAUYm6XOugUgpr6YBSgAMAA4AEAvSABQAFgAYABoAXAAeLktgAGaMYgBgBCQAQCYAQCgAQCoAQCwAQC4AQDAAQDIAQDSARQIABAAGAAgACgvMAA4AEABSABQANoBVwilAhAAGAAgzZu37gwoLzAAOABAAEoWCAAQgAUY4AMgCCgHMJACOJACQABIAEoUCAEQwAEYkAEgCCgHMBU4FUAASABKEggCEAAYACAAKAAwADgAQABIAA==
144115197360545593,2,2016/06/05 10:46:52.035,48,CAAYACIICAEwx+YIOAAiCAgCMIuWIDgAIggIAzC0jiI4ACgB
144115197360545593,1,2016/06/05 10:46:53.997,256,CJulzroFEKa+mAUYnaXOugUgg86YBSgAMAA4AEAvSABQAFgAYABoAXAAePkpgAHBLIgBgBCQAQCYAQCgAQCoAQCwAQC4AQDAAQDIAQDSARQIABAAGAAgACgvMAA4AEABSABQANoBVwijAhAAGAAgzZu37gwoLzAAOABAAEoWCAAQgAUY4AMgCCgHMI4COI4CQABIAEoUCAEQwAEYkAEgCCgHMBU4FUAASABKEggCEAAYACAAKAAwADgAQABIAA==
144115197360545593,2,2016/06/05 10:46:54.047,48,CAAYACIICAEwx+YIOAAiCAgCMIuWIDgAIggIAzD/uSM4ACgB
144115197360545593,1,2016/06/05 10:46:56.009,256,CJ2lzroFEIPOmAUYoKXOugUg392YBSgAMAA4AEAvSABQAFgAYABoAXAAeIIsgAGlNYgBgBCQAQCYAQCgAQCoAQCwAQC4AQDAAQDIAQDSARQIABAAGAAgACgvMAA4AEABSABQANoBVwimAhAAGAAgzZu37gwoLzAAOABAAEoWCAAQgAUY4AMgCCgHMJACOJACQABIAEoUCAEQwAEYkAEgCCgHMBY4FkAASABKEggCEAAYACAAKAAwADgAQABIAA==
144115197360545593,2,2016/06/05 10:46:56.062,48,CAAYACIICAEwx+YIOAAiCAgCMIuWIDgAIggIAzCK6yQ4ACgB
144115197360545593,1,2016/06/05 10:46:58.022,256,CKClzroFEN/dmAUYoqXOugUgvO2YBSgAMAA4AEAvSABQAFgAYABoAXAAeNoggAGaLIgBgBCQAQCYAQCgAQCoAQCwAQC4AQDAAQDIAQDSARQIABAAGAAgACgvMAA4AEABSABQANoBVwihAhAAGAAgzZu37gwoLzAAOABAAEoWCAAQgAUY4AMgCCgHMJACOJACQABIAEoUCAEQwAEYkAEgCCgHMBE4EUAASABKEggCEAAYACAAKAAwADgAQABIAA==
144115197360545593,2,2016/06/05 10:46:58.074,48,CAAYACIICAEwx+YIOAAiCAgCMIuWIDgAIggIAzC6oiY4ACgB
144115197360545593,1,2016/06/05 10:47:00.035,256,CKKlzroFELztmAUYpKXOugUgmP2YBSgAMAA4AEAvSABQAFgAYABoAXAAeIIkgAHrNIgBgBCQAQCYAQCgAQCoAQCwAQC4AQDAAQDIAQDSARQIABAAGAAgACgvMAA4AEABSABQANoBVwioAhAAGAAgzZu37gwoLzAAOABAAEoWCAAQgAUY4AMgCCgHMI8COI8CQABIAEoUCAEQwAEYkAEgCCgHMBk4GUAASABKEggCEAAYACAAKAAwADgAQABIAA==
144115197360545593,2,2016/06/05 10:47:00.088,48,CAAYACIICAEwx+YIOAAiCAgCMIuWIDgAIggIAzC6oiY4ACgB
144115197360545593,1,2016/06/05 10:47:02.045,256,CKSlzroFEJj9mAUYpqXOugUg9YyZBSgAMAA4AEAvSABQAFgAYABoAXAAeKwcgAHsKogBgBCQAQCYAQCgAQCoAQCwAQC4AQDAAQDIAQDSARQIABAAGAAgACgvMAA4AEABSABQANoBVwidAhAAGAAgzZu37gwoLzAAOABAAEoWCAAQgAUY4AMgCCgHMIICOIICQABIAEoUCAEQwAEYkAEgCCgHMBs4G0AASABKEggCEAAYACAAKAAwADgAQABIAA==
144115197360545593,2,2016/06/05 10:47:02.096,48,CAAYACIICAEwx+YIOAAiCAgCMIm1ITgAIggIAzCx3yc4ACgB
144115197360545593,1,2016/06/05 10:47:04.060,256,CKalzroFEPWMmQUYqKXOugUg0ZyZBSgAMAA4AEAuSABQAFgAYABoAXAAeLchgAHFKogBgBCQAQCYAQCgAQCoAQCwAQC4AQDAAQDIAQDSARQIABAAGAAgACguMAA4AEABSABQANoBVwi6AhAAGAAgzZu37gwoLjAAOABAAEoWCAAQgAUY4AMgCCgIMJ8COJ8CQABIAEoUCAEQwAEYkAEgCCgHMBs4G0AASABKEggCEAAYACAAKAAwADgAQABIAA==
144115197360545593,2,2016/06/05 10:47:04.112,48,CAAYACIICAEwx+YIOAAiCAgCMIm1ITgAIggIAzCx3yc4ACgB
144115197360545593,1,2016/06/05 10:47:06.086,256,CKilzroFENGcmQUYqqXOugUgrayZBSgAMAA4AEAvSABQAFgAYABoAXAAeIQjgAHoLIgBgBCQAQCYAQCgAQCoAQCwAQC4AQDAAQDIAQDSARQIABAAGAAgACgvMAA4AEABSABQANoBVwijAhAAGAAgzZu37gwoLzAAOABAAEoWCAAQgAUY4AMgCCgHMI8COI8CQABIAEoUCAEQwAEYkAEgCCgIMBQ4FEAASABKEggCEAAYACAAKAAwADgAQABIAA==
144115197360545593,2,2016/06/05 10:47:06.136,48,CAAYACIICAEwx+YIOAAiCAgCMIm1ITgAIggIAzCx3yc4ACgB
144115197360545593,1,2016/06/05 10:47:08.099,256,CKqlzroFEK2smQUYrKXOugUgmbyZBSgAMAA4AEA/SABQAFgAYABoAXAAePMhgAG7KYgBgBCQAQCYAQCgAQCoAQCwAQC4AQDAAQDIAQDSARQIABAAGAAgACg/MAA4AEABSABQANoBVwiuAhAAGAAgzZu37gwoPzAAOABAAEoWCAAQgAUY4AMgCCgHMJACOJACQABIAEoUCAEQwAEYkAEgCCgHMB44HkAASABKEggCEAAYACAAKAAwADgAQABIAA==
144115197360545593,2,2016/06/05 10:47:08.149,48,CAAYACIICAEwx+YIOAAiCAgCMMrYIjgAIggIAzCx3yc4ACgB
144115197360545593,1,2016/06/05 10:47:10.111,256,CKylzroFEJm8mQUYrqXOugUg9suZBSgAMAA4AEAvSABQAFgAYABoAXAAeP4lgAGmMIgBgBCQAQCYAQCgAQCoAQCwAQC4AQDAAQDIAQDSARQIABAAGAAgACgvMAA4AEABSABQANoBVwibAhAAGAAgzZu37gwoLzAAOABAAEoWCAAQgAUY4AMgCCgHMP8BOP8BQABIAEoUCAEQwAEYkAEgCCgHMBw4HEAASABKEggCEAAYACAAKAAwADgAQABIAA==
144115197360545593,2,2016/06/05 10:47:10.162,48,CAAYACIICAEwx+YIOAAiCAgCMMrYIjgAIggIAzDToCk4ACgB
144115197360545593,1,2016/06/05 10:47:12.124,256,CK6lzroFEPbLmQUYsKXOugUg0tuZBSgAMAA4AEAvSABQAFgAYABoAXAAeLkhgAHFKogBgBCQAQCYAQCgAQCoAQCwAQC4AQDAAQDIAQDSARQIABAAGAAgACgvMAA4AEABSABQANoBVwioAhAAGAAgzZu37gwoLzAAOABAAEoWCAAQgAUY4AMgCCgHMI4COI4CQABIAEoUCAEQwAEYkAEgCCgHMBo4GkAASABKEggCEAAYACAAKAAwADgAQABIAA==
144115197360545593,2,2016/06/05 10:47:12.177,48,CAAYACIICAEwx+YIOAAiCAgCMMrYIjgAIggIAzDToCk4ACgB
144115197360545593,1,2016/06/05 10:47:14.135,256,CLClzroFENLbmQUYsqXOugUgr+uZBSgAMAA4AEAvSABQAFgAYABoAXAAeJ4dgAGQI4gBgBCQAQCYAQCgAQCoAQCwAQC4AQDAAQDIAQDSARQIABAAGAAgACgvMAA4AEABSABQANoBVwicAhAAGAAgzZu37gwoLzAAOABAAEoWCAAQgAUY4AMgCCgHMJACOJACQABIAEoUCAEQwAEYkAEgCCgHMAw4DEAASABKEggCEAAYACAAKAAwADgAQABIAA==
144115197360545593,2,2016/06/05 10:47:14.185,48,CAAYACIICAEwx+YIOAAiCAgCMJGBJDgAIggIAzDToCk4ACgB
144115197360545593,1,2016/06/05 10:47:16.149,256,CLKlzroFEK/rmQUYtKXOugUgi/uZBSgAMAA4AEAuSABQAFgAYABoAXAAeJAjgAG5MIgBgBCQAQCYAQCgAQCoAQCwAQC4AQDAAQDIAQDSARQIABAAGAAgACguMAA4AEABSABQANoBVwisAhAAGAAgzZu37gwoLjAAOABAAEoWCAAQgAUY4AMgCCgHMJACOJACQABIAEoUCAEQwAEYkAEgCCgHMBw4HEAASABKEggCEAAYACAAKAAwADgAQABIAA==
144115197360545593,2,2016/06/05 10:47:16.203,48,CAAYACIICAEwx+YIOAAiCAgCMJGBJDgAIggIAzDToCk4ACgB
144115197360545593,1,2016/06/05 10:47:18.162,256,CLSlzroFEIv7mQUYtqXOugUg54qaBSgAMAA4AEAvSABQAFgAYABoAXAAePEhgAHrOYgBgBCQAQCYAQCgAQCoAQCwAQC4AQDAAQDIAQDSARQIABAAGAAgACgvMAA4AEABSABQANoBVwicAhAAGAAgzZu37gwoLzAAOABAAEoWCAAQgAUY4AMgCCgHMPwBOPwBQABIAEoUCAEQwAEYkAEgCCgHMCA4IEAASABKEggCEAAYACAAKAAwADgAQABIAA==
144115197360545593,2,2016/06/05 10:47:18.215,48,CAAYACIICAEwx+YIOAAiCAgCMJGBJDgAIggIAzDToCk4ACgB
144115197360545593,1,2016/06/05 10:47:20.173,256,CLalzroFEOeKmgUYuKXOugUgxJqaBSgAMAA4AEAvSABQAFgAYABoAXAAeP8YgAGcIYgBgBCQAQCYAQCgAQCoAQCwAQC4AQDAAQDIAQDSARQIABAAGAAgACgvMAA4AEABSABQANoBVwjDAhAAGAAgzZu37gwoLzAAOABAAEoWCAAQgAUY4AMgCCgIMKUCOKUCQABIAEoUCAEQwAEYkAEgCCgHMB44HkAASABKEggCEAAYACAAKAAwADgAQABIAA==
144115197360545593,2,2016/06/05 10:47:20.225,48,CAAYACIICAEwx+YIOAAiCAgCMISvJTgAIggIAzDToCk4ACgB
144115197360545593,1,2016/06/05 10:47:22.186,256,CLilzroFEMSamgUYuqXOugUgoKqaBSgAMAA4AEAvSABQAFgAYABoAXAAeNkWgAGGG4gBgBCQAQCYAQCgAQCoAQCwAQC4AQDAAQDIAQDSARQIABAAGAAgACgvMAA4AEABSABQANoBVwiiAhAAGAAgzZu37gwoLzAAOABAAEoWCAAQgAUY4AMgCCgHMJACOJACQABIAEoUCAEQwAEYkAEgCCgHMBI4EkAASABKEggCEAAYACAAKAAwADgAQABIAA==
144115197360545593,2,2016/06/05 10:47:22.237,48,CAAYACIICAEwx+YIOAAiCAgCMISvJTgAIggIAzDToCk4ACgB
144115197360545593,1,2016/06/05 10:47:24.200,256,CLqlzroFEKCqmgUYvKXOugUg/bmaBSgAMAA4AEAvSABQAFgAYABoAXAAeNsZgAHLJ4gBgBCQAQCYAQCgAQCoAQCwAQC4AQDAAQDIAQDSARQIABAAGAAgACgvMAA4AEABSABQANoBVwipAhAAGAAgzZu37gwoLzAAOABAAEoWCAAQgAUY4AMgCCgHMI4COI4CQABIAEoUCAEQwAEYkAEgCCgIMBs4G0AASABKEggCEAAYACAAKAAwADgAQABIAA==
144115197360545593,2,2016/06/05 10:47:24.254,48,CAAYACIICAEwx+YIOAAiCAgCMISvJTgAIggIAzDToCk4ACgB
144115197360545593,1,2016/06/05 10:47:26.212,256,CLylzroFEP25mgUYvqXOugUg2cmaBSgAMAA4AEAuSABQAFgAYABoAXAAeL0hgAG/KIgBgBCQAQCYAQCgAQCoAQCwAQC4AQDAAQDIAQDSARQIABAAGAAgACguMAA4AEABSABQANoBVwiYAhAAGAAgzZu37gwoLjAAOABAAEoWCAAQgAUY4AMgCCgHMP4BOP4BQABIAEoUCAEQwAEYkAEgCCgHMBo4GkAASABKEggCEAAYACAAKAAwADgAQABIAA==
144115197360545593,2,2016/06/05 10:47:26.262,48,CAAYACIICAEwx+YIOAAiCAgCMISvJTgAIggIAzDToCk4ACgB
144115197360545593,1,2016/06/05 10:47:28.227,256,CL6lzroFENnJmgUYwKXOugUgttmaBSgAMAA4AEAvSABQAFgAYABoAXAAeLkhgAGSNYgBgBCQAQCYAQCgAQCoAQCwAQC4AQDAAQDIAQDSARQIABAAGAAgACgvMAA4AEABSABQANoBVwjBAhAAGAAgzZu37gwoLzAAOABAAEoWCAAQgAUY4AMgCCgIMKMCOKMCQABIAEoUCAEQwAEYkAEgCCgIMB44HkAASABKEggCEAAYACAAKAAwADgAQABIAA==
144115197360545593,2,2016/06/05 10:47:28.279,48,CAAYACIICAEwx+YIOAAiCAgCMISvJTgAIggIAzDToCk4ACgB
144115197360545593,1,2016/06/05 10:47:30.234,256,CMClzroFELbZmgUYwqXOugUgkumaBSgAMAA4AEAuSABQAFgAYABoAXAAeKAdgAHsL4gBgBCQAQCYAQCgAQCoAQCwAQC4AQDAAQDIAQDSARQIABAAGAAgACguMAA4AEABSABQANoBVwijAhAAGAAgzZu37gwoLjAAOABAAEoWCAAQgAUY4AMgCCgHMI4COI4CQABIAEoUCAEQwAEYkAEgCCgHMBU4FUAASABKEggCEAAYACAAKAAwADgAQABIAA==
144115197360545593,2,2016/06/05 10:47:30.286,48,CAAYACIICAEwx+YIOAAiCAgCMISvJTgAIggIAzDToCk4ACgB
144115197360545593,1,2016/06/05 10:47:32.249,256,CMKlzroFEJLpmgUYxKXOugUg7viaBSgAMAA4AEAvSABQAFgAYABoAXAAeIQigAGjKIgBgBCQAQCYAQCgAQCoAQCwAQC4AQDAAQDIAQDSARQIABAAGAAgACgvMAA4AEABSABQANoBVwicAhAAGAAgzZu37gwoLzAAOABAAEoWCAAQgAUY4AMgCCgHMJECOJECQABIAEoUCAEQwAEYkAEgCCgHMAs4C0AASABKEggCEAAYACAAKAAwADgAQABIAA==
144115197360545593,2,2016/06/05 10:47:32.299,48,CAAYACIICAEwx+YIOAAiCAgCMISvJTgAIggIAzDToCk4ACgB
144115197360545593,1,2016/06/05 10:47:34.260,256,CMSlzroFEO74mgUYxqXOugUgy4ibBSgAMAA4AEAvSABQAFgAYABoAXAAeIMhgAHhJogBgBCQAQCYAQCgAQCoAQCwAQC4AQDAAQDIAQDSARQIABAAGAAgACgvMAA4AEABSABQANoBVwilAhAAGAAgzZu37gwoLzAAOABAAEoWCAAQgAUY4AMgCCgHMJACOJACQABIAEoUCAEQwAEYkAEgCCgHMBU4FUAASABKEggCEAAYACAAKAAwADgAQABIAA==
144115197360545593,2,2016/06/05 10:47:34.324,48,CAAYACIICAEwx+YIOAAiCAgCMISvJTgAIggIAzDToCk4ACgB
144115197360545593,1,2016/06/05 10:47:36.274,256,CMalzroFEMuImwUYyKXOugUgp5ibBSgAMAA4AEA+SABQAFgAYABoAXAAeIEfgAG9M4gBgBCQAQCYAQCgAQCoAQCwAQC4AQDAAQDIAQDSARQIABAAGAAgACg+MAA4AEABSABQANoBVwiQAhAAGAAgzZu37gwoPjAAOABAAEoWCAAQgAUY4AMgCCgHMPwBOPwBQABIAEoUCAEQwAEYkAEgCCgHMBQ4FEAASABKEggCEAAYACAAKAAwADgAQABIAA==
144115197360545593,2,2016/06/05 10:47:36.324,48,CAAYACIICAEwx+YIOAAiCAgCMISvJTgAIggIAzDToCk4ACgB
144115197360545593,1,2016/06/05 10:47:38.285,256,CMilzroFEKeYmwUYyqXOugUghKibBSgAMAA4AEAvSABQAFgAYABoAXAAeMEVgAHKHYgBgBCQAQCYAQCgAQCoAQCwAQC4AQDAAQDIAQDSARQIABAAGAAgACgvMAA4AEABSABQANoBVwi6AhAAGAAgzZu37gwoLzAAOABAAEoWCAAQgAUY4AMgCCgIMKUCOKUCQABIAEoUCAEQwAEYkAEgCCgHMBU4FUAASABKEggCEAAYACAAKAAwADgAQABIAA==
144115197360545593,2,2016/06/05 10:47:38.339,48,CAAYACIICAEwx+YIOAAiCAgCMISvJTgAIggIAzDToCk4ACgB
144115197360545593,1,2016/06/05 10:47:40.299,256,CMqlzroFEISomwUYzKXOugUg4LebBSgAMAA4AEAuSABQAFgAYABoAXAAeLUZgAHoI4gBgBCQAQCYAQCgAQCoAQCwAQC4AQDAAQDIAQDSARQIABAAGAAgACguMAA4AEABSABQANoBVwiNAhAAGAAgzZu37gwoLjAAOABAAEoWCAAQgAUY4AMgCCgHMPwBOPwBQABIAEoUCAEQwAEYkAEgCCgHMBE4EUAASABKEggCEAAYACAAKAAwADgAQABIAA==
144115197360545593,2,2016/06/05 10:47:40.350,48,CAAYACIICAEwx+YIOAAiCAgCMISvJTgAIggIAzDToCk4ACgB
144115197360545593,1,2016/06/05 10:47:42.311,256,CMylzroFEOC3mwUYzqXOugUgvMebBSgAMAA4AEAvSABQAFgAYABoAXAAeIkigAHMOogBgBCQAQCYAQCgAQCoAQCwAQC4AQDAAQDIAQDSARQIABAAGAAgACgvMAA4AEABSABQANoBVwijAhAAGAAgzZu37gwoLzAAOABAAEoWCAAQgAUY4AMgCCgHMI4COI4CQABIAEoUCAEQwAEYkAEgCCgHMBU4FUAASABKEggCEAAYACAAKAAwADgAQABIAA==
144115197360545593,2,2016/06/05 10:47:42.364,48,CAAYACIICAEwx+YIOAAiCAgCMISvJTgAIggIAzDToCk4ACgB
144115197360545593,1,2016/06/05 10:47:44.322,256,CM6lzroFELzHmwUY0KXOugUgmdebBSgAMAA4AEAvSABQAFgAYABoAXAAeNodgAGEJIgBgBCQAQCYAQCgAQCoAQCwAQC4AQDAAQDIAQDSARQIABAAGAAgACgvMAA4AEABSABQANoBVwiEAhAAGAAgzZu37gwoLzAAOABAAEoWCAAQgAUY4AMgCCgGMO4BOO4BQABIAEoUCAEQwAEYkAEgCCgGMBY4FkAASABKEggCEAAYACAAKAAwADgAQABIAA==
144115197360545593,2,2016/06/05 10:47:44.374,48,CAAYACIICAEwx+YIOAAiCAgCMISvJTgAIggIAzDToCk4ACgB
144115197360545593,1,2016/06/05 10:47:46.333,256,CNClzroFEJnXmwUY0qXOugUg9eabBSgAMAA4AEAvSABQAFgAYABoAXAAeMMigAGLL4gBgBCQAQCYAQCgAQCoAQCwAQC4AQDAAQDIAQDSARQIABAAGAAgACgvMAA4AEABSABQANoBVwi8AhAAGAAgzZu37gwoLzAAOABAAEoWCAAQgAUY4AMgCCgIMKMCOKMCQABIAEoUCAEQwAEYkAEgCCgIMBk4GUAASABKEggCEAAYACAAKAAwADgAQABIAA==
144115197360545593,2,2016/06/05 10:47:46.383,48,CAAYACIICAEwx+YIOAAiCAgCMISvJTgAIggIAzDToCk4ACgB
144115197360545593,1,2016/06/05 10:47:48.347,256,CNKlzroFEPXmmwUY1KXOugUg0vabBSgAMAA4AEAvSABQAFgAYABoAXAAeKYhgAHNK4gBgBCQAQCYAQCgAQCoAQCwAQC4AQDAAQDIAQDSARQIABAAGAAgACgvMAA4AEABSABQANoBVwihAhAAGAAgzZu37gwoLzAAOABAAEoWCAAQgAUY4AMgCCgHMI8COI8CQABIAEoUCAEQwAEYkAEgCCgHMBI4EkAASABKEggCEAAYACAAKAAwADgAQABIAA==
144115197360545593,2,2016/06/05 10:47:48.399,48,CAAYACIICAEwx+YIOAAiCAgCMISvJTgAIggIAzDToCk4ACgB
144115197360545593,1,2016/06/05 10:47:50.358,256,CNSlzroFENL2mwUY1qXOugUgroacBSgAMAA4AEAuSABQAFgAYABoAXAAePkfgAGhKYgBgBCQAQCYAQCgAQCoAQCwAQC4AQDAAQDIAQDSARQIABAAGAAgACguMAA4AEABSABQANoBVwinAhAAGAAgzZu37gwoLjAAOABAAEoWCAAQgAUY4AMgCCgHMJECOJECQABIAEoUCAEQwAEYkAEgCCgHMBY4FkAASABKEggCEAAYACAAKAAwADgAQABIAA==
144115197360545593,2,2016/06/05 10:47:50.410,48,CAAYACIICAEwx+YIOAAiCAgCMISvJTgAIggIAzDToCk4ACgB
144115197360545593,1,2016/06/05 10:47:52.391,256,CNalzroFEK6GnAUY2KXOugUgmpacBSgAMAA4AEAvSABQAFgAYABoAXAAeNoggAGnKogBgBCQAQCYAQCgAQCoAQCwAQC4AQDAAQDIAQDSARQIABAAGAAgACgvMAA4AEABSABQANoBVwijAhAAGAAgzZu37gwoLzAAOABAAEoWCAAQgAUY4AMgCCgHMI8COI8CQABIAEoUCAEQwAEYkAEgCCgHMBQ4FEAASABKEggCEAAYACAAKAAwADgAQABIAA==
144115197360545593,2,2016/06/05 10:47:52.444,48,CAAYACIICAEwx+YIOAAiCAgCMISvJTgAIggIAzDToCk4ACgB
144115197360545593,1,2016/06/05 10:47:54.400,256,CNilzroFEJqWnAUY2qXOugUg9qWcBSgAMAA4AEAvSABQAFgAYABoAXAAeLcggAHHJYgBgBCQAQCYAQCgAQCoAQCwAQC4AQDAAQDIAQDSARQIABAAGAAgACgvMAA4AEABSABQANoBVwivAhAAGAAgzZu37gwoLzAAOABAAEoWCAAQgAUY4AMgCCgIMJ4COJ4CQABIAEoUCAEQwAEYkAEgCCgHMBE4EUAASABKEggCEAAYACAAKAAwADgAQABIAA==
144115197360545593,2,2016/06/05 10:47:54.452,48,CAAYACIICAEwx+YIOAAiCAgCMISvJTgAIggIAzDToCk4ACgB
144115197360545593,1,2016/06/05 10:47:56.412,256,CNqlzroFEPalnAUY3KXOugUg07WcBSgAMAA4AEAvSABQAFgAYABoAXAAeNIkgAGSNYgBgBCQAQCYAQCgAQCoAQCwAQC4AQDAAQDIAQDSARQIABAAGAAgACgvMAA4AEABSABQANoBVwiMAhAAGAAgzZu37gwoLzAAOABAAEoWCAAQgAUY4AMgCCgHMIECOIECQABIAEoUCAEQwAEYkAEgCCgHMAs4C0AASABKEggCEAAYACAAKAAwADgAQABIAA==
144115197360545593,2,2016/06/05 10:47:56.463,48,CAAYACIICAEwx+YIOAAiCAgCMISvJTgAIggIAzDToCk4ACgB
144115197360545593,1,2016/06/05 10:47:58.427,256,CNylzroFENO1nAUY3qXOugUgr8WcBSgAMAA4AEAvSABQAFgAYABoAXAAePwbgAH8J4gBgBCQAQCYAQCgAQCoAQCwAQC4AQDAAQDIAQDSARQIABAAGAAgACgvMAA4AEABSABQANoBVwiiAhAAGAAgzZu37gwoLzAAOABAAEoWCAAQgAUY4AMgCCgHMI4COI4CQABIAEoUCAEQwAEYkAEgCCgHMBQ4FEAASABKEggCEAAYACAAKAAwADgAQABIAA==
144115197360545593,2,2016/06/05 10:47:58.480,48,CAAYACIICAEwx+YIOAAiCAgCMISvJTgAIggIAzDToCk4ACgB
144115197360545593,1,2016/06/05 10:48:00.436,256,CN6lzroFEK/FnAUY4KXOugUgjNWcBSgAMAA4AEAvSABQAFgAYABoAXAAeNQXgAGOKYgBgBCQAQCYAQCgAQCoAQCwAQC4AQDAAQDIAQDSARQIABAAGAAgACgvMAA4AEABSABQANoBVwioAhAAGAAgzZu37gwoLzAAOABAAEoWCAAQgAUY4AMgCCgHMI8COI8CQABIAEoUCAEQwAEYkAEgCCgHMBk4GUAASABKEggCEAAYACAAKAAwADgAQABIAA==
144115197360545593,2,2016/06/05 10:48:00.495,48,CAAYACIICAEwx+YIOAAiCAgCMISvJTgAIggIAzDToCk4ACgB
144115197360545593,1,2016/06/05 10:48:02.450,256,COClzroFEIzVnAUY4qXOugUg6OScBSgAMAA4AEAvSABQAFgAYABoAXAAeO4egAHOKogBgBCQAQCYAQCgAQCoAQCwAQC4AQDAAQDIAQDSARQIABAAGAAgACgvMAA4AEABSABQANoBVwiMAhAAGAAgzZu37gwoLzAAOABAAEoWCAAQgAUY4AMgCCgGMPABOPABQABIAEoUCAEQwAEYkAEgCCgHMBw4HEAASABKEggCEAAYACAAKAAwADgAQABIAA==
144115197360545593,2,2016/06/05 10:48:02.501,48,CAAYACIICAEwx+YIOAAiCAgCMISvJTgAIggIAzDToCk4ACgB
144115197360545593,1,2016/06/05 10:48:04.463,256,COKlzroFEOjknAUY5KXOugUgxfScBSgAMAA4AEAvSABQAFgAYABoAXAAeJAjgAH6O4gBgBCQAQCYAQCgAQCoAQCwAQC4AQDAAQDIAQDSARQIABAAGAAgACgvMAA4AEABSABQANoBVwiyAhAAGAAgzZu37gwoLzAAOABAAEoWCAAQgAUY4AMgCCgIMJ4COJ4CQABIAEoUCAEQwAEYkAEgCCgIMBQ4FEAASABKEggCEAAYACAAKAAwADgAQABIAA==
144115197360545593,2,2016/06/05 10:48:04.515,48,CAAYACIICAEwx+YIOAAiCAgCMISvJTgAIggIAzDToCk4ACgB
144115197360545593,1,2016/06/05 10:48:06.476,256,COSlzroFEMX0nAUY5qXOugUgoYSdBSgAMAA4AEAuSABQAFgAYABoAXAAeKYhgAGOMogBgBCQAQCYAQCgAQCoAQCwAQC4AQDAAQDIAQDSARQIABAAGAAgACguMAA4AEABSABQANoBVwiWAhAAGAAgzZu37gwoLjAAOABAAEoWCAAQgAUY4AMgCCgHMP8BOP8BQABIAEoUCAEQwAEYkAEgCCgHMBc4F0AASABKEggCEAAYACAAKAAwADgAQABIAA==
144115197360545593,2,2016/06/05 10:48:06.528,48,CAAYACIICAEwx+YIOAAiCAgCMISvJTgAIggIAzDToCk4ACgB
144115197360545593,1,2016/06/05 10:48:08.488,256,COalzroFEKGEnQUY6KXOugUg/ZOdBSgAMAA4AEAvSABQAFgAYABoAXAAeM0jgAHgMIgBgBCQAQCYAQCgAQCoAQCwAQC4AQDAAQDIAQDSARQIABAAGAAgACgvMAA4AEABSABQANoBVwiEAhAAGAAgzZu37gwoLzAAOABAAEoWCAAQgAUY4AMgCCgGMO8BOO8BQABIAEoUCAEQwAEYkAEgCCgGMBU4FUAASABKEggCEAAYACAAKAAwADgAQABIAA==
144115197360545593,2,2016/06/05 10:48:08.539,48,CAAYACIICAEwx+YIOAAiCAgCMISvJTgAIggIAzDToCk4ACgB
144115197360545593,1,2016/06/05 10:48:10.500,256,COilzroFEP2TnQUY6qXOugUg2qOdBSgAMAA4AEAvSABQAFgAYABoAXAAeMgjgAGqKYgBgBCQAQCYAQCgAQCoAQCwAQC4AQDAAQDIAQDSARQIABAAGAAgACgvMAA4AEABSABQANoBVwi4AhAAGAAgzZu37gwoLzAAOABAAEoWCAAQgAUY4AMgCCgIMKYCOKYCQABIAEoUCAEQwAEYkAEgCCgIMBI4EkAASABKEggCEAAYACAAKAAwADgAQABIAA==
144115197360545593,2,2016/06/05 10:48:10.551,48,CAAYACIICAEwx+YIOAAiCAgCMISvJTgAIggIAzDToCk4ACgB
144115197360545593,1,2016/06/05 10:48:12.511,256,COqlzroFENqjnQUY7KXOugUgtrOdBSgAMAA4AEAvSABQAFgAYABoAXAAeJ4igAHZKogBgBCQAQCYAQCgAQCoAQCwAQC4AQDAAQDIAQDSARQIABAAGAAgACgvMAA4AEABSABQANoBVwiWAhAAGAAgzZu37gwoLzAAOABAAEoWCAAQgAUY4AMgCCgHMIgCOIgCQABIAEoUCAEQwAEYkAEgCCgHMA44DkAASABKEggCEAAYACAAKAAwADgAQABIAA==
144115197360545593,2,2016/06/05 10:48:12.564,48,CAAYACIICAEwx+YIOAAiCAgCMISvJTgAIggIAzDToCk4ACgB
144115197360545593,1,2016/06/05 10:48:14.540,256,COylzroFELaznQUY7qXOugUgosOdBSgAMAA4AEAvSABQAFgAYABoAXAAePMggAG2LogBgBCQAQCYAQCgAQCoAQCwAQC4AQDAAQDIAQDSARQIABAAGAAgACgvMAA4AEABSABQANoBVwioAhAAGAAgzZu37gwoLzAAOABAAEoWCAAQgAUY4AMgCCgHMI8COI8CQABIAEoUCAEQwAEYkAEgCCgHMBk4GUAASABKEggCEAAYACAAKAAwADgAQABIAA==
144115197360545593,2,2016/06/05 10:48:14.604,48,CAAYACIICAEwx+YIOAAiCAgCMISvJTgAIggIAzDE6Co4ACgB
144115197360545593,1,2016/06/05 10:48:16.554,256,CO6lzroFEKLDnQUY8KXOugUg/9KdBSgAMAA4AEA/SABQAFgAYABoAXAAeJslgAH7LIgBgBCQAQCYAQCgAQCoAQCwAQC4AQDAAQDIAQDSARQIABAAGAAgACg/MAA4AEABSABQANoBVwi5AhAAGAAgzZu37gwoPzAAOABAAEoWCAAQgAUY4AMgCCgHMJgCOJgCQABIAEoUCAEQwAEYkAEgCCgHMCE4IUAASABKEggCEAAYACAAKAAwADgAQABIAA==
144115197360545593,2,2016/06/05 10:48:16.604,48,CAAYACIICAEwx+YIOAAiCAgCMISvJTgAIggIAzDE6Co4ACgB
144115197360545593,1,2016/06/05 10:48:18.567,256,CPClzroFEP/SnQUY8qXOugUg2+KdBSgAMAA4AEAuSABQAFgAYABoAXAAeOwigAGSMIgBgBCQAQCYAQCgAQCoAQCwAQC4AQDAAQDIAQDSARQIABAAGAAgACguMAA4AEABSABQANoBVwifAhAAGAAgzZu37gwoLjAAOABAAEoWCAAQgAUY4AMgCCgHMIcCOIcCQABIAEoUCAEQwAEYkAEgCCgHMBg4GEAASABKEggCEAAYACAAKAAwADgAQABIAA==
144115197360545593,2,2016/06/05 10:48:18.617,48,CAAYACIICAEwx+YIOAAiCAgCMISvJTgAIggIAzDE6Co4ACgB
144115197360545593,1,2016/06/05 10:48:20.577,256,CPKlzroFENvinQUY9KXOugUgt/KdBSgAMAA4AEAvSABQAFgAYABoAXAAeLcegAGmMIgBgBCQAQCYAQCgAQCoAQCwAQC4AQDAAQDIAQDSARQIABAAGAAgACgvMAA4AEABSABQANoBVwivAhAAGAAgzZu37gwoLzAAOABAAEoWCAAQgAUY4AMgCCgIMKMCOKMCQABIAEoUCAEQwAEYkAEgCCgIMAw4DEAASABKEggCEAAYACAAKAAwADgAQABIAA==
144115197360545593,2,2016/06/05 10:48:20.627,48,CAAYACIICAEwx+YIOAAiCAgCMISvJTgAIggIAzDDtyw4ACgB
144115197360545593,1,2016/06/05 10:48:22.591,256,CPSlzroFELfynQUY9qXOugUglIKeBSgAMAA4AEAvSABQAFgAYABoAXAAeNgggAHHJIgBgBCQAQCYAQCgAQCoAQCwAQC4AQDAAQDIAQDSARQIABAAGAAgACgvMAA4AEABSABQANoBVwilAhAAGAAgzZu37gwoLzAAOABAAEoWCAAQgAUY4AMgCCgHMJACOJACQABIAEoUCAEQwAEYkAEgCCgHMBU4FUAASABKEggCEAAYACAAKAAwADgAQABIAA==
144115197360545593,2,2016/06/05 10:48:22.641,48,CBEYZCIICAEwx+YIOAAiCAgCMISvJTgAIggIAzDDtyw4ACgB
144115197360545593,1,2016/06/05 10:48:24.608,256,CPalzroFEJSCngUY+KXOugUg8JGeBSgAMAA4AEAvSABQAFgAYABoAXAAeJkegAHcJIgBgBCQAQCYAQCgAQCoAQCwAQC4AQDAAQDIAQDSARQIABAAGBEgACgvMAA4AEABSABQANoBVwipAhAAGAAgzZu37gwoLzAAOABAEUoWCAAQgAUY4AMgCCgHMI4COI4CQABIAEoUCAEQwAEYkAEgCCgHMBs4G0AASABKEggCEAAYACAAKAAwADgAQABIAA==
144115197360545593,2,2016/06/05 10:48:24.660,48,CBEYZCIICAEwx+YIOAAiCAgCMISvJTgAIggIAzDDtyw4ACgB
144115197360545593,1,2016/06/05 10:48:26.615,256,CPilzroFEPCRngUY+qXOugUgzaGeBSgAMAA4AEAvSABQAFgAYABoAXAAeKkbgAGnJogBgBCQAQCYAQCgAQCoAQCwAQC4AQDAAQDIAQDSARQIABAAGBEgACgvMAA4AEABSABQANoBVwipAhAAGAAgzZu37gwoLzAAOABAEUoWCAAQgAUY4AMgCCgHMJICOJICQABIAEoUCAEQwAEYkAEgCCgHMBc4F0AASABKEggCEAAYACAAKAAwADgAQABIAA==
144115197360545593,2,2016/06/05 10:48:26.665,48,CBEYZCIICAEwx+YIOAAiCAgCMISvJTgAIggIAzDDtyw4ACgB
144115197360545593,1,2016/06/05 10:48:28.631,256,CPqlzroFEM2hngUY/KXOugUgqbGeBSgAMAA4AEAuSABQAFgAYABoAXAAePwbgAHBMYgBgBCQAQCYAQCgAQCoAQCwAQC4AQDAAQDIAQDSARQIABAAGBEgACguMAA4AEABSABQANoBVwifAhAAGAAgzZu37gwoLjAAOABAEUoWCAAQgAUY4AMgCCgHMI4COI4CQABIAEoUCAEQwAEYkAEgCCgHMBE4EUAASABKEggCEAAYACAAKAAwADgAQABIAA==
144115197360545593,2,2016/06/05 10:48:28.683,48,CAAYACIICAEwx+YIOAAiCAgCMISvJTgAIggIAzDDtyw4ACgB
144115197360545593,1,2016/06/05 10:48:30.638,256,CPylzroFEKmxngUY/qXOugUghsGeBSgAMAA4AEAvSABQAFgAYABoAXAAeJYlgAHfOogBgBCQAQCYAQCgAQCoAQCwAQC4AQDAAQDIAQDSARQIABAAGAAgACgvMAA4AEABSABQANoBVwiBAhAAGAAgzZu37gwoLzAAOABAAEoWCAAQgAUY4AMgCCgGMOwBOOwBQABIAEoUCAEQwAEYkAEgCCgHMBU4FUAASABKEggCEAAYACAAKAAwADgAQABIAA==
144115197360545593,2,2016/06/05 10:48:30.689,48,CAAYACIICAEwx+YIOAAiCAgCMISvJTgAIggIAzDDtyw4ACgB
144115197360545593,1,2016/06/05 10:48:32.653,256,CP6lzroFEIbBngUYgKbOugUg4tCeBSgAMAA4AEAuSABQAFgAYABoAXAAeMMggAHQM4gBgBCQAQCYAQCgAQCoAQCwAQC4AQDAAQDIAQDSARQIABAAGAAgACguMAA4AEABSABQANoBVwiVAhAAGAAgzZu37gwoLjAAOABAAEoWCAAQgAUY4AMgCCgHMP0BOP0BQABIAEoUCAEQwAEYkAEgCCgGMBg4GEAASABKEggCEAAYACAAKAAwADgAQABIAA==
144115197360545593,2,2016/06/05 10:48:32.703,48,CCcYZCIICAEwx+YIOAAiCAgCMISvJTgAIggIAzDDtyw4ACgB
144115197360545593,1,2016/06/05 10:48:34.663,256,CICmzroFEOLQngUYgqbOugUgvuCeBSgAMAA4AEAvSABQAFgAYABoAXAAeJMjgAGHMYgBgBCQAQCYAQCgAQCoAQCwAQC4AQDAAQDIAQDSARQIABAAGCcgACgvMAA4AEABSABQANoBVwijAhAAGAAgzZu37gwoLzAAOABAJ0oWCAAQgAUY4AMgCCgHMI4COI4CQABIAEoUCAEQwAEYkAEgCCgIMBU4FUAASABKEggCEAAYACAAKAAwADgAQABIAA==
144115197360545593,2,2016/06/05 10:48:34.714,48,CCcYZCIICAEw8okJOAAiCAgCMISvJTgAIggIAzDDtyw4ACgB
144115197360545593,1,2016/06/05 10:48:36.675,256,CIKmzroFEL7gngUYhKbOugUgm/CeBSgAMAA4AEAvSABQAFgAYABoAXAAeKQjgAGiLYgBgBCQAQCYAQCgAQCoAQCwAQC4AQDAAQDIAQDSARQIABAAGCcgACgvMAA4AEABSABQANoBVwidAhAAGAAgzZu37gwoLzAAOABAJ0oWCAAQgAUY4AMgCCgHMJECOJECQABIAEoUCAEQwAEYkAEgCCgHMAw4DEAASABKEggCEAAYACAAKAAwADgAQABIAA==
144115197360545593,2,2016/06/05 10:48:36.729,48,CCcYZCIICAEw8okJOAAiCAgCMISvJTgAIggIAzDDtyw4ACgB
144115197360545593,1,2016/06/05 10:48:38.689,256,CISmzroFEJvwngUYhqbOugUg9/+eBSgAMAA4AEAvSABQAFgAYABoAXAAeLUjgAG1MogBgBCQAQCYAQCgAQCoAQCwAQC4AQDAAQDIAQDSARQIABAAGCcgACgvMAA4AEABSABQANoBVwicAhAAGAAgzZu37gwoLzAAOABAJ0oWCAAQgAUY4AMgCCgHMIECOIECQABIAEoUCAEQwAEYkAEgCCgHMBs4G0AASABKEggCEAAYACAAKAAwADgAQABIAA==
144115197360545593,2,2016/06/05 10:48:38.740,48,CAAYACIICAEw8okJOAAiCAgCMISvJTgAIggIAzDDtyw4ACgB
144115197360545593,1,2016/06/05 10:48:40.703,256,CIamzroFEPf/ngUYiKbOugUg1I+fBSgAMAA4AEAvSABQAFgAYABoAXAAeLgkgAGON4gBgBCQAQCYAQCgAQCoAQCwAQC4AQDAAQDIAQDSARQIABAAGAAgACgvMAA4AEABSABQANoBVwilAhAAGAAgzZu37gwoLzAAOABAAEoWCAAQgAUY4AMgCCgHMI4COI4CQABIAEoUCAEQwAEYkAEgCCgHMBc4F0AASABKEggCEAAYACAAKAAwADgAQABIAA==
144115197360545593,2,2016/06/05 10:48:40.753,48,CAAYACIICAEw8okJOAAiCAgCMISvJTgAIggIAzDDtyw4ACgB
144115197360545593,1,2016/06/05 10:48:42.720,256,CIimzroFENSPnwUYiqbOugUgsJ+fBSgAMAA4AEAuSABQAFgAYABoAXAAeOEigAGMJYgBgBCQAQCYAQCgAQCoAQCwAQC4AQDAAQDIAQDSARQIABAAGAAgACguMAA4AEABSABQANoBVwihAhAAGAAgzZu37gwoLjAAOABAAEoWCAAQgAUY4AMgCCgHMJACOJACQABIAEoUCAEQwAEYkAEgCCgHMBE4EUAASABKEggCEAAYACAAKAAwADgAQABIAA==
144115197360545593,2,2016/06/05 10:48:42.771,48,CAAYACIICAEw8okJOAAiCAgCMISvJTgAIggIAzDDtyw4ACgB
144115197360545593,1,2016/06/05 10:48:44.727,256,CIqmzroFELCfnwUYjKbOugUgjK+fBSgAMAA4AEAvSABQAFgAYABoAXAAeIAigAHdKIgBgBCQAQCYAQCgAQCoAQCwAQC4AQDAAQDIAQDSARQIABAAGAAgACgvMAA4AEABSABQANoBVwikAhAAGAAgzZu37gwoLzAAOABAAEoWCAAQgAUY4AMgCCgHMJACOJACQABIAEoUCAEQwAEYkAEgCCgHMBQ4FEAASABKEggCEAAYACAAKAAwADgAQABIAA==
144115197360545593,2,2016/06/05 10:48:44.778,48,CAAYACIICAEw8okJOAAiCAgCMISvJTgAIggIAzDDtyw4ACgB
144115197360545593,1,2016/06/05 10:48:46.739,256,CIymzroFEIyvnwUYjqbOugUg6b6fBSgAMAA4AEAvSABQAFgAYABoAXAAeKAbgAHeHogBgBCQAQCYAQCgAQCoAQCwAQC4AQDAAQDIAQDSARQIABAAGAAgACgvMAA4AEABSABQANoBVwjAAhAAGAAgzZu37gwoLzAAOABAAEoWCAAQgAUY4AMgCCgHMJUCOJUCQABIAEoUCAEQwAEYkAEgCCgHMCs4K0AASABKEggCEAAYACAAKAAwADgAQABIAA==
144115197360545593,2,2016/06/05 10:48:46.790,48,CAAYACIICAEw8okJOAAiCAgCMISvJTgAIggIAzDDtyw4ACgB
144115197360545593,1,2016/06/05 10:48:48.753,256,CI6mzroFEOm+nwUYkKbOugUgxc6fBSgAMAA4AEAvSABQAFgAYABoAXAAeOsggAHyJ4gBgBCQAQCYAQCgAQCoAQCwAQC4AQDAAQDIAQDSARQIABAAGAAgACgvMAA4AEABSABQANoBVwirAhAAGAAgzZu37gwoLzAAOABAAEoWCAAQgAUY4AMgCCgHMIoCOIoCQABIAEoUCAEQwAEYkAEgCCgHMCE4IUAASABKEggCEAAYACAAKAAwADgAQABIAA==
144115197360545593,2,2016/06/05 10:48:48.804,48,CAAYACIICAEw8okJOAAiCAgCMISvJTgAIggIAzDDtyw4ACgB
144115197360545593,1,2016/06/05 10:48:50.762,256,CJCmzroFEMXOnwUYkqbOugUgot6fBSgAMAA4AEAvSABQAFgAYABoAXAAeLgggAGpJYgBgBCQAQCYAQCgAQCoAQCwAQC4AQDAAQDIAQDSARQIABAAGAAgACgvMAA4AEABSABQANoBVwirAhAAGAAgzZu37gwoLzAAOABAAEoWCAAQgAUY4AMgCCgHMJACOJACQABIAEoUCAEQwAEYkAEgCCgHMBs4G0AASABKEggCEAAYACAAKAAwADgAQABIAA==
144115197360545593,2,2016/06/05 10:48:50.813,48,CAAYACIICAEw8okJOAAiCAgCMISvJTgAIggIAzDDtyw4ACgB
144115197360545593,1,2016/06/05 10:48:52.775,256,CJKmzroFEKLenwUYlKbOugUg/u2fBSgAMAA4AEAuSABQAFgAYABoAXAAeLUegAHWIYgBgBCQAQCYAQCgAQCoAQCwAQC4AQDAAQDIAQDSARQIABAAGAAgACguMAA4AEABSABQANoBVwimAhAAGAAgzZu37gwoLjAAOABAAEoWCAAQgAUY4AMgCCgHMJACOJACQABIAEoUCAEQwAEYkAEgCCgHMBY4FkAASABKEggCEAAYACAAKAAwADgAQABIAA==
144115197360545593,2,2016/06/05 10:48:52.828,48,CAAYACIICAEw8okJOAAiCAgCMISvJTgAIggIAzDDtyw4ACgB
144115197360545593,1,2016/06/05 10:48:54.788,256,CJSmzroFEP7tnwUYlqbOugUg2v2fBSgAMAA4AEAvSABQAFgAYABoAXAAeLMggAGiJIgBgBCQAQCYAQCgAQCoAQCwAQC4AQDAAQDIAQDSARQIABAAGAAgACgvMAA4AEABSABQANoBVwjKAhAAGAAgzZu37gwoLzAAOABAAEoWCAAQgAUY4AMgCCgIMJ4COJ4CQABIAEoUCAEQwAEYkAEgCCgHMCw4LEAASABKEggCEAAYACAAKAAwADgAQABIAA==
144115197360545593,2,2016/06/05 10:48:54.837,48,CAAYACIICAEw8okJOAAiCAgCMISvJTgAIggIAzDDtyw4ACgB
144115197360545593,1,2016/06/05 10:48:56.801,256,CJamzroFENr9nwUYmKbOugUgt42gBSgAMAA4AEAvSABQAFgAYABoAXAAeK0igAGnJogBgBCQAQCYAQCgAQCoAQCwAQC4AQDAAQDIAQDSARQIABAAGAAgACgvMAA4AEABSABQANoBVwi6AhAAGAAgzZu37gwoLzAAOABAAEoWCAAQgAUY4AMgCCgHMIUCOIUCQABIAEoUCAEQwAEYkAEgCCgHMDU4NUAASABKEggCEAAYACAAKAAwADgAQABIAA==
144115197360545593,2,2016/06/05 10:48:56.851,48,CAAYACIICAEw8okJOAAiCAgCMISvJTgAIggIAzDDtyw4ACgB
144115197360545593,1,2016/06/05 10:48:58.812,256,CJimzroFELeNoAUYmqbOugUgk52gBSgAMAA4AEAvSABQAFgAYABoAXAAePEjgAG2KIgBgBCQAQCYAQCgAQCoAQCwAQC4AQDAAQDIAQDSARQIABAAGAAgACgvMAA4AEABSABQANoBVwi8AhAAGAAgzZu37gwoLzAAOABAAEoWCAAQgAUY4AMgCCgIMJ0COJ0CQABIAEoUCAEQwAEYkAEgCCgHMB84H0AASABKEggCEAAYACAAKAAwADgAQABIAA==
144115197360545593,2,2016/06/05 10:48:58.863,48,CAAYACIICAEw8okJOAAiCAgCMISvJTgAIggIAzDDtyw4ACgB
144115197360545593,1,2016/06/05 10:49:00.835,256,CJqmzroFEJOdoAUYnKbOugUg8KygBSgAMAA4AEAvSABQAFgAYABoAXAAeOUcgAHZJYgBgBCQAQCYAQCgAQCoAQCwAQC4AQDAAQDIAQDSARQIABAAGAAgACgvMAA4AEABSABQANoBVwidAhAAGAAgzZu37gwoLzAAOABAAEoWCAAQgAUY4AMgCCgHMJECOJECQABIAEoUCAEQwAEYkAEgCCgIMAw4DEAASABKEggCEAAYACAAKAAwADgAQABIAA==
144115197360545593,2,2016/06/05 10:49:00.889,48,CAAYACIICAEw8okJOAAiCAgCMISvJTgAIggIAzDDtyw4ACgB
144115197360545593,1,2016/06/05 10:49:02.841,256,CJymzroFEPCsoAUYnqbOugUgzLygBSgAMAA4AEA+SABQAFgAYABoAXAAePYfgAGXKYgBgBCQAQCYAQCgAQCoAQCwAQC4AQDAAQDIAQDSARQIABAAGAAgACg+MAA4AEABSABQANoBVwilAhAAGAAgzZu37gwoPjAAOABAAEoWCAAQgAUY4AMgCCgHMJACOJACQABIAEoUCAEQwAEYkAEgCCgHMBU4FUAASABKEggCEAAYACAAKAAwADgAQABIAA==
144115197360545593,2,2016/06/05 10:49:02.891,48,CAAYACIICAEw8okJOAAiCAgCMISvJTgAIggIAzDDtyw4ACgB
144115197360545593,1,2016/06/05 10:49:04.849,256,CJ6mzroFEMy8oAUYoKbOugUgqcygBSgAMAA4AEAvSABQAFgAYABoAXAAeKYjgAGaMYgBgBCQAQCYAQCgAQCoAQCwAQC4AQDAAQDIAQDSARQIABAAGAAgACgvMAA4AEABSABQANoBVwijAhAAGAAgzZu37gwoLzAAOABAAEoWCAAQgAUY4AMgCCgHMI0COI0CQABIAEoUCAEQwAEYkAEgCCgHMBY4FkAASABKEggCEAAYACAAKAAwADgAQABIAA==
144115197360545593,2,2016/06/05 10:49:04.902,48,CAAYACIICAEw8okJOAAiCAgCMISvJTgAIggIAzDDtyw4ACgB
144115197360545593,1,2016/06/05 10:49:06.879,256,CKCmzroFEKnMoAUYoqbOugUgldygBSgAMAA4AEAuSABQAFgAYABoAXAAeJ0fgAHWI4gBgBCQAQCYAQCgAQCoAQCwAQC4AQDAAQDIAQDSARQIABAAGAAgACguMAA4AEABSABQANoBVwisAhAAGAAgzZu37gwoLjAAOABAAEoWCAAQgAUY4AMgCCgHMI8COI8CQABIAEoUCAEQwAEYkAEgCCgHMB04HUAASABKEggCEAAYACAAKAAwADgAQABIAA==
144115197360545593,2,2016/06/05 10:49:06.941,48,CAAYACIICAEw8okJOAAiCAgCMISvJTgAIggIAzDDtyw4ACgB
144115197360545593,1,2016/06/05 10:49:08.890,256,CKKmzroFEJXcoAUYpKbOugUg8eugBSgAMAA4AEA+SABQAFgAYABoAXAAeJ4igAGPKIgBgBCQAQCYAQCgAQCoAQCwAQC4AQDAAQDIAQDSARQIABAAGAAgACg+MAA4AEABSABQANoBVwi3AhAAGAAgzZu37gwoPjAAOABAAEoWCAAQgAUY4AMgCCgHMJECOJECQABIAEoUCAEQwAEYkAEgCCgHMCY4JkAASABKEggCEAAYACAAKAAwADgAQABIAA==
144115197360545593,2,2016/06/05 10:49:08.966,48,CAAYACIICAEw8okJOAAiCAgCMISvJTgAIggIAzDDtyw4ACgB
144115197360545593,1,2016/06/05 10:49:10.903,256,CKSmzroFEPHroAUYpqbOugUgzfugBSgAMAA4AEA+SABQAFgAYABoAXAAeNYggAG+JIgBgBCQAQCYAQCgAQCoAQCwAQC4AQDAAQDIAQDSARQIABAAGAAgACg+MAA4AEABSABQANoBVwipAhAAGAAgzZu37gwoPjAAOABAAEoWCAAQgAUY4AMgCCgHMI8COI8CQABIAEoUCAEQwAEYkAEgCCgHMBo4GkAASABKEggCEAAYACAAKAAwADgAQABIAA==
144115197360545593,2,2016/06/05 10:49:10.954,48,CAAYACIICAEw8okJOAAiCAgCMISvJTgAIggIAzDDtyw4ACgB
144115197360545593,1,2016/06/05 10:49:12.916,256,CKamzroFEM37oAUYqKbOugUgqouhBSgAMAA4AEAvSABQAFgAYABoAXAAeMsegAGrIIgBgBCQAQCYAQCgAQCoAQCwAQC4AQDAAQDIAQDSARQIABAAGAAgACgvMAA4AEABSABQANoBVwixAhAAGAAgzZu37gwoLzAAOABAAEoWCAAQgAUY4AMgCCgHMJACOJACQABIAEoUCAEQwAEYkAEgCCgHMCE4IUAASABKEggCEAAYACAAKAAwADgAQABIAA==
144115197360545593,2,2016/06/05 10:49:12.966,48,CAAYACIICAEw8okJOAAiCAgCMISvJTgAIggIAzDDtyw4ACgB
144115197360545593,1,2016/06/05 10:49:14.926,256,CKimzroFEKqLoQUYqqbOugUghpuhBSgAMAA4AEAvSABQAFgAYABoAXAAeM0egAHRJIgBgBCQAQCYAQCgAQCoAQCwAQC4AQDAAQDIAQDSARQIABAAGAAgACgvMAA4AEABSABQANoBVwi9AhAAGAAgzZu37gwoLzAAOABAAEoWCAAQgAUY4AMgCCgIMKMCOKMCQABIAEoUCAEQwAEYkAEgCCgHMBo4GkAASABKEggCEAAYACAAKAAwADgAQABIAA==
144115197360545593,2,2016/06/05 10:49:14.976,48,CAAYACIICAEw8okJOAAiCAgCMISvJTgAIggIAzDDtyw4ACgB
144115197360545593,1,2016/06/05 10:49:16.951,256,CKqmzroFEIaboQUYrKbOugUg46qhBSgAMAA4AEAvSABQAFgAYABoAXAAeNQggAGoJYgBgBCQAQCYAQCgAQCoAQCwAQC4AQDAAQDIAQDSARQIABAAGAAgACgvMAA4AEABSABQANoBVwi1AhAAGAAgzZu37gwoLzAAOABAAEoWCAAQgAUY4AMgCCgHMJ8COJ8CQABIAEoUCAEQwAEYkAEgCCgIMBY4FkAASABKEggCEAAYACAAKAAwADgAQABIAA==
144115197360545593,2,2016/06/05 10:49:17.001,48,CAAYACIICAEw8okJOAAiCAgCMISvJTgAIggIAzDDtyw4ACgB
144115197360545593,1,2016/06/05 10:49:18.954,256,CKymzroFEOOqoQUYrqbOugUgv7qhBSgAMAA4AEA+SABQAFgAYABoAXAAeJwdgAHaIIgBgBCQAQCYAQCgAQCoAQCwAQC4AQDAAQDIAQDSARQIABAAGAAgACg+MAA4AEABSABQANoBVwiJAhAAGAAgzZu37gwoPjAAOABAAEoWCAAQgAUY4AMgCCgHMP8BOP8BQABIAEoUCAEQwAEYkAEgCCgHMAo4CkAASABKEggCEAAYACAAKAAwADgAQABIAA==
144115197360545593,2,2016/06/05 10:49:19.006,48,CAAYACIICAEw8okJOAAiCAgCMISvJTgAIggIAzDDtyw4ACgB
144115197360545593,1,2016/06/05 10:49:20.967,256,CK6mzroFEL+6oQUYsKbOugUgm8qhBSgAMAA4AEAvSABQAFgAYABoAXAAeIUfgAH8IogBgBCQAQCYAQCgAQCoAQCwAQC4AQDAAQDIAQDSARQIABAAGAAgACgvMAA4AEABSABQANoBVwilAhAAGAAgzZu37gwoLzAAOABAAEoWCAAQgAUY4AMgCCgHMJECOJECQABIAEoUCAEQwAEYkAEgCCgHMBQ4FEAASABKEggCEAAYACAAKAAwADgAQABIAA==
144115197360545593,2,2016/06/05 10:49:21.018,48,CAAYACIGCAEwADgAIggIAjCEryU4ACIICAMww7csOAAoAQ==
144115197360545593,1,2016/06/05 10:49:22.977,256,CLCmzroFEJvKoQUYsqbOugUg+NmhBSgAMAA4AEAvSABQAFgAYABoAXAAeIMhgAG1JIgBgBCQAQCYAQCgAQCoAQCwAQC4AQDAAQDIAQDSARQIABAAGAAgACgvMAA4AEABSABQANoBVwizAhAAGAAgzZu37gwoLzAAOABAAEoWCAAQgAUY4AMgCCgHMJ8COJ8CQABIAEoUCAEQwAEYkAEgCCgHMBQ4FEAASABKEggCEAAYACAAKAAwADgAQABIAA==
144115197360545593,2,2016/06/05 10:49:23.028,48,CAAYACIICAEw8okJOAAiCAgCMISvJTgAIggIAzDDtyw4ACgB
144115197360545593,1,2016/06/05 10:49:24.991,256,CLKmzroFEPjZoQUYtKbOugUg1OmhBSgAMAA4AEAvSABQAFgAYABoAXAAeNoegAHdI4gBgBCQAQCYAQCgAQCoAQCwAQC4AQDAAQDIAQDSARQIABAAGAAgACgvMAA4AEABSABQANoBVwiXAhAAGAAgzZu37gwoLzAAOABAAEoWCAAQgAUY4AMgCCgHMIACOIACQABIAEoUCAEQwAEYkAEgCCgHMBc4F0AASABKEggCEAAYACAAKAAwADgAQABIAA==
144115197360545593,2,2016/06/05 10:49:25.042,48,CAAYACIICAEw8okJOAAiCAgCMISvJTgAIggIAzDDtyw4ACgB
144115197360545593,1,2016/06/05 10:49:27.006,256,CLSmzroFENTpoQUYt6bOugUgsfmhBSgAMAA4AEAvSABQAFgAYABoAXAAeKEZgAGoHIgBgBCQAQCYAQCgAQCoAQCwAQC4AQDAAQDIAQDSARQIABAAGAAgACgvMAA4AEABSABQANoBVwimAhAAGAAgzZu37gwoLzAAOABAAEoWCAAQgAUY4AMgCCgHMI8COI8CQABIAEoUCAEQwAEYkAEgCCgHMBc4F0AASABKEggCEAAYACAAKAAwADgAQABIAA==
144115197360545593,2,2016/06/05 10:49:27.056,48,CAAYACIICAEw8okJOAAiCAgCMISvJTgAIggIAzDDtyw4ACgB
144115197360545593,1,2016/06/05 10:49:29.013,256,CLemzroFELH5oQUYuabOugUgjYmiBSgAMAA4AEAuSABQAFgAYABoAXAAeJMWgAGVGIgBgBCQAQCYAQCgAQCoAQCwAQC4AQDAAQDIAQDSARQIABAAGAAgACguMAA4AEABSABQANoBVwjBAhAAGAAgzZu37gwoLjAAOABAAEoWCAAQgAUY4AMgCCgIMKQCOKQCQABIAEoUCAEQwAEYkAEgCCgHMB04HUAASABKEggCEAAYACAAKAAwADgAQABIAA==
144115197360545593,2,2016/06/05 10:49:29.070,48,CAAYACIICAEw8okJOAAiCAgCMISvJTgAIggIAzDDtyw4ACgB
144115197360545593,1,2016/06/05 10:49:31.027,256,CLmmzroFEI2JogUYu6bOugUg6ZiiBSgAMAA4AEAvSABQAFgAYABoAXAAeIEfgAG9IYgBgBCQAQCYAQCgAQCoAQCwAQC4AQDAAQDIAQDSARQIABAAGAAgACgvMAA4AEABSABQANoBVwikAhAAGAAgzZu37gwoLzAAOABAAEoWCAAQgAUY4AMgCCgHMIoCOIoCQABIAEoUCAEQwAEYkAEgCCgHMBo4GkAASABKEggCEAAYACAAKAAwADgAQABIAA==
144115197360545593,2,2016/06/05 10:49:31.078,48,CAAYACIICAEw8okJOAAiCAgCMISvJTgAIggIAzDDtyw4ACgB
144115197360545593,1,2016/06/05 10:49:33.041,256,CLumzroFEOmYogUYvabOugUgxqiiBSgAMAA4AEAvSABQAFgAYABoAXAAeLEggAGTJogBgBCQAQCYAQCgAQCoAQCwAQC4AQDAAQDIAQDSARQIABAAGAAgACgvMAA4AEABSABQANoBVwigAhAAGAAgzZu37gwoLzAAOABAAEoWCAAQgAUY4AMgCCgHMIECOIECQABIAEoUCAEQwAEYkAEgCCgHMB84H0AASABKEggCEAAYACAAKAAwADgAQABIAA==
144115197360545593,2,2016/06/05 10:49:33.092,48,CAAYACIICAEw8okJOAAiCAgCMISvJTgAIggIAzDDtyw4ACgB
144115197360545593,1,2016/06/05 10:49:35.051,256,CL2mzroFEMaoogUYv6bOugUgoriiBSgAMAA4AEAvSABQAFgAYABoAXAAeI0ngAHYL4gBgBCQAQCYAQCgAQCoAQCwAQC4AQDAAQDIAQDSARQIABAAGAAgACgvMAA4AEABSABQANoBVwirAhAAGAAgzZu37gwoLzAAOABAAEoWCAAQgAUY4AMgCCgHMJ8COJ8CQABIAEoUCAEQwAEYkAEgCCgHMAw4DEAASABKEggCEAAYACAAKAAwADgAQABIAA==
144115197360545593,2,2016/06/05 10:49:35.104,48,CAAYACIICAEw8okJOAAiCAgCMISvJTgAIggIAzDDtyw4ACgB
