144115197360545593,4,2016/06/06 09:58:05.127,68,EhAQgAUY4AMwIFAAgAEBiAEBGh0IhiAQABgBIAAoADABOAFAAUgBUAFYAGAAaABwAA==
144115197360545593,3,2016/06/06 09:58:05.272,284,CjIIgH0QhiAYASCgnAEoFDAAOAFABlgBYAFoAXABeAGAAQGIAZADkAHoB5gBKKABeKgBARKdAQpRCAAQBRjgAyCABSgKMJEBOAFAHkgAUBRYFGDoB2gAcCB4AIABAJAB6AeYAegHoAECqAEBsAEAuAG8BcABigXIAdgE0AEA2AEA4AEA6AEA8AEAEkgIARABGAAgACgAMAA4AEAASABQAFgAYABoAHAAeACAAQCQAQCYAQCgAQCoAQCwAQC4AQDAAQDIAQDQAQDYAQDgAQDoAQDwAQA=
144115197360545593,1,2016/06/06 09:58:07.401,244,CK2x07oFEPDnpwIYr7HTugUg6finAigAMAA4AEAASABQAFgAYABoAXAAeACAAQCIAYAQkAEAmAEAoAEAqAEAsAEAuAEAwAEAyAEA0gEUCAAQABgAIAAoADAAOABAAUgAUADaAVIIABAAGAAgzZu37gwoADAAOABAAEoUCAAQgAUY4AMgACgAMAA4AEAASABKEggBEAAYACAAKAAwADgAQABIAEoSCAIQABgAIAAoADAAOABAAEgA
144115197360545593,3,2016/06/06 09:58:07.501,296,CjIIgH0QhiAYASCgnAEoFDAAOAFABlgBYAFoAXABeAGAAQGIAZADkAHoB5gBKKABeKgBARKlAQpRCAAQBRjgAyCABSgKMJEBOAFAHkgAUBRYFGDoB2gAcCB4AIABAJAB6AeYAegHoAECqAEBsAEAuAG8BcABigXIAdgE0AEA2AEA4AEA6AEA8AEAElAIARAFGJABIMABKAcwMjgFQB5IAFAUWBRg6AdoGnAoeACAAQCQAegHmAHoB6ABAqgBAbABALgBvAXAAYoFyAHYBNABANgBAOABAOgBAPABAA==
144115197360545593,2,2016/06/06 09:58:07.504,156,ElieFMqSFM+MtSCiewkh1w/XV+oWs20JT0COdLQAio9BWk4AAkEED5sTGJyS/eSPzRpunV4Pkbv2aNH14BOrtAXyILzPlxtpsU20PiUZ/+K3CX9zxsmaajiaIgYIATAAOAAiBggCMAA4ACIGCAMwADgAKAE=
144115197360545593,3,2016/06/06 09:58:07.547,184,CjIIgH0QhiAYASCgnAEoFDAAOAFABlgBYAFoAXABeAGAAQGIAZADkAHoB5gBKKABeKgBARJTClEIABAFGOADIIAFKAowkQE4AUAeSABQFFgUYOgHaABwIHgAgAEAkAHoB5gB6AegAQKoAQGwAQC4AbwFwAGKBcgB2ATQAQDYAQDgAQDoAQDwAQA=
144115197360545593,3,2016/06/06 09:58:09.378,184,CjIIgH0QhiAYASCgnAEoFDAAOAFABlgBYAFoAXABeAGAAQGIAZADkAHoB5gBKKABeKgBARJTClEIABAFGOADIIAFKA8woAE4AUAeSABQFFgUYOgHaABwIHgAgAEAkAHoB5gB6AegAQKoAQGwAQC4AbwFwAGKBcgB2ATQAQDYAQDgAQDoAQDwAQA=
144115197360545593,1,2016/06/06 09:58:09.399,252,CK+x07oFEOn4pwIYsbHTugUgxYioAigAMAA4AEBtSABQAFgAYABoAXAAeIoYgAHhIYgBgBCQAQCYAQCgAQCoAQCwAQC4AQDAAQDIAQDSARQIABAAGAAgAChtMAA4AEABSABQANoBVAgqEAAYACDNm7fuDChtMAA4AEAAShQIABCABRjgAyAIKAAwFjgWQABIAEoUCAEQwAEYkAEgCCgBMBQ4FEAASABKEggCEAAYACAAKAAwADgAQABIAA==
144115197360545593,2,2016/06/06 09:58:09.444,48,CAAYACIICAEw3MwDOAAiBggCMAA4ACIICAMwidoMOAAoAQ==
144115197360545593,1,2016/06/06 09:58:11.415,256,CLGx07oFEMWIqAIYs7HTugUgoZioAigAMAA4AEAfSABQAFgAYABoAXAAePgqgAGeNIgBgBCQAQCYAQCgAQCoAQCwAQC4AQDAAQDIAQDSARQIABAAGAAgACgfMAA4AEABSABQANoBVwi3ARAAGAAgzZu37gwoHzAAOABAAEoWCAAQgAUY4AMgESgIMJIBOJIBQABIAEoUCAEQwAEYkAEgESgJMCU4JUAASABKEggCEAAYACAAKAAwADgAQABIAA==
144115197360545593,2,2016/06/06 09:58:11.460,48,CAAYACIICAEw3MwDOAAiCAgCMKbmDjgAIggIAzCRiQ84ACgB
144115197360545593,3,2016/06/06 09:58:11.461,184,CjIIgH0QhiAYASCgnAEoFDAAOAFABlgBYAFoAXABeAGAAQGIAZADkAHoB5gBKKABeKgBARJTClEIABAFGOADIIAFKA8wtAE4AUAeSABQFFgUYOgHaABwIHgAgAEAkAHoB5gB6AegAQKoAQGwAQC4AbwFwAGKBcgB2ATQAQDYAQDgAQDoAQDwAQA=
144115197360545593,3,2016/06/06 09:58:13.381,184,CjIIgH0QhiAYASCgnAEoFDAAOAFABlgBYAFoAXABeAGAAQGIAZADkAHoB5gBKKABeKgBARJTClEIABAFGOADIIAFKA8wyAE4AUAeSABQFFgUYOgHaABwIHgAgAEAkAHoB5gB6AegAQKoAQGwAQC4AbwFwAGKBcgB2ATQAQDYAQDgAQDoAQDwAQA=
144115197360545593,1,2016/06/06 09:58:13.425,252,CLOx07oFEKGYqAIYtbHTugUg/qeoAigAMAA4AEAvSABQAFgAYABoAXAAePowgAHEOYgBgBCQAQCYAQCgAQCoAQCwAQC4AQDAAQDIAQDSARQIABAAGAAgACgvMAA4AEABSABQANoBVAh9EAAYACDNm7fuDCgvMAA4AEAAShQIABCABRjgAyARKAUwUjhSQABIAEoUCAEQwAEYkAEgESgHMCs4K0AASABKEggCEAAYACAAKAAwADgAQABIAA==
144115197360545593,2,2016/06/06 09:58:13.468,48,CAAYACIICAEw3JcEOAAiCAgCMK7tDzgAIggIAzCRiQ84ACgB
144115197360545593,3,2016/06/06 09:58:15.364,184,CjIIgH0QhiAYASCgnAEoFDAAOAFABlgBYAFoAXABeAGAAQGIAZADkAHoB5gBKKABeKgBARJTClEIABAFGOADIIAFKA8w3AE4AUAeSABQFFgUYOgHaABwIHgAgAEAkAHoB5gB6AegAQKoAQGwAQC4AbwFwAGKBcgB2ATQAQDYAQDgAQDoAQDwAQA=
144115197360545593,1,2016/06/06 09:58:15.438,256,CLWx07oFEP6nqAIYt7HTugUg2reoAigAMAA4AEAfSABQAFgAYABoAXAAePYsgAGOMogBgBCQAQCYAQCgAQCoAQCwAQC4AQDAAQDIAQDSARQIABAAGAAgACgfMAA4AEABSABQANoBVwjGARAAGAAgzZu37gwoHzAAOABAAEoWCAAQgAUY4AMgESgJMIoBOIoBQABIAEoUCAEQwAEYkAEgESgMMDw4PEAASABKEggCEAAYACAAKAAwADgAQABIAA==
144115197360545593,2,2016/06/06 09:58:15.482,48,CAAYACIICAEw3JcEOAAiCAgCMMXvEDgAIggIAzCP+hA4ACgB
144115197360545593,1,2016/06/06 09:58:17.450,256,CLex07oFENq3qAIYubHTugUgt8eoAigAMAA4AEAfSABQAFgAYABoAXAAeOErgAHsL4gBgBCQAQCYAQCgAQCoAQCwAQC4AQDAAQDIAQDSARQIABAAGAAgACgfMAA4AEABSABQANoBVwjwARAAGAAgzZu37gwoHzAAOABAAEoWCAAQgAUY4AMgESgGMKgBOKgBQABIAEoUCAEQwAEYkAEgESgLMEg4SEAASABKEggCEAAYACAAKAAwADgAQABIAA==
144115197360545593,2,2016/06/06 09:58:17.495,48,CAAYACIICAEwqL0EOAAiCAgCML/xETgAIggIAzDe0BI4ACgB
144115197360545593,3,2016/06/06 09:58:17.495,184,CjIIgH0QhiAYASCgnAEoFDAAOAFABlgBYAFoAXABeAGAAQGIAZADkAHoB5gBKKABeKgBARJTClEIABAFGOADIIAFKA8w8AE4AUAeSABQFFgUYOgHaABwIHgAgAEAkAHoB5gB6AegAQKoAQGwAQC4AbwFwAGKBcgB2ATQAQDYAQDgAQDoAQDwAQA=
144115197360545593,3,2016/06/06 09:58:19.367,184,CjIIgH0QhiAYASCgnAEoFDAAOAFABlgBYAFoAXABeAGAAQGIAZADkAHoB5gBKKABeKgBARJTClEIABAFGOADIIAFKA8whAI4AUAeSABQFFgUYOgHaABwIHgAgAEAkAHoB5gB6AegAQKoAQGwAQC4AbwFwAGKBcgB2ATQAQDYAQDgAQDoAQDwAQA=
144115197360545593,1,2016/06/06 09:58:19.463,252,CLmx07oFELfHqAIYu7HTugUgk9eoAigAMAA4AEAuSABQAFgAYABoAXAAeM4rgAGOMogBgBCQAQCYAQCgAQCoAQCwAQC4AQDAAQDIAQDSARQIABAAGAAgACguMAA4AEABSABQANoBVQi6ARAAGAAgzZu37gwoLjAAOABAAEoUCAAQgAUY4AMgCSgCMHs4e0AASABKFAgBEMABGJABIAkoBzA/OD9AAEgAShIIAhAAGAAgACgAMAA4AEAASAA=
144115197360545593,2,2016/06/06 09:58:19.508,48,CAAYACIICAEwr+MEOAAiCAgCMMbyEjgAIggIAzCO0xM4ACgB
144115197360545593,3,2016/06/06 09:58:21.366,184,CjIIgH0QhiAYASCgnAEoFDAAOAFABlgBYAFoAXABeAGAAQGIAZADkAHoB5gBKKABeKgBARJTClEIABAFGOADIIAFKA8wmAI4AUAeSABQFFgUYOgHaABwIHgAgAEAkAHoB5gB6AegAQKoAQGwAQC4AbwFwAGKBcgB2ATQAQDYAQDgAQDoAQDwAQA=
144115197360545593,1,2016/06/06 09:58:21.476,256,CLux07oFEJPXqAIYvbHTugUg7+aoAigAMAA4AEAfSABQAFgAYABoAXAAeP4lgAG5MIgBgBCQAQCYAQCgAQCoAQCwAQC4AQDAAQDIAQDSARQIABAAGAAgACgfMAA4AEABSABQANoBVwjgARAAGAAgzZu37gwoHzAAOABAAEoWCAAQgAUY4AMgCSgFMKgBOKgBQABIAEoUCAEQwAEYkAEgCSgIMDg4OEAASABKEggCEAAYACAAKAAwADgAQABIAA==
144115197360545593,2,2016/06/06 09:58:21.521,48,CAAYACIICAEwhIoFOAAiCAgCMJzyEzgAIggIAzCj1RQ4ACgB
144115197360545593,3,2016/06/06 09:58:21.521,72,CjIIgH0QhiAYASCgnAEoFDAAOAFABlgBYAFoAXABeAGAAQGIAZADkAHoB5gBKKABeKgBARIA
144115197360545593,3,2016/06/06 09:58:23.362,184,CjIIgH0QhiAYASCgnAEoFDAAOAFABlgBYAFoAXABeAGAAQGIAZADkAHoB5gBKKABeKgBARJTClEIABAFGOADIIAFKA8wrAI4AUAeSABQFFgUYOgHaABwIHgAgAEAkAHoB5gB6AegAQKoAQGwAQC4AbwFwAGKBcgB2ATQAQDYAQDgAQDoAQDwAQA=
144115197360545593,1,2016/06/06 09:58:23.490,252,CL2x07oFEO/mqAIYv7HTugUgzPaoAigAMAA4AEAvSABQAFgAYABoAXAAeNQigAGmK4gBgBCQAQCYAQCgAQCoAQCwAQC4AQDAAQDIAQDSARQIABAAGAAgACgvMAA4AEABSABQANoBVQiqARAAGAAgzZu37gwoLzAAOABAAEoUCAAQgAUY4AMgCCgHMHw4fEAASABKFAgBEMABGJABIAgoCDAuOC5AAEgAShIIAhAAGAAgACgAMAA4AEAASAA=
144115197360545593,2,2016/06/06 09:58:23.534,48,CAAYACIICAEw37AFOAAiCAgCMPzzFDgAIggIAzCj1RQ4ACgB
144115197360545593,1,2016/06/06 09:58:25.499,256,CL+x07oFEMz2qAIYwbHTugUgqIapAigAMAA4AEAvSABQAFgAYABoAXAAeJUogAHIMogBgBCQAQCYAQCgAQCoAQCwAQC4AQDAAQDIAQDSARQIABAAGAAgACgvMAA4AEABSABQANoBVwioAhAAGAAgzZu37gwoLzAAOABAAEoWCAAQgAUY4AMgCCgHMIUCOIUCQABIAEoUCAEQwAEYkAEgCCgHMCM4I0AASABKEggCEAAYACAAKAAwADgAQABIAA==
144115197360545593,2,2016/06/06 09:58:25.542,48,CAAYACIICAEwxdgFOAAiCAgCMPzzFDgAIggIAzCR1Rc4ACgB
144115197360545593,3,2016/06/06 09:58:25.542,72,CjIIgH0QhiAYASCgnAEoFDAAOAFABlgBYAFoAXABeAGAAQGIAZADkAHoB5gBKKABeKgBARIA
144115197360545593,1,2016/06/06 09:58:27.512,256,CMGx07oFEKiGqQIYw7HTugUghZapAigAMAA4AEAfSABQAFgAYABoAXAAeJsdgAHbJIgBgBCQAQCYAQCgAQCoAQCwAQC4AQDAAQDIAQDSARQIABAAGAAgACgfMAA4AEABSABQANoBVwi0AhAAGAAgzZu37gwoHzAAOABAAEoWCAAQgAUY4AMgCCgHMJACOJACQABIAEoUCAEQwAEYkAEgCCgHMCQ4JEAASABKEggCEAAYACAAKAAwADgAQABIAA==
144115197360545593,2,2016/06/06 09:58:27.556,48,CAAYACIICAEwzoAGOAAiCAgCML3xFTgAIggIAzDg4hg4ACgB
144115197360545593,1,2016/06/06 09:58:29.526,256,CMOx07oFEIWWqQIYxbHTugUg4aWpAigAMAA4AEAfSABQAFgAYABoAXAAeOMagAGEIIgBgBCQAQCYAQCgAQCoAQCwAQC4AQDAAQDIAQDSARQIABAAGAAgACgfMAA4AEABSABQANoBVwiiAhAAGAAgzZu37gwoHzAAOABAAEoWCAAQgAUY4AMgCSgHMI4COI4CQABIAEoUCAEQwAEYkAEgCSgIMBQ4FEAASABKEggCEAAYACAAKAAwADgAQABIAA==
144115197360545593,2,2016/06/06 09:58:29.571,48,CAAYACIICAEwq6kGOAAiCAgCMMvyFjgAIggIAzCE9Rk4ACgB
144115197360545593,3,2016/06/06 09:58:29.571,72,CjIIgH0QhiAYASCgnAEoFDAAOAFABlgBYAFoAXABeAGAAQGIAZADkAHoB5gBKKABeKgBARIA
144115197360545593,1,2016/06/06 09:58:31.537,256,CMWx07oFEOGlqQIYx7HTugUgvrWpAigAMAA4AEAvSABQAFgAYABoAXAAeMsggAH3LogBgBCQAQCYAQCgAQCoAQCwAQC4AQDAAQDIAQDSARQIABAAGAAgACgvMAA4AEABSABQANoBVwihAhAAGAAgzZu37gwoLzAAOABAAEoWCAAQgAUY4AMgCCgHMP4BOP4BQABIAEoUCAEQwAEYkAEgCCgHMCM4I0AASABKEggCEAAYACAAKAAwADgAQABIAA==
144115197360545593,2,2016/06/06 09:58:31.581,48,CAAYACIICAEwqtMGOAAiCAgCMLn2FzgAIggIAzDSihs4ACgB
144115197360545593,1,2016/06/06 09:58:33.549,256,CMex07oFEL61qQIYybHTugUgmsWpAigAMAA4AEAfSABQAFgAYABoAXAAeJYfgAHFL4gBgBCQAQCYAQCgAQCoAQCwAQC4AQDAAQDIAQDSARQIABAAGAAgACgfMAA4AEABSABQANoBVwi0AhAAGAAgzZu37gwoHzAAOABAAEoWCAAQgAUY4AMgCCgHMJACOJACQABIAEoUCAEQwAEYkAEgCCgHMCQ4JEAASABKEggCEAAYACAAKAAwADgAQABIAA==
144115197360545593,2,2016/06/06 09:58:33.593,48,CAAYACIICAEwrf4GOAAiCAgCMKX8GDgAIggIAzDrohw4ACgB
144115197360545593,3,2016/06/06 09:58:33.593,72,CjIIgH0QhiAYASCgnAEoFDAAOAFABlgBYAFoAXABeAGAAQGIAZADkAHoB5gBKKABeKgBARIA
144115197360545593,1,2016/06/06 09:58:35.563,256,CMmx07oFEJrFqQIYy7HTugUg9tSpAigAMAA4AEAfSABQAFgAYABoAXAAeMoZgAGfIIgBgBCQAQCYAQCgAQCoAQCwAQC4AQDAAQDIAQDSARQIABAAGAAgACgfMAA4AEABSABQANoBVwjKAhAAGAAgzZu37gwoHzAAOABAAEoWCAAQgAUY4AMgCCgIMKQCOKQCQABIAEoUCAEQwAEYkAEgCCgHMCY4JkAASABKEggCEAAYACAAKAAwADgAQABIAA==
144115197360545593,2,2016/06/06 09:58:35.607,48,CAAYACIICAEwxqoHOAAiCAgCMNCGGjgAIggIAzDgwB04ACgB
144115197360545593,1,2016/06/06 09:58:37.576,256,CMux07oFEPbUqQIYzbHTugUg0+SpAigAMAA4AEAgSABQAFgAYABoAXAAeNAkgAHPPYgBgBCQAQCYAQCgAQCoAQCwAQC4AQDAAQDIAQDSARQIABAAGAAgACggMAA4AEABSABQANoBVwiRAhAAGAAgzZu37gwoIDAAOABAAEoWCAAQgAUY4AMgCSgGMOQBOOQBQABIAEoUCAEQwAEYkAEgCSgGMC04LUAASABKEggCEAAYACAAKAAwADgAQABIAA==
144115197360545593,2,2016/06/06 09:58:37.621,48,CAAYACIICAEw9NcHOAAiCAgCMLGUGzgAIggIAzCD4x44ACgB
144115197360545593,3,2016/06/06 09:58:37.621,72,CjIIgH0QhiAYASCgnAEoFDAAOAFABlgBYAFoAXABeAGAAQGIAZADkAHoB5gBKKABeKgBARIA
144115197360545593,1,2016/06/06 09:58:39.587,256,CM2x07oFENPkqQIYz7HTugUgr/SpAigAMAA4AEAvSABQAFgAYABoAXAAeJoagAGeKogBgBCQAQCYAQCgAQCoAQCwAQC4AQDAAQDIAQDSARQIABAAGAAgACgvMAA4AEABSABQANoBVwjAAhAAGAAgzZu37gwoLzAAOABAAEoWCAAQgAUY4AMgCCgHMIYCOIYCQABIAEoUCAEQwAEYkAEgCCgHMDo4OkAASABKEggCEAAYACAAKAAwADgAQABIAA==
144115197360545593,2,2016/06/06 09:58:39.631,48,CAAYACIICAEw/4YIOAAiCAgCMP+lHDgAIggIAzCfiiA4ACgB
144115197360545593,1,2016/06/06 09:58:41.600,256,CM+x07oFEK/0qQIY0bHTugUgjISqAigAMAA4AEAfSABQAFgAYABoAXAAeIUagAH0K4gBgBCQAQCYAQCgAQCoAQCwAQC4AQDAAQDIAQDSARQIABAAGAAgACgfMAA4AEABSABQANoBVwjFAhAAGAAgzZu37gwoHzAAOABAAEoWCAAQgAUY4AMgCCgHMI8COI8CQABIAEoUCAEQwAEYkAEgCCgHMDY4NkAASABKEggCEAAYACAAKAAwADgAQABIAA==
144115197360545593,2,2016/06/06 09:58:41.643,48,CAAYACIICAEwy+gIOAAiCAgCMMm6HTgAIggIAzCxtSE4ACgB
144115197360545593,3,2016/06/06 09:58:41.644,72,CjIIgH0QhiAYASCgnAEoFDAAOAJABlgBYAFoAXABeAGAAQGIAZADkAHoB5gBKKABeKgBARIA
144115197360545593,1,2016/06/06 09:58:43.614,256,CNGx07oFEIyEqgIY07HTugUg6JOqAigAMAA4AEAfSABQAFgAYABoAXAAePQkgAHNK4gBgBCQAQCYAQCgAQCoAQCwAQC4AQDAAQDIAQDSARQIABAAGAAgACgfMAA4AEABSABQANoBVwjKAhAAGAAgzZu37gwoHzAAOABAAEoWCAAQgAUY4AMgCCgHMJQCOJQCQABIAEoUCAEQwAEYkAEgCCgHMDY4NkAASABKEggCEAAYACAAKAAwADgAQABIAA==
144115197360545593,2,2016/06/06 09:58:43.658,48,CAAYACIICAEwy+gIOAAiCAgCMObUHjgAIggIAzCB5yI4ACgB
144115197360545593,1,2016/06/06 09:58:45.624,256,CNOx07oFEOiTqgIY1bHTugUgxKOqAigAMAA4AEAvSABQAFgAYABoAXAAeNwlgAHvMogBgBCQAQCYAQCgAQCoAQCwAQC4AQDAAQDIAQDSARQIABAAGAAgACgvMAA4AEABSABQANoBVwiuAhAAGAAgzZu37gwoLzAAOABAAEoWCAAQgAUY4AMgCSgHMI0COI0CQABIAEoUCAEQwAEYkAEgCSgHMCE4IUAASABKEggCEAAYACAAKAAwADgAQABIAA==
144115197360545593,2,2016/06/06 09:58:45.666,48,CAAYACIICAEwy+gIOAAiCAgCMObUHjgAIggIAzCdniQ4ACgB
144115197360545593,3,2016/06/06 09:58:45.667,72,CjIIgH0QhiAYASCowwEoFDAAOAFABlgBYAFoAXABeAGAAQGIAZADkAHoB5gBKKABeKgBARIA
144115197360545593,1,2016/06/06 09:58:47.638,256,CNWx07oFEMSjqgIY17HTugUgobOqAigAMAA4AEAgSABQAFgAYABoAXAAeLUjgAGaMYgBgBCQAQCYAQCgAQCoAQCwAQC4AQDAAQDIAQDSARQIABAAGAAgACggMAA4AEABSABQANoBVwiMAhAAGAAgzZu37gwoIDAAOABAAEoWCAAQgAUY4AMgCCgGMOwBOOwBQABIAEoUCAEQwAEYkAEgCCgHMCA4IEAASABKEggCEAAYACAAKAAwADgAQABIAA==
144115197360545593,2,2016/06/06 09:58:47.682,48,CAAYACIICAEwy+gIOAAiCAgCMJ3xHzgAIggIAzCdniQ4ACgB
144115197360545593,1,2016/06/06 09:58:49.648,256,CNex07oFEKGzqgIY2bHTugUg/cKqAigAMAA4AEAvSABQAFgAYABoAXAAeNUfgAGiLYgBgBCQAQCYAQCgAQCoAQCwAQC4AQDAAQDIAQDSARQIABAAGAAgACgvMAA4AEABSABQANoBVwizAhAAGAAgzZu37gwoLzAAOABAAEoWCAAQgAUY4AMgCSgHMJECOJECQABIAEoUCAEQwAEYkAEgCSgHMCI4IkAASABKEggCEAAYACAAKAAwADgAQABIAA==
144115197360545593,2,2016/06/06 09:58:49.691,48,CAAYACIICAEwy+gIOAAiCAgCMJ3xHzgAIggIAzCc2iU4ACgB
144115197360545593,3,2016/06/06 09:58:49.691,72,CjIIgH0QhiAYASCowwEoFDAAOAJABlgBYAFoAXABeAGAAQGIAZADkAHoB5gBKKABeKgBARIA
144115197360545593,1,2016/06/06 09:58:51.663,256,CNmx07oFEP3CqgIY27HTugUg2tKqAigAMAA4AEAfSABQAFgAYABoAXAAeMcegAGfJYgBgBCQAQCYAQCgAQCoAQCwAQC4AQDAAQDIAQDSARQIABAAGAAgACgfMAA4AEABSABQANoBVwizAhAAGAAgzZu37gwoHzAAOABAAEoWCAAQgAUY4AMgCCgHMJgCOJgCQABIAEoUCAEQwAEYkAEgCCgHMBs4G0AASABKEggCEAAYACAAKAAwADgAQABIAA==
144115197360545593,2,2016/06/06 09:58:51.707,48,CAAYACIICAEwy+gIOAAiCAgCMJ3xHzgAIggIAzCc2iU4ACgB
144115197360545593,1,2016/06/06 09:58:53.674,256,CNux07oFENrSqgIY3bHTugUgtuKqAigAMAA4AEAuSABQAFgAYABoAXAAeNEhgAG9LogBgBCQAQCYAQCgAQCoAQCwAQC4AQDAAQDIAQDSARQIABAAGAAgACguMAA4AEABSABQANoBVwiXAhAAGAAgzZu37gwoLjAAOABAAEoWCAAQgAUY4AMgCSgHMIYCOIYCQABIAEoUCAEQwAEYkAEgCSgHMBE4EUAASABKEggCEAAYACAAKAAwADgAQABIAA==
144115197360545593,2,2016/06/06 09:58:53.719,48,CAAYACIICAEwy+gIOAAiCAgCMJ3xHzgAIggIAzD5myc4ACgB
144115197360545593,3,2016/06/06 09:58:53.719,72,CjIIgH0QhiAYASCw6gEoFDAAOAFABlgBYAFoAXABeAGAAQGIAZADkAHoB5gBKKABeKgBARIA
144115197360545593,1,2016/06/06 09:58:55.686,256,CN2x07oFELbiqgIY37HTugUgkvKqAigAMAA4AEAfSABQAFgAYABoAXAAeKAbgAGfJYgBgBCQAQCYAQCgAQCoAQCwAQC4AQDAAQDIAQDSARQIABAAGAAgACgfMAA4AEABSABQANoBVwiyAhAAGAAgzZu37gwoHzAAOABAAEoWCAAQgAUY4AMgCCgHMJACOJACQABIAEoUCAEQwAEYkAEgCCgIMCI4IkAASABKEggCEAAYACAAKAAwADgAQABIAA==
144115197360545593,2,2016/06/06 09:58:55.731,48,CAAYACIICAEwy+gIOAAiCAgCMLCQITgAIggIAzD5myc4ACgB
144115197360545593,1,2016/06/06 09:58:57.700,256,CN+x07oFEJLyqgIY4bHTugUg74GrAigAMAA4AEAgSABQAFgAYABoAXAAeM8agAH1IIgBgBCQAQCYAQCgAQCoAQCwAQC4AQDAAQDIAQDSARQIABAAGAAgACggMAA4AEABSABQANoBVwiyAhAAGAAgzZu37gwoIDAAOABAAEoWCAAQgAUY4AMgCCgHMJkCOJkCQABIAEoUCAEQwAEYkAEgCCgHMBk4GUAASABKEggCEAAYACAAKAAwADgAQABIAA==
144115197360545593,2,2016/06/06 09:58:57.746,48,CAAYACIICAEwy+gIOAAiCAgCMLCQITgAIggIAzD5myc4ACgB
144115197360545593,1,2016/06/06 09:58:59.711,256,COGx07oFEO+BqwIY47HTugUgy5GrAigAMAA4AEAvSABQAFgAYABoAXAAeJYhgAHJLIgBgBCQAQCYAQCgAQCoAQCwAQC4AQDAAQDIAQDSARQIABAAGAAgACgvMAA4AEABSABQANoBVwieAhAAGAAgzZu37gwoLzAAOABAAEoWCAAQgAUY4AMgCCgHMIUCOIUCQABIAEoUCAEQwAEYkAEgCCgHMBk4GUAASABKEggCEAAYACAAKAAwADgAQABIAA==
144115197360545593,2,2016/06/06 09:58:59.755,48,CBEYZCIICAEwy+gIOAAiCAgCMLCQITgAIggIAzD5myc4ACgB
144115197360545593,1,2016/06/06 09:59:01.725,256,COOx07oFEMuRqwIY5bHTugUgqKGrAigAMAA4AEAgSABQAFgAYABoAXAAeJoigAHvMogBgBCQAQCYAQCgAQCoAQCwAQC4AQDAAQDIAQDSARQIABAAGBEgACggMAA4AEABSABQANoBVwidAhAAGAAgzZu37gwoIDAAOABAEUoWCAAQgAUY4AMgCSgHMIICOIICQABIAEoUCAEQwAEYkAEgCSgHMBs4G0AASABKEggCEAAYACAAKAAwADgAQABIAA==
144115197360545593,2,2016/06/06 09:59:01.768,48,CBEYZCIICAEwy+gIOAAiCAgCMOqzIjgAIggIAzD5myc4ACgB
144115197360545593,1,2016/06/06 09:59:03.737,256,COWx07oFEKihqwIY57HTugUghLGrAigAMAA4AEAfSABQAFgAYABoAXAAeL8kgAHZKogBgBCQAQCYAQCgAQCoAQCwAQC4AQDAAQDIAQDSARQIABAAGBEgACgfMAA4AEABSABQANoBVwjWAhAAGAAgzZu37gwoHzAAOABAEUoWCAAQgAUY4AMgCCgIMKgCOKgCQABIAEoUCAEQwAEYkAEgCCgIMC44LkAASABKEggCEAAYACAAKAAwADgAQABIAA==
144115197360545593,2,2016/06/06 09:59:03.779,48,CBEYZCIICAEwy+gIOAAiCAgCMOLdIzgAIggIAzD5myc4ACgB
144115197360545593,1,2016/06/06 09:59:05.747,256,COex07oFEISxqwIY6bHTugUg4cCrAigAMAA4AEAfSABQAFgAYABoAXAAeI8ggAG9LogBgBCQAQCYAQCgAQCoAQCwAQC4AQDAAQDIAQDSARQIABAAGBEgACgfMAA4AEABSABQANoBVwiWAhAAGAAgzZu37gwoHzAAOABAEUoWCAAQgAUY4AMgCCgHMPcBOPcBQABIAEoUCAEQwAEYkAEgCCgGMB84H0AASABKEggCEAAYACAAKAAwADgAQABIAA==
144115197360545593,2,2016/06/06 09:59:05.791,48,CAAYACIICAEwy+gIOAAiCAgCMOLdIzgAIggIAzCD4ig4ACgB
144115197360545593,1,2016/06/06 09:59:07.759,256,COmx07oFEOHAqwIY67HTugUgvdCrAigAMAA4AEAfSABQAFgAYABoAXAAePUhgAG1LogBgBCQAQCYAQCgAQCoAQCwAQC4AQDAAQDIAQDSARQIABAAGAAgACgfMAA4AEABSABQANoBVwiSAhAAGAAgzZu37gwoHzAAOABAAEoWCAAQgAUY4AMgCCgHMP0BOP0BQABIAEoUCAEQwAEYkAEgCCgHMBU4FUAASABKEggCEAAYACAAKAAwADgAQABIAA==
144115197360545593,2,2016/06/06 09:59:07.804,48,CAAYACIICAEwy+gIOAAiCAgCMOLdIzgAIggIAzCD4ig4ACgB
144115197360545593,1,2016/06/06 09:59:09.775,256,COux07oFEL3QqwIY7bHTugUgmeCrAigAMAA4AEAfSABQAFgAYABoAXAAeKAegAHEJogBgBCQAQCYAQCgAQCoAQCwAQC4AQDAAQDIAQDSARQIABAAGAAgACgfMAA4AEABSABQANoBVwiiAhAAGAAgzZu37gwoHzAAOABAAEoWCAAQgAUY4AMgCSgHMI4COI4CQABIAEoUCAEQwAEYkAEgCSgIMBQ4FEAASABKEggCEAAYACAAKAAwADgAQABIAA==
144115197360545593,2,2016/06/06 09:59:09.818,48,CAAYACIICAEwy+gIOAAiCAgCMOLdIzgAIggIAzDGrio4ACgB
144115197360545593,1,2016/06/06 09:59:11.786,256,CO2x07oFEJngqwIY77HTugUg9u+rAigAMAA4AEAvSABQAFgAYABoAXAAeN4egAGtMYgBgBCQAQCYAQCgAQCoAQCwAQC4AQDAAQDIAQDSARQIABAAGAAgACgvMAA4AEABSABQANoBVwiqAhAAGAAgzZu37gwoLzAAOABAAEoWCAAQgAUY4AMgCCgHMIkCOIkCQABIAEoUCAEQwAEYkAEgCCgHMCE4IUAASABKEggCEAAYACAAKAAwADgAQABIAA==
144115197360545593,2,2016/06/06 09:59:11.831,48,CAAYACIICAEwy+gIOAAiCAgCMOLdIzgAIggIAzDGrio4ACgB
144115197360545593,1,2016/06/06 09:59:13.798,256,CO+x07oFEPbvqwIY8bHTugUg0v+rAigAMAA4AEAfSABQAFgAYABoAXAAeMYlgAGtNogBgBCQAQCYAQCgAQCoAQCwAQC4AQDAAQDIAQDSARQIABAAGAAgACgfMAA4AEABSABQANoBVwieAhAAGAAgzZu37gwoHzAAOABAAEoWCAAQgAUY4AMgCCgHMPYBOPYBQABIAEoUCAEQwAEYkAEgCCgHMCg4KEAASABKEggCEAAYACAAKAAwADgAQABIAA==
144115197360545593,2,2016/06/06 09:59:13.843,48,CAAYACIICAEwy+gIOAAiCAgCMOLdIzgAIggIAzDGrio4ACgB
144115197360545593,1,2016/06/06 09:59:15.810,256,CPGx07oFENL/qwIY87HTugUgr4+sAigAMAA4AEAfSABQAFgAYABoAXAAeLshgAHcLYgBgBCQAQCYAQCgAQCoAQCwAQC4AQDAAQDIAQDSARQIABAAGAAgACgfMAA4AEABSABQANoBVwiuAhAAGAAgzZu37gwoHzAAOABAAEoWCAAQgAUY4AMgCCgHMI4COI4CQABIAEoUCAEQwAEYkAEgCCgHMCA4IEAASABKEggCEAAYACAAKAAwADgAQABIAA==
144115197360545593,2,2016/06/06 09:59:15.855,48,CAAYACIICAEwy+gIOAAiCAgCMOLdIzgAIggIAzDGrio4ACgB
144115197360545593,1,2016/06/06 09:59:17.822,256,CPOx07oFEK+PrAIY9bHTugUgi5+sAigAMAA4AEAfSABQAFgAYABoAXAAeJwdgAHVLIgBgBCQAQCYAQCgAQCoAQCwAQC4AQDAAQDIAQDSARQIABAAGAAgACgfMAA4AEABSABQANoBVwjCAhAAGAAgzZu37gwoHzAAOABAAEoWCAAQgAUY4AMgCSgIMKgCOKgCQABIAEoUCAEQwAEYkAEgCSgHMBo4GkAASABKEggCEAAYACAAKAAwADgAQABIAA==
144115197360545593,2,2016/06/06 09:59:17.866,48,CAAYACIICAEwy+gIOAAiCAgCMMeLJTgAIggIAzDGrio4ACgB
144115197360545593,1,2016/06/06 09:59:19.835,256,CPWx07oFEIufrAIY97HTugUg566sAigAMAA4AEAfSABQAFgAYABoAXAAePAZgAHVLIgBgBCQAQCYAQCgAQCoAQCwAQC4AQDAAQDIAQDSARQIABAAGAAgACgfMAA4AEABSABQANoBVwi7AhAAGAAgzZu37gwoHzAAOABAAEoWCAAQgAUY4AMgCCgHMIwCOIwCQABIAEoUCAEQwAEYkAEgCCgHMC84L0AASABKEggCEAAYACAAKAAwADgAQABIAA==
144115197360545593,2,2016/06/06 09:59:19.880,48,CAAYACIICAEwy+gIOAAiCAgCMMeLJTgAIggIAzDSgCw4ACgB
144115197360545593,1,2016/06/06 09:59:21.847,256,CPex07oFEOeurAIY+bHTugUgxL6sAigAMAA4AEAgSABQAFgAYABoAXAAeJ0YgAGTJogBgBCQAQCYAQCgAQCoAQCwAQC4AQDAAQDIAQDSARQIABAAGAAgACggMAA4AEABSABQANoBVwifAhAAGAAgzZu37gwoIDAAOABAAEoWCAAQgAUY4AMgCCgHMPsBOPsBQABIAEoUCAEQwAEYkAEgCCgHMCQ4JEAASABKEggCEAAYACAAKAAwADgAQABIAA==
144115197360545593,2,2016/06/06 09:59:21.891,48,CAAYACIICAEwy+gIOAAiCAgCMMeLJTgAIggIAzDSgCw4ACgB
144115197360545593,1,2016/06/06 09:59:23.858,256,CPmx07oFEMS+rAIY+7HTugUgoM6sAigAMAA4AEAfSABQAFgAYABoAXAAeNEXgAGYH4gBgBCQAQCYAQCgAQCoAQCwAQC4AQDAAQDIAQDSARQIABAAGAAgACgfMAA4AEABSABQANoBVwjdAhAAGAAgzZu37gwoHzAAOABAAEoWCAAQgAUY4AMgCCgIMKUCOKUCQABIAEoUCAEQwAEYkAEgCCgHMDg4OEAASABKEggCEAAYACAAKAAwADgAQABIAA==
144115197360545593,2,2016/06/06 09:59:23.902,48,CAAYACIICAEwy+gIOAAiCAgCMMeLJTgAIggIAzDSgCw4ACgB
144115197360545593,1,2016/06/06 09:59:25.874,256,CPux07oFEKDOrAIY/bHTugUg/d2sAigAMAA4AEAfSABQAFgAYABoAXAAeMgUgAHxHogBgBCQAQCYAQCgAQCoAQCwAQC4AQDAAQDIAQDSARQIABAAGAAgACgfMAA4AEABSABQANoBVwilAhAAGAAgzZu37gwoHzAAOABAAEoWCAAQgAUY4AMgCigHMP4BOP4BQABIAEoUCAEQwAEYkAEgCigHMCc4J0AASABKEggCEAAYACAAKAAwADgAQABIAA==
144115197360545593,2,2016/06/06 09:59:25.920,48,CAAYACIICAEwy+gIOAAiCAgCMMeLJTgAIggIAzCQ2S04ACgB
144115197360545593,1,2016/06/06 09:59:27.884,256,CP2x07oFEP3drAIY/7HTugUg2e2sAigAMAA4AEAuSABQAFgAYABoAXAAeN8lgAGxL4gBgBCQAQCYAQCgAQCoAQCwAQC4AQDAAQDIAQDSARQIABAAGAAgACguMAA4AEABSABQANoBVwijAhAAGAAgzZu37gwoLjAAOABAAEoWCAAQgAUY4AMgCigHMI0COI0CQABIAEoUCAEQwAEYkAEgCigHMBY4FkAASABKEggCEAAYACAAKAAwADgAQABIAA==
144115197360545593,2,2016/06/06 09:59:27.926,48,CAAYACIICAEwy+gIOAAiCAgCMMeLJTgAIggIAzCQ2S04ACgB
144115197360545593,1,2016/06/06 09:59:29.896,256,CP+x07oFENntrAIYgbLTugUgtv2sAigAMAA4AEAfSABQAFgAYABoAXAAeMcggAH4KYgBgBCQAQCYAQCgAQCoAQCwAQC4AQDAAQDIAQDSARQIABAAGAAgACgfMAA4AEABSABQANoBVwi3AhAAGAAgzZu37gwoHzAAOABAAEoWCAAQgAUY4AMgCigHMJICOJICQABIAEoUCAEQwAEYkAEgCigHMCU4JUAASABKEggCEAAYACAAKAAwADgAQABIAA==
144115197360545593,2,2016/06/06 09:59:29.939,48,CAAYACIICAEwy+gIOAAiCAgCMMeLJTgAIggIAzCQ2S04ACgB
144115197360545593,1,2016/06/06 09:59:31.909,256,CIGy07oFELb9rAIYg7LTugUgko2tAigAMAA4AEAfSABQAFgAYABoAXAAeKkkgAGiLYgBgBCQAQCYAQCgAQCoAQCwAQC4AQDAAQDIAQDSARQIABAAGAAgACgfMAA4AEABSABQANoBVwiSAhAAGAAgzZu37gwoHzAAOABAAEoWCAAQgAUY4AMgCygHMP0BOP0BQABIAEoUCAEQwAEYkAEgCygHMBU4FUAASABKEggCEAAYACAAKAAwADgAQABIAA==
144115197360545593,2,2016/06/06 09:59:31.953,48,CAAYACIICAEwy+gIOAAiCAgCMMeLJTgAIggIAzCQ2S04ACgB
144115197360545593,1,2016/06/06 09:59:33.923,256,CIOy07oFEJKNrQIYhbLTugUg7pytAigAMAA4AEAfSABQAFgAYABoAXAAeKMhgAH4KYgBgBCQAQCYAQCgAQCoAQCwAQC4AQDAAQDIAQDSARQIABAAGAAgACgfMAA4AEABSABQANoBVwieAhAAGAAgzZu37gwoHzAAOABAAEoWCAAQgAUY4AMgCygJMIUCOIUCQABIAEoUCAEQwAEYkAEgCygJMBk4GUAASABKEggCEAAYACAAKAAwADgAQABIAA==
144115197360545593,2,2016/06/06 09:59:33.967,48,CAAYACIICAEwy+gIOAAiCAgCMMeLJTgAIggIAzCQ2S04ACgB
144115197360545593,1,2016/06/06 09:59:35.945,256,CIWy07oFEO6crQIYh7LTugUgy6ytAigAMAA4AEAgSABQAFgAYABoAXAAeKolgAGKOYgBgBCQAQCYAQCgAQCoAQCwAQC4AQDAAQDIAQDSARQIABAAGAAgACggMAA4AEABSABQANoBVwjkARAAGAAgzZu37gwoIDAAOABAAEoWCAAQgAUY4AMgCygHMNoBONoBQABIAEoUCAEQwAEYkAEgCygHMAo4CkAASABKEggCEAAYACAAKAAwADgAQABIAA==
144115197360545593,2,2016/06/06 09:59:35.990,48,CAAYACIICAEwy+gIOAAiCAgCMMeLJTgAIggIAzCQ2S04ACgB
144115197360545593,1,2016/06/06 09:59:37.948,256,CIey07oFEMusrQIYibLTugUgp7ytAigAMAA4AEAvSABQAFgAYABoAXAAeOohgAHIN4gBgBCQAQCYAQCgAQCoAQCwAQC4AQDAAQDIAQDSARQIABAAGAAgACgvMAA4AEABSABQANoBVwiMAhAAGAAgzZu37gwoLzAAOABAAEoWCAAQgAUY4AMgCygIMPYBOPYBQABIAEoUCAEQwAEYkAEgCygIMBY4FkAASABKEggCEAAYACAAKAAwADgAQABIAA==
144115197360545593,2,2016/06/06 09:59:37.992,48,CAAYACIICAEwy+gIOAAiCAgCMMeLJTgAIggIAzCQ2S04ACgB
144115197360545593,1,2016/06/06 09:59:39.958,256,CImy07oFEKe8rQIYi7LTugUghMytAigAMAA4AEAvSABQAFgAYABoAXAAeOwngAH7LIgBgBCQAQCYAQCgAQCoAQCwAQC4AQDAAQDIAQDSARQIABAAGAAgACgvMAA4AEABSABQANoBVwiGAhAAGAAgzZu37gwoLzAAOABAAEoWCAAQgAUY4AMgCygIMPUBOPUBQABIAEoUCAEQwAEYkAEgCygIMBE4EUAASABKEggCEAAYACAAKAAwADgAQABIAA==
144115197360545593,2,2016/06/06 09:59:40.002,48,CAAYACIICAEwy+gIOAAiCAgCMMeLJTgAIggIAzCQ2S04ACgB
144115197360545593,1,2016/06/06 09:59:41.972,256,CIuy07oFEITMrQIYjbLTugUg4NutAigAMAA4AEAfSABQAFgAYABoAXAAePgigAH7MYgBgBCQAQCYAQCgAQCoAQCwAQC4AQDAAQDIAQDSARQIABAAGAAgACgfMAA4AEABSABQANoBVwimAhAAGAAgzZu37gwoHzAAOABAAEoWCAAQgAUY4AMgCygJMJICOJICQABIAEoUCAEQwAEYkAEgCygJMBQ4FEAASABKEggCEAAYACAAKAAwADgAQABIAA==
144115197360545593,2,2016/06/06 09:59:42.016,48,CAAYACIICAEwy+gIOAAiCAgCMMeLJTgAIggIAzCQ2S04ACgB
144115197360545593,1,2016/06/06 09:59:43.982,256,CI2y07oFEODbrQIYj7LTugUgvOutAigAMAA4AEAfSABQAFgAYABoAXAAeIEegAHULYgBgBCQAQCYAQCgAQCoAQCwAQC4AQDAAQDIAQDSARQIABAAGAAgACgfMAA4AEABSABQANoBVwifAhAAGAAgzZu37gwoHzAAOABAAEoWCAAQgAUY4AMgCygJMI8COI8CQABIAEoUCAEQwAEYkAEgCygJMBA4EEAASABKEggCEAAYACAAKAAwADgAQABIAA==
144115197360545593,2,2016/06/06 09:59:44.026,48,CAAYACIICAEwy+gIOAAiCAgCMMeLJTgAIggIAzCQ2S04ACgB
144115197360545593,1,2016/06/06 09:59:46.023,256,CI+y07oFELzrrQIYkrLTugUgqPutAigAMAA4AEAgSABQAFgAYABoAXAAeIcVgAGLIIgBgBCQAQCYAQCgAQCoAQCwAQC4AQDAAQDIAQDSARQIABAAGAAgACggMAA4AEABSABQANoBVwiyAhAAGAAgzZu37gwoIDAAOABAAEoWCAAQgAUY4AMgCygJMJUCOJUCQABIAEoUCAEQwAEYkAEgCygJMB04HUAASABKEggCEAAYACAAKAAwADgAQABIAA==
144115197360545593,2,2016/06/06 09:59:46.103,48,CAAYACIICAEwy+gIOAAiCAgCMMeLJTgAIggIAzCQ2S04ACgB
144115197360545593,1,2016/06/06 09:59:48.026,256,CJKy07oFEKj7rQIYlLLTugUghYuuAigAMAA4AEBOSABQAFgAYABoAXAAeK4WgAGWLogBgBCQAQCYAQCgAQCoAQCwAQC4AQDAAQDIAQDSARQIABAAGAAgAChOMAA4AEABSABQANoBVwiPAhAAGAAgzZu37gwoTjAAOABAAEoWCAAQgAUY4AMgCygIMPoBOPoBQABIAEoUCAEQwAEYkAEgCygIMBU4FUAASABKEggCEAAYACAAKAAwADgAQABIAA==
144115197360545593,2,2016/06/06 09:59:48.070,48,CAAYACIICAEwy+gIOAAiCAgCMMeLJTgAIggIAzCQ2S04ACgB
144115197360545593,1,2016/06/06 09:59:50.036,256,CJSy07oFEIWLrgIYlrLTugUg4ZquAigAMAA4AEAvSABQAFgAYABoAXAAePYogAHsL4gBgBCQAQCYAQCgAQCoAQCwAQC4AQDAAQDIAQDSARQIABAAGAAgACgvMAA4AEABSABQANoBVwj0ARAAGAAgzZu37gwoLzAAOABAAEoWCAAQgAUY4AMgCygIMOABOOABQABIAEoUCAEQwAEYkAEgCygIMBQ4FEAASABKEggCEAAYACAAKAAwADgAQABIAA==
144115197360545593,2,2016/06/06 09:59:50.080,48,CAAYACIICAEwy+gIOAAiCAgCMMeLJTgAIggIAzCQ2S04ACgB
144115197360545593,1,2016/06/06 09:59:52.050,256,CJay07oFEOGargIYmLLTugUgvqquAigAMAA4AEAfSABQAFgAYABoAXAAeJ8jgAHVLIgBgBCQAQCYAQCgAQCoAQCwAQC4AQDAAQDIAQDSARQIABAAGAAgACgfMAA4AEABSABQANoBVwirAhAAGAAgzZu37gwoHzAAOABAAEoWCAAQgAUY4AMgCygJMJICOJICQABIAEoUCAEQwAEYkAEgCygJMBk4GUAASABKEggCEAAYACAAKAAwADgAQABIAA==
144115197360545593,2,2016/06/06 09:59:52.095,48,CAAYACIICAEwy+gIOAAiCAgCMMeLJTgAIggIAzCQ2S04ACgB
144115197360545593,1,2016/06/06 09:59:54.061,256,CJiy07oFEL6qrgIYmrLTugUgmrquAigAMAA4AEAuSABQAFgAYABoAXAAeP8dgAG+NIgBgBCQAQCYAQCgAQCoAQCwAQC4AQDAAQDIAQDSARQIABAAGAAgACguMAA4AEABSABQANoBVwiuAhAAGAAgzZu37gwoLjAAOABAAEoWCAAQgAUY4AMgCygJMJ0COJ0CQABIAEoUCAEQwAEYkAEgCygJMBE4EUAASABKEggCEAAYACAAKAAwADgAQABIAA==
144115197360545593,2,2016/06/06 09:59:54.104,48,CAAYACIICAEwy+gIOAAiCAgCMMeLJTgAIggIAzCQ2S04ACgB
144115197360545593,1,2016/06/06 09:59:56.074,256,CJqy07oFEJq6rgIYnLLTugUg9smuAigAMAA4AEAfSABQAFgAYABoAXAAePwYgAHUI4gBgBCQAQCYAQCgAQCoAQCwAQC4AQDAAQDIAQDSARQIABAAGAAgACgfMAA4AEABSABQANoBVwiTAhAAGAAgzZu37gwoHzAAOABAAEoWCAAQgAUY4AMgCygJMPsBOPsBQABIAEoUCAEQwAEYkAEgCygJMBg4GEAASABKEggCEAAYACAAKAAwADgAQABIAA==
144115197360545593,2,2016/06/06 09:59:56.117,48,CAAYACIICAEwy+gIOAAiCAgCMPm9JjgAIggIAzCQ2S04ACgB
144115197360545593,1,2016/06/06 09:59:58.086,256,CJyy07oFEPbJrgIYnrLTugUg09muAigAMAA4AEAgSABQAFgAYABoAXAAeKUUgAHVF4gBgBCQAQCYAQCgAQCoAQCwAQC4AQDAAQDIAQDSARQIABAAGAAgACggMAA4AEABSABQANoBVwioAhAAGAAgzZu37gwoIDAAOABAAEoWCAAQgAUY4AMgCygJMJECOJECQABIAEoUCAEQwAEYkAEgCygJMBc4F0AASABKEggCEAAYACAAKAAwADgAQABIAA==
144115197360545593,2,2016/06/06 09:59:58.129,48,CAAYACIICAEwy+gIOAAiCAgCMPm9JjgAIggIAzCQ2S04ACgB
144115197360545593,1,2016/06/06 10:00:00.100,256,CJ6y07oFENPZrgIYoLLTugUgr+muAigAMAA4AEAfSABQAFgAYABoAXAAeMMTgAHkGIgBgBCQAQCYAQCgAQCoAQCwAQC4AQDAAQDIAQDSARQIABAAGAAgACgfMAA4AEABSABQANoBVwi9AhAAGAAgzZu37gwoHzAAOABAAEoWCAAQgAUY4AMgCygJMKkCOKkCQABIAEoUCAEQwAEYkAEgCygJMBQ4FEAASABKEggCEAAYACAAKAAwADgAQABIAA==
144115197360545593,2,2016/06/06 10:00:00.145,48,CAAYACIICAEwy+gIOAAiCAgCMPm9JjgAIggIAzCQ2S04ACgB
144115197360545593,1,2016/06/06 10:00:02.111,256,CKCy07oFEK/prgIYorLTugUgjPmuAigAMAA4AEAvSABQAFgAYABoAXAAeNwlgAGtNogBgBCQAQCYAQCgAQCoAQCwAQC4AQDAAQDIAQDSARQIABAAGAAgACgvMAA4AEABSABQANoBVwjlARAAGAAgzZu37gwoLzAAOABAAEoWCAAQgAUY4AMgCygIMNABONABQABIAEoUCAEQwAEYkAEgCygIMBU4FUAASABKEggCEAAYACAAKAAwADgAQABIAA==
144115197360545593,2,2016/06/06 10:00:02.154,48,CAAYACIICAEwy+gIOAAiCAgCMPm9JjgAIggIAzCQ2S04ACgB
144115197360545593,1,2016/06/06 10:00:04.124,256,CKKy07oFEIz5rgIYpLLTugUg6IivAigAMAA4AEAfSABQAFgAYABoAXAAeJsdgAGuJ4gBgBCQAQCYAQCgAQCoAQCwAQC4AQDAAQDIAQDSARQIABAAGAAgACgfMAA4AEABSABQANoBVwipAhAAGAAgzZu37gwoHzAAOABAAEoWCAAQgAUY4AMgCygJMJECOJECQABIAEoUCAEQwAEYkAEgCygKMBg4GEAASABKEggCEAAYACAAKAAwADgAQABIAA==
144115197360545593,2,2016/06/06 10:00:04.170,48,CAAYACIICAEwy+gIOAAiCAgCMPm9JjgAIggIAzCQ2S04ACgB
144115197360545593,1,2016/06/06 10:00:06.138,256,CKSy07oFEOiIrwIYprLTugUgxZivAigAMAA4AEAvSABQAFgAYABoAXAAeP4lgAHuPIgBgBCQAQCYAQCgAQCoAQCwAQC4AQDAAQDIAQDSARQIABAAGAAgACgvMAA4AEABSABQANoBVwjQARAAGAAgzZu37gwoLzAAOABAAEoWCAAQgAUY4AMgCygGML4BOL4BQABIAEoUCAEQwAEYkAEgCygGMBI4EkAASABKEggCEAAYACAAKAAwADgAQABIAA==
144115197360545593,2,2016/06/06 10:00:06.182,48,CAAYACIICAEwy+gIOAAiCAgCMPm9JjgAIggIAzCQ2S04ACgB
144115197360545593,1,2016/06/06 10:00:08.150,256,CKay07oFEMWYrwIYqLLTugUgoaivAigAMAA4AEAuSABQAFgAYABoAXAAeLEggAGEJIgBgBCQAQCYAQCgAQCoAQCwAQC4AQDAAQDIAQDSARQIABAAGAAgACguMAA4AEABSABQANoBVwjEAhAAGAAgzZu37gwoLjAAOABAAEoWCAAQgAUY4AMgCygKMKsCOKsCQABIAEoUCAEQwAEYkAEgCygJMBk4GUAASABKEggCEAAYACAAKAAwADgAQABIAA==
144115197360545593,2,2016/06/06 10:00:08.194,48,CAAYACIICAEwy+gIOAAiCAgCMPm9JjgAIggIAzCQ2S04ACgB
144115197360545593,1,2016/06/06 10:00:10.160,256,CKiy07oFEKGorwIYqrLTugUg/bevAigAMAA4AEAvSABQAFgAYABoAXAAeIkkgAG+KYgBgBCQAQCYAQCgAQCoAQCwAQC4AQDAAQDIAQDSARQIABAAGAAgACgvMAA4AEABSABQANoBVwikAhAAGAAgzZu37gwoLzAAOABAAEoWCAAQgAUY4AMgCigIMIYCOIYCQABIAEoUCAEQwAEYkAEgCigJMB44HkAASABKEggCEAAYACAAKAAwADgAQABIAA==
144115197360545593,2,2016/06/06 10:00:10.205,48,CAAYACIICAEwy+gIOAAiCAgCMPm9JjgAIggIAzCQ2S04ACgB
144115197360545593,1,2016/06/06 10:00:12.173,256,CKqy07oFEP23rwIYrLLTugUg2sevAigAMAA4AEAgSABQAFgAYABoAXAAeI4jgAGCOIgBgBCQAQCYAQCgAQCoAQCwAQC4AQDAAQDIAQDSARQIABAAGAAgACggMAA4AEABSABQANoBVwj6ARAAGAAgzZu37gwoIDAAOABAAEoWCAAQgAUY4AMgCygJMOwBOOwBQABIAEoUCAEQwAEYkAEgCygIMA44DkAASABKEggCEAAYACAAKAAwADgAQABIAA==
144115197360545593,2,2016/06/06 10:00:12.217,48,CAAYACIICAEwy+gIOAAiCAgCMPm9JjgAIggIAzCQ2S04ACgB
144115197360545593,1,2016/06/06 10:00:14.187,256,CKyy07oFENrHrwIYrrLTugUgttevAigAMAA4AEAfSABQAFgAYABoAXAAePYagAH8IogBgBCQAQCYAQCgAQCoAQCwAQC4AQDAAQDIAQDSARQIABAAGAAgACgfMAA4AEABSABQANoBVwjEAhAAGAAgzZu37gwoHzAAOABAAEoWCAAQgAUY4AMgCygKMKMCOKMCQABIAEoUCAEQwAEYkAEgCygKMCE4IUAASABKEggCEAAYACAAKAAwADgAQABIAA==
144115197360545593,2,2016/06/06 10:00:14.229,48,CAAYACIICAEwy+gIOAAiCAgCMPm9JjgAIggIAzCQ2S04ACgB
144115197360545593,1,2016/06/06 10:00:16.197,256,CK6y07oFELbXrwIYsLLTugUgk+evAigAMAA4AEAfSABQAFgAYABoAXAAeP0agAG2I4gBgBCQAQCYAQCgAQCoAQCwAQC4AQDAAQDIAQDSARQIABAAGAAgACgfMAA4AEABSABQANoBVwiUAhAAGAAgzZu37gwoHzAAOABAAEoWCAAQgAUY4AMgCygJMP0BOP0BQABIAEoUCAEQwAEYkAEgCygJMBc4F0AASABKEggCEAAYACAAKAAwADgAQABIAA==
144115197360545593,2,2016/06/06 10:00:16.240,48,CAAYACIICAEwy+gIOAAiCAgCMPm9JjgAIggIAzCQ2S04ACgB
144115197360545593,1,2016/06/06 10:00:18.211,256,CLCy07oFEJPnrwIYsrLTugUg7/avAigAMAA4AEAfSABQAFgAYABoAXAAeO0jgAGxL4gBgBCQAQCYAQCgAQCoAQCwAQC4AQDAAQDIAQDSARQIABAAGAAgACgfMAA4AEABSABQANoBVwjvARAAGAAgzZu37gwoHzAAOABAAEoWCAAQgAUY4AMgCygHMNsBONsBQABIAEoUCAEQwAEYkAEgCygHMBQ4FEAASABKEggCEAAYACAAKAAwADgAQABIAA==
144115197360545593,2,2016/06/06 10:00:18.255,48,CAAYACIICAEwy+gIOAAiCAgCMPm9JjgAIggIAzCQ2S04ACgB
144115197360545593,1,2016/06/06 10:00:20.221,256,CLKy07oFEO/2rwIYtLLTugUgy4awAigAMAA4AEAfSABQAFgAYABoAXAAeJ0kgAH7LIgBgBCQAQCYAQCgAQCoAQCwAQC4AQDAAQDIAQDSARQIABAAGAAgACgfMAA4AEABSABQANoBVwi1AhAAGAAgzZu37gwoHzAAOABAAEoWCAAQgAUY4AMgCigHMP8BOP8BQABIAEoUCAEQwAEYkAEgCigIMDY4NkAASABKEggCEAAYACAAKAAwADgAQABIAA==
144115197360545593,2,2016/06/06 10:00:20.264,48,CAAYACIICAEwy+gIOAAiCAgCMPm9JjgAIggIAzCQ2S04ACgB
144115197360545593,1,2016/06/06 10:00:22.237,256,CLSy07oFEMuGsAIYtrLTugUgqJawAigAMAA4AEAgSABQAFgAYABoAXAAeIMfgAGeKogBgBCQAQCYAQCgAQCoAQCwAQC4AQDAAQDIAQDSARQIABAAGAAgACggMAA4AEABSABQANoBVwibAhAAGAAgzZu37gwoIDAAOABAAEoWCAAQgAUY4AMgCCgDMOgBOOgBQABIAEoUCAEQwAEYkAEgCCgGMDM4M0AASABKEggCEAAYACAAKAAwADgAQABIAA==
144115197360545593,2,2016/06/06 10:00:22.281,48,CAAYACIICAEwy+gIOAAiCAgCMPm9JjgAIggIAzCQ2S04ACgB
144115197360545593,1,2016/06/06 10:00:24.248,256,CLay07oFEKiWsAIYuLLTugUghKawAigAMAA4AEAfSABQAFgAYABoAXAAeM4mgAGiMogBgBCQAQCYAQCgAQCoAQCwAQC4AQDAAQDIAQDSARQIABAAGAAgACgfMAA4AEABSABQANoBVwj8ARAAGAAgzZu37gwoHzAAOABAAEoWCAAQgAUY4AMgCCgHMNQBONQBQABIAEoUCAEQwAEYkAEgCCgHMCg4KEAASABKEggCEAAYACAAKAAwADgAQABIAA==
144115197360545593,2,2016/06/06 10:00:24.292,48,CAAYACIICAEwy+gIOAAiCAgCMPm9JjgAIggIAzCQ2S04ACgB
144115197360545593,1,2016/06/06 10:00:26.259,256,CLiy07oFEISmsAIYurLTugUg4bWwAigAMAA4AEAfSABQAFgAYABoAXAAeMMigAGDKYgBgBCQAQCYAQCgAQCoAQCwAQC4AQDAAQDIAQDSARQIABAAGAAgACgfMAA4AEABSABQANoBVwiuAhAAGAAgzZu37gwoHzAAOABAAEoWCAAQgAUY4AMgCCgFMPIBOPIBQABIAEoUCAEQwAEYkAEgCCgHMDw4PEAASABKEggCEAAYACAAKAAwADgAQABIAA==
144115197360545593,2,2016/06/06 10:00:26.303,48,CAAYACIICAEwy+gIOAAiCAgCMPm9JjgAIggIAzCQ2S04ACgB
144115197360545593,1,2016/06/06 10:00:28.272,256,CLqy07oFEOG1sAIYvLLTugUgvcWwAigAMAA4AEAfSABQAFgAYABoAXAAeN0ZgAHGIIgBgBCQAQCYAQCgAQCoAQCwAQC4AQDAAQDIAQDSARQIABAAGAAgACgfMAA4AEABSABQANoBVwihAhAAGAAgzZu37gwoHzAAOABAAEoWCAAQgAUY4AMgCCgEMOIBOOIBQABIAEoUCAEQwAEYkAEgCCgHMD84P0AASABKEggCEAAYACAAKAAwADgAQABIAA==
144115197360545593,2,2016/06/06 10:00:28.316,48,CAAYACIICAEwy+gIOAAiCAgCMPm9JjgAIggIAzCQ2S04ACgB
144115197360545593,1,2016/06/06 10:00:30.287,256,CLyy07oFEL3FsAIYvrLTugUgmdWwAigAMAA4AEAfSABQAFgAYABoAXAAeJgYgAHhIYgBgBCQAQCYAQCgAQCoAQCwAQC4AQDAAQDIAQDSARQIABAAGAAgACgfMAA4AEABSABQANoBVwjDAhAAGAAgzZu37gwoHzAAOABAAEoWCAAQgAUY4AMgCCgHMIsCOIsCQABIAEoUCAEQwAEYkAEgCCgHMDg4OEAASABKEggCEAAYACAAKAAwADgAQABIAA==
144115197360545593,2,2016/06/06 10:00:30.331,48,CAAYACIICAEwy+gIOAAiCAgCMPm9JjgAIggIAzCQ2S04ACgB
144115197360545593,1,2016/06/06 10:00:32.298,256,CL6y07oFEJnVsAIYwLLTugUg9uSwAigAMAA4AEAvSABQAFgAYABoAXAAeNYagAHCIogBgBCQAQCYAQCgAQCoAQCwAQC4AQDAAQDIAQDSARQIABAAGAAgACgvMAA4AEABSABQANoBVwiVAhAAGAAgzZu37gwoLzAAOABAAEoWCAAQgAUY4AMgCCgHMIECOIECQABIAEoUCAEQwAEYkAEgCCgHMBQ4FEAASABKEggCEAAYACAAKAAwADgAQABIAA==
144115197360545593,2,2016/06/06 10:00:32.343,48,CAAYACIICAEwy+gIOAAiCAgCMPm9JjgAIggIAzCQ2S04ACgB
144115197360545593,1,2016/06/06 10:00:34.311,256,CMCy07oFEPbksAIYwrLTugUg0vSwAigAMAA4AEAvSABQAFgAYABoAXAAeO0jgAHUMYgBgBCQAQCYAQCgAQCoAQCwAQC4AQDAAQDIAQDSARQIABAAGAAgACgvMAA4AEABSABQANoBVwi5AhAAGAAgzZu37gwoLzAAOABAAEoWCAAQgAUY4AMgCCgHMJECOJECQABIAEoUCAEQwAEYkAEgCCgHMCg4KEAASABKEggCEAAYACAAKAAwADgAQABIAA==
144115197360545593,2,2016/06/06 10:00:34.355,48,CAAYACIICAEwy+gIOAAiCAgCMPm9JjgAIggIAzCQ2S04ACgB
144115197360545593,1,2016/06/06 10:00:36.322,256,CMKy07oFENL0sAIYxLLTugUgr4SxAigAMAA4AEAvSABQAFgAYABoAXAAeLkegAGZNogBgBCQAQCYAQCgAQCoAQCwAQC4AQDAAQDIAQDSARQIABAAGAAgACgvMAA4AEABSABQANoBVwjIAhAAGAAgzZu37gwoLzAAOABAAEoWCAAQgAUY4AMgCCgIMKECOKECQABIAEoUCAEQwAEYkAEgCCgHMCc4J0AASABKEggCEAAYACAAKAAwADgAQABIAA==
144115197360545593,2,2016/06/06 10:00:36.366,48,CAAYACIICAEwy+gIOAAiCAgCMPm9JjgAIggIAzCQ2S04ACgB
144115197360545593,1,2016/06/06 10:00:38.337,256,CMSy07oFEK+EsQIYxrLTugUgi5SxAigAMAA4AEAfSABQAFgAYABoAXAAeJIhgAG1LYgBgBCQAQCYAQCgAQCoAQCwAQC4AQDAAQDIAQDSARQIABAAGAAgACgfMAA4AEABSABQANoBVwiLAhAAGAAgzZu37gwoHzAAOABAAEoWCAAQgAUY4AMgCCgGMO4BOO4BQABIAEoUCAEQwAEYkAEgCCgHMB04HUAASABKEggCEAAYACAAKAAwADgAQABIAA==
144115197360545593,2,2016/06/06 10:00:38.381,48,CAAYACIICAEwy+gIOAAiCAgCMPm9JjgAIggIAzCQ2S04ACgB
144115197360545593,1,2016/06/06 10:00:40.346,256,CMay07oFEIuUsQIYyLLTugUg6KOxAigAMAA4AEAvSABQAFgAYABoAXAAeOYcgAGpM4gBgBCQAQCYAQCgAQCoAQCwAQC4AQDAAQDIAQDSARQIABAAGAAgACgvMAA4AEABSABQANoBVwirAhAAGAAgzZu37gwoLzAAOABAAEoWCAAQgAUY4AMgCCgIMJ8COJ8CQABIAEoUCAEQwAEYkAEgCCgHMAw4DEAASABKEggCEAAYACAAKAAwADgAQABIAA==
144115197360545593,2,2016/06/06 10:00:40.389,48,CAAYACIICAEwy+gIOAAiCAgCMPm9JjgAIggIAzCQ2S04ACgB
144115197360545593,1,2016/06/06 10:00:42.361,256,CMiy07oFEOijsQIYyrLTugUgxLOxAigAMAA4AEAfSABQAFgAYABoAXAAeOwegAHzNYgBgBCQAQCYAQCgAQCoAQCwAQC4AQDAAQDIAQDSARQIABAAGAAgACgfMAA4AEABSABQANoBVwinAhAAGAAgzZu37gwoHzAAOABAAEoWCAAQgAUY4AMgCCgGMPABOPABQABIAEoUCAEQwAEYkAEgCCgGMDc4N0AASABKEggCEAAYACAAKAAwADgAQABIAA==
144115197360545593,2,2016/06/06 10:00:42.406,48,CAAYACIICAEwy+gIOAAiCAgCMPm9JjgAIggIAzCQ2S04ACgB
144115197360545593,1,2016/06/06 10:00:44.373,256,CMqy07oFEMSzsQIYzLLTugUgoMOxAigAMAA4AEAvSABQAFgAYABoAXAAeP0igAG1N4gBgBCQAQCYAQCgAQCoAQCwAQC4AQDAAQDIAQDSARQIABAAGAAgACgvMAA4AEABSABQANoBVwiXAhAAGAAgzZu37gwoLzAAOABAAEoWCAAQgAUY4AMgCCgGMOUBOOUBQABIAEoUCAEQwAEYkAEgCCgGMDI4MkAASABKEggCEAAYACAAKAAwADgAQABIAA==
144115197360545593,2,2016/06/06 10:00:44.418,48,CAAYACIICAEwy+gIOAAiCAgCMPm9JjgAIggIAzCQ2S04ACgB
144115197360545593,1,2016/06/06 10:00:46.385,256,CMyy07oFEKDDsQIYzrLTugUg/dKxAigAMAA4AEAvSABQAFgAYABoAXAAeMcbgAGOKYgBgBCQAQCYAQCgAQCoAQCwAQC4AQDAAQDIAQDSARQIABAAGAAgACgvMAA4AEABSABQANoBVwjEAhAAGAAgzZu37gwoLzAAOABAAEoWCAAQgAUY4AMgCSgIMKgCOKgCQABIAEoUCAEQwAEYkAEgCSgHMBw4HEAASABKEggCEAAYACAAKAAwADgAQABIAA==
144115197360545593,2,2016/06/06 10:00:46.431,48,CAAYACIICAEwy+gIOAAiCAgCMPm9JjgAIggIAzCQ2S04ACgB
144115197360545593,1,2016/06/06 10:00:48.397,256,CM6y07oFEP3SsQIY0LLTugUg2eKxAigAMAA4AEAvSABQAFgAYABoAXAAeLgZgAHGIIgBgBCQAQCYAQCgAQCoAQCwAQC4AQDAAQDIAQDSARQIABAAGAAgACgvMAA4AEABSABQANoBVwibAhAAGAAgzZu37gwoLzAAOABAAEoWCAAQgAUY4AMgCSgHMIkCOIkCQABIAEoUCAEQwAEYkAEgCSgIMBI4EkAASABKEggCEAAYACAAKAAwADgAQABIAA==
144115197360545593,2,2016/06/06 10:00:48.441,48,CAAYACIICAEwy+gIOAAiCAgCMPm9JjgAIggIAzCQ2S04ACgB
144115197360545593,1,2016/06/06 10:00:50.440,256,CNCy07oFENnisQIY0rLTugUg1fKxAigAMAA4AEAfSABQAFgAYABoAXAAeN8lgAHnMIgBgBCQAQCYAQCgAQCoAQCwAQC4AQDAAQDIAQDSARQIABAAGAAgACgfMAA4AEABSABQANoBVwiPAhAAGAAgzZu37gwoHzAAOABAAEoWCAAQgAUY4AMgCSgGMOoBOOoBQABIAEoUCAEQwAEYkAEgCSgGMCU4JUAASABKEggCEAAYACAAKAAwADgAQABIAA==
144115197360545593,2,2016/06/06 10:00:50.488,48,CAAYACIICAEwy+gIOAAiCAgCMPm9JjgAIggIAzCQ2S04ACgB
144115197360545593,1,2016/06/06 10:00:52.453,256,CNKy07oFENXysQIY1LLTugUgsYKyAigAMAA4AEAvSABQAFgAYABoAXAAeIQigAHAO4gBgBCQAQCYAQCgAQCoAQCwAQC4AQDAAQDIAQDSARQIABAAGAAgACgvMAA4AEABSABQANoBVwipAhAAGAAgzZu37gwoLzAAOABAAEoWCAAQgAUY4AMgCSgHMI0COI0CQABIAEoUCAEQwAEYkAEgCSgHMBw4HEAASABKEggCEAAYACAAKAAwADgAQABIAA==
144115197360545593,2,2016/06/06 10:00:52.497,48,CAAYACIICAEwy+gIOAAiCAgCMPm9JjgAIggIAzCQ2S04ACgB
144115197360545593,1,2016/06/06 10:00:54.464,256,CNSy07oFELGCsgIY1rLTugUgjpKyAigAMAA4AEAfSABQAFgAYABoAXAAePAlgAH+NIgBgBCQAQCYAQCgAQCoAQCwAQC4AQDAAQDIAQDSARQIABAAGAAgACgfMAA4AEABSABQANoBVwiCAhAAGAAgzZu37gwoHzAAOABAAEoWCAAQgAUY4AMgCSgGMPEBOPEBQABIAEoUCAEQwAEYkAEgCSgHMBE4EUAASABKEggCEAAYACAAKAAwADgAQABIAA==
144115197360545593,2,2016/06/06 10:00:54.508,48,CAAYACIICAEwy+gIOAAiCAgCMPm9JjgAIggIAzCQ2S04ACgB
144115197360545593,1,2016/06/06 10:00:56.478,256,CNay07oFEI6SsgIY2LLTugUg6qGyAigAMAA4AEAfSABQAFgAYABoAXAAeIcdgAHsKogBgBCQAQCYAQCgAQCoAQCwAQC4AQDAAQDIAQDSARQIABAAGAAgACgfMAA4AEABSABQANoBVwi9AhAAGAAgzZu37gwoHzAAOABAAEoWCAAQgAUY4AMgCSgIMKICOKICQABIAEoUCAEQwAEYkAEgCSgHMBs4G0AASABKEggCEAAYACAAKAAwADgAQABIAA==
144115197360545593,2,2016/06/06 10:00:56.522,48,CAAYACIICAEwy+gIOAAiCAgCMPm9JjgAIggIAzCQ2S04ACgB
144115197360545593,1,2016/06/06 10:00:58.489,256,CNiy07oFEOqhsgIY2rLTugUgxrGyAigAMAA4AEAfSABQAFgAYABoAXAAeIcfgAHnMYgBgBCQAQCYAQCgAQCoAQCwAQC4AQDAAQDIAQDSARQIABAAGAAgACgfMAA4AEABSABQANoBVwjnARAAGAAgzZu37gwoHzAAOABAAEoWCAAQgAUY4AMgCSgFMMsBOMsBQABIAEoUCAEQwAEYkAEgCSgGMBw4HEAASABKEggCEAAYACAAKAAwADgAQABIAA==
144115197360545593,2,2016/06/06 10:00:58.534,48,CAAYACIICAEwy+gIOAAiCAgCMPm9JjgAIggIAzCQ2S04ACgB
144115197360545593,1,2016/06/06 10:01:00.503,256,CNqy07oFEMaxsgIY3LLTugUgo8GyAigAMAA4AEAgSABQAFgAYABoAXAAeNIigAHwLYgBgBCQAQCYAQCgAQCoAQCwAQC4AQDAAQDIAQDSARQIABAAGAAgACggMAA4AEABSABQANoBVwi9AhAAGAAgzZu37gwoIDAAOABAAEoWCAAQgAUY4AMgCSgIMJ8COJ8CQABIAEoUCAEQwAEYkAEgCSgIMB44HkAASABKEggCEAAYACAAKAAwADgAQABIAA==
144115197360545593,2,2016/06/06 10:01:00.547,48,CAAYACIICAEwy+gIOAAiCAgCMPm9JjgAIggIAzCQ2S04ACgB
144115197360545593,1,2016/06/06 10:01:02.515,256,CNyy07oFEKPBsgIY3rLTugUg/9CyAigAMAA4AEAfSABQAFgAYABoAXAAeMsZgAGtMYgBgBCQAQCYAQCgAQCoAQCwAQC4AQDAAQDIAQDSARQIABAAGAAgACgfMAA4AEABSABQANoBVwiYAhAAGAAgzZu37gwoHzAAOABAAEoWCAAQgAUY4AMgCSgHMJACOJACQABIAEoUCAEQwAEYkAEgCSgHMAg4CEAASABKEggCEAAYACAAKAAwADgAQABIAA==
144115197360545593,2,2016/06/06 10:01:02.560,48,CAAYACIICAEwy+gIOAAiCAgCMPm9JjgAIggIAzCQ2S04ACgB
144115197360545593,1,2016/06/06 10:01:04.528,256,CN6y07oFEP/QsgIY4LLTugUg3OCyAigAMAA4AEAfSABQAFgAYABoAXAAeJcagAGqLogBgBCQAQCYAQCgAQCoAQCwAQC4AQDAAQDIAQDSARQIABAAGAAgACgfMAA4AEABSABQANoBVwikAhAAGAAgzZu37gwoHzAAOABAAEoWCAAQgAUY4AMgCSgHMI0COI0CQABIAEoUCAEQwAEYkAEgCSgIMBc4F0AASABKEggCEAAYACAAKAAwADgAQABIAA==
144115197360545593,2,2016/06/06 10:01:04.572,48,CAAYACIICAEwy+gIOAAiCAgCMPm9JjgAIggIAzCQ2S04ACgB
