144115197360545593,4,2016/06/04 21:10:13.129,68,EhAQgAUY4AMwIFAAgAEBiAEBGh0IhiAQABgBIAAoADABOAFAAUgBUAFYAGAAaABwAA==
144115197360545593,3,2016/06/04 21:10:13.429,284,CjIIgH0QhiAYASCgnAEoFDAAOAFABlgBYAFoAXABeAGAAQGIAZADkAHoB5gBKKABeKgBARKdAQpRCAAQBRjgAyCABSgKMJEBOAFAHkgAUBRYFGDoB2gAcCB4AIABAJAB6AeYAegHoAECqAEBsAEAuAG8BcABigXIAdgE0AEA2AEA4AEA6AEA8AEAEkgIARABGAAgACgAMAA4AEAASABQAFgAYABoAHAAeACAAQCQAQCYAQCgAQCoAQCwAQC4AQDAAQDIAQDQAQDYAQDgAQDoAQDwAQA=
144115197360545593,1,2016/06/04 21:10:15.445,244,CLWmy7oFEMajtRcYt6bLugUgo7O1FygAMAA4AEAASABQAFgAYABoAXAAeACAAQCIAYAQkAEAmAEAoAEAqAEAsAEAuAEAwAEAyAEA0gEUCAAQABgAIAAoADAAOABAAUgAUADaAVAIABAAGAAgzZu37gwoADAAOABAAEoSCAAQABgAIAAoADAAOABAAEgAShIIABAAGAAgACgAMAA4AEAASABKEggCEAAYACAAKAAwADgAQABIAA==
144115197360545593,3,2016/06/04 21:10:15.446,184,CjIIgH0QhiAYASCgnAEoFDAAOAFABlgBYAFoAXABeAGAAQGIAZADkAHoB5gBKKABeKgBARJTClEIABAFGOADIIAFKAowkQE4AUAeSABQFFgUYOgHaABwIHgAgAEAkAHoB5gB6AegAQKoAQGwAQC4AbwFwAGKBcgB2ATQAQDYAQDgAQDoAQDwAQA=
144115197360545593,2,2016/06/04 21:10:15.490,156,Elh/ykYNXxXase5vCR2ZYS5hmfD0+xESJMrFYDecEdfmykxGOTBdiY+2pjE6jDTw2kKdyT1bn2rN5yaBlB3M7HDROVb5tiikBTzokQGv25oJFy/VMZvsffi3IgYIATAAOAAiBggCMAA4ACIGCAMwADgAKAE=
144115197360545593,3,2016/06/04 21:10:15.490,184,CjIIgH0QhiAYASCgnAEoFDAAOAFABlgBYAFoAXABeAGAAQGIAZADkAHoB5gBKKABeKgBARJSElAIARAFGJABIMABKAcwMjgFQB5IAFAUWBRg6AdoGnAoeACAAQCQAegHmAHoB6ABAqgBAbABALgBvAXAAYoFyAHYBNABANgBAOABAOgBAPABAA==
144115197360545593,3,2016/06/04 21:10:16.998,184,CjIIgH0QhiAYASCgnAEoFDAAOAFABlgBYAFoAXABeAGAAQGIAZADkAHoB5gBKKABeKgBARJTClEIABAFGOADIIAFKAowkQE4AUAeSABQFFgUYOgHaABwIHgAgAEAkAHoB5gB6AegAQKoAQGwAQC4AbwFwAGKBcgB2ATQAQDYAQDgAQDoAQDwAQA=
144115197360545593,1,2016/06/04 21:10:17.457,252,CLemy7oFEKOztRcYuabLugUg/8K1FygAMAA4AEAuSABQAFgAYABoAXAAeKwfgAGjLIgBgBCQAQCYAQCgAQCoAQCwAQC4AQDAAQDIAQDSARQIABAAGAAgACguMAA4AEABSABQANoBVAheEAAYACDNm7fuDCguMAA4AEAAShQIABCABRjgAyAAKAEwQjhCQABIAEoUCAEQwAEYkAEgACgDMBw4HEAASABKEggCEAAYACAAKAAwADgAQABIAA==
144115197360545593,2,2016/06/04 21:10:17.503,40,IggIATDD5wQ4ACIGCAIwADgAIggIAzCM9Qc4ACgB
144115197360545593,3,2016/06/04 21:10:18.993,184,CjIIgH0QhiAYASCgnAEoFDAAOAFABlgBYAFoAXABeAGAAQGIAZADkAHoB5gBKKABeKgBARJTClEIABAFGOADIIAFKA8woAE4AUAeSABQFFgUYOgHaABwIHgAgAEAkAHoB5gB6AegAQKoAQGwAQC4AbwFwAGKBcgB2ATQAQDYAQDgAQDoAQDwAQA=
144115197360545593,1,2016/06/04 21:10:19.470,256,CLmmy7oFEP/CtRcYu6bLugUg29K1FygAMAA4AEAvSABQAFgAYABoAXAAeNclgAGPLYgBgBCQAQCYAQCgAQCoAQCwAQC4AQDAAQDIAQDSARQIABAAGAAgACgvMAA4AEABSABQANoBVwibARAAGAAgzZu37gwoLzAAOABAAEoWCAAQgAUY4AMgCCgHMIABOIABQABIAEoUCAEQwAEYkAEgCCgHMBs4G0AASABKEggCEAAYACAAKAAwADgAQABIAA==
144115197360545593,2,2016/06/04 21:10:19.515,48,CAAYACIICAEww+cEOAAiCAgCMImVEzgAIggIAzCg6Qs4ACgB
144115197360545593,3,2016/06/04 21:10:19.515,72,CjIIgH0QhiAYASCgnAEoFDAAOAFABlgBYAFoAXABeAGAAQGIAZADkAHoB5gBKKABeKgBARIA
144115197360545593,3,2016/06/04 21:10:20.999,184,CjIIgH0QhiAYASCgnAEoFDAAOAFABlgBYAFoAXABeAGAAQGIAZADkAHoB5gBKKABeKgBARJTClEIABAFGOADIIAFKA8wtAE4AUAeSABQFFgUYOgHaABwIHgAgAEAkAHoB5gB6AegAQKoAQGwAQC4AbwFwAGKBcgB2ATQAQDYAQDgAQDoAQDwAQA=
144115197360545593,1,2016/06/04 21:10:21.483,252,CLumy7oFENvStRcYvabLugUguOK1FygAMAA4AEAvSABQAFgAYABoAXAAePYagAHKI4gBgBCQAQCYAQCgAQCoAQCwAQC4AQDAAQDIAQDSARQIABAAGAAgACgvMAA4AEABSABQANoBVAhcEAAYACDNm7fuDCgvMAA4AEAAShQIABCABRjgAyAIKAgwUDhQQABIAEoUCAEQwAEYkAEgCCgHMAw4DEAASABKEggCEAAYACAAKAAwADgAQABIAA==
144115197360545593,2,2016/06/04 21:10:21.530,48,CAAYACIICAEwoMoFOAAiCAgCMImVEzgAIggIAzDWzQw4ACgB
144115197360545593,3,2016/06/04 21:10:22.994,184,CjIIgH0QhiAYASCgnAEoFDAAOAFABlgBYAFoAXABeAGAAQGIAZADkAHoB5gBKKABeKgBARJTClEIABAFGOADIIAFKA8wyAE4AUAeSABQFFgUYOgHaABwIHgAgAEAkAHoB5gB6AegAQKoAQGwAQC4AbwFwAGKBcgB2ATQAQDYAQDgAQDoAQDwAQA=
144115197360545593,1,2016/06/04 21:10:23.494,252,CL2my7oFELjitRcYv6bLugUglPK1FygAMAA4AEAvSABQAFgAYABoAXAAeJoVgAH9GIgBgBCQAQCYAQCgAQCoAQCwAQC4AQDAAQDIAQDSARQIABAAGAAgACgvMAA4AEABSABQANoBVAhwEAAYACDNm7fuDCgvMAA4AEAAShQIABCABRjgAyAIKAcwVjhWQABIAEoUCAEQwAEYkAEgCCgHMBo4GkAASABKEggCEAAYACAAKAAwADgAQABIAA==
144115197360545593,3,2016/06/04 21:10:23.578,72,CjIIgH0QhiAYASCgnAEoFDAAOAFABlgBYAFoAXABeAGAAQGIAZADkAHoB5gBKKABeKgBARIA
144115197360545593,2,2016/06/04 21:10:23.578,48,CAAYACIICAEw4voFOAAiCAgCMImVEzgAIggIAzDksA04ACgB
144115197360545593,3,2016/06/04 21:10:24.981,184,CjIIgH0QhiAYASCgnAEoFDAAOAFABlgBYAFoAXABeAGAAQGIAZADkAHoB5gBKKABeKgBARJTClEIABAFGOADIIAFKA8w3AE4AUAeSABQFFgUYOgHaABwIHgAgAEAkAHoB5gB6AegAQKoAQGwAQC4AbwFwAGKBcgB2ATQAQDYAQDgAQDoAQDwAQA=
