144115197360545593,4,2016/06/05 20:30:59.998,68,EhAQgAUY4AMwIFAAgAEBiAEBGh0IhiAQABgBIAAoADABOAFAAUgBUAFYAGAAaABwAA==
144115197360545593,3,2016/06/05 20:31:00.146,284,CjIIgH0QhiAYASCgnAEoFDAAOAFABlgBYAFoAXABeAGAAQGIAZADkAHoB5gBKKABeKgBARKdAQpRCAAQBRjgAyCABSgKMJEBOAFAHkgAUBRYFGDoB2gAcCB4AIABAJAB6AeYAegHoAECqAEBsAEAuAG8BcABigXIAdgE0AEA2AEA4AEA6AEA8AEAEkgIARABGAAgACgAMAA4AEAASABQAFgAYABoAHAAeACAAQCQAQCYAQCgAQCoAQCwAQC4AQDAAQDIAQDQAQDYAQDgAQDoAQDwAQA=
144115197360545593,1,2016/06/05 20:31:02.121,244,CIS30LoFELiihA4YhrfQugUglLKEDigAMAA4AEAASABQAFgAYABoAXAAeACAAQCIAYAQkAEAmAEAoAEAqAEAsAEAuAEAwAEAyAEA0gEUCAAQABgAIAAoADAAOABAAUgAUADaAVIIABAAGAAgzZu37gwoADAAOABAAEoUCAAQgAUY4AMgACgAMAA4AEAASABKEggBEAAYACAAKAAwADgAQABIAEoSCAIQABgAIAAoADAAOABAAEgA
144115197360545593,3,2016/06/05 20:31:02.212,296,CjIIgH0QhiAYASCgnAEoFDAAOAFABlgBYAFoAXABeAGAAQGIAZADkAHoB5gBKKABeKgBARKlAQpRCAAQBRjgAyCABSgKMJEBOAFAHkgAUBRYFGDoB2gAcCB4AIABAJAB6AeYAegHoAECqAEBsAEAuAG8BcABigXIAdgE0AEA2AEA4AEA6AEA8AEAElAIARAFGJABIMABKAcwMjgFQB5IAFAUWBRg6AdoGnAoeACAAQCQAegHmAHoB6ABAqgBAbABALgBvAXAAYoFyAHYBNABANgBAOABAOgBAPABAA==
144115197360545593,2,2016/06/05 20:31:02.213,156,ElhCG7jAOxeyjR8zw/vfz9lxg2HfzN4nV1qiM2+o7bTYPvfwmEc2zPUiU/czXAkNjSd7V+zPKIZMB6QRcgPDuvSqsvCYdx6u0J7/QQkn3G5efUqZXToha2eFIgYIATAAOAAiBggCMAA4ACIGCAMwADgAKAE=
144115197360545593,3,2016/06/05 20:31:02.254,184,CjIIgH0QhiAYASCgnAEoFDAAOAFABlgBYAFoAXABeAGAAQGIAZADkAHoB5gBKKABeKgBARJTClEIABAFGOADIIAFKAowkQE4AUAeSABQFFgUYOgHaABwIHgAgAEAkAHoB5gB6AegAQKoAQGwAQC4AbwFwAGKBcgB2ATQAQDYAQDgAQDoAQDwAQA=
144115197360545593,3,2016/06/05 20:31:03.737,184,CjIIgH0QhiAYASCgnAEoFDAAOAFABlgBYAFoAXABeAGAAQGIAZADkAHoB5gBKKABeKgBARJTClEIABAFGOADIIAFKA8woAE4AUAeSABQFFgUYOgHaABwIHgAgAEAkAHoB5gB6AegAQKoAQGwAQC4AbwFwAGKBcgB2ATQAQDYAQDgAQDoAQDwAQA=
144115197360545593,1,2016/06/05 20:31:04.131,252,CIa30LoFEJSyhA4YiLfQugUg8cGEDigAMAA4AEBeSABQAFgAYABoAXAAeMoWgAGQHogBgBCQAQCYAQCgAQCoAQCwAQC4AQDAAQDIAQDSARQIABAAGAAgACheMAA4AEABSABQANoBVAgPEAAYACDNm7fuDCheMAA4AEAAShQIABCABRjgAyAEKAAwDTgNQABIAEoUCAEQwAEYkAEgBCgAMAI4AkAASABKEggCEAAYACAAKAAwADgAQABIAA==
144115197360545593,2,2016/06/05 20:31:04.175,40,IgYIATAAOAAiBggCMAA4ACIICAMwkMcNOAAoAQ==
144115197360545593,1,2016/06/05 20:31:06.144,252,CIi30LoFEPHBhA4YirfQugUgzdGEDigAMAA4AEAuSABQAFgAYABoAXAAeIUkgAGTK4gBgBCQAQCYAQCgAQCoAQCwAQC4AQDAAQDIAQDSARQIABAAGAAgACguMAA4AEABSABQANoBVQiOARAAGAAgzZu37gwoLjAAOABAAEoUCAAQgAUY4AMgCCgFMGI4YkAASABKFAgBEMABGJABIAgoBzAsOCxAAEgAShIIAhAAGAAgACgAMAA4AEAASAA=
144115197360545593,2,2016/06/05 20:31:06.191,48,CAAYACIICAEwmPAEOAAiCAgCMKetCjgAIggIAzD7vQ44ACgB
144115197360545593,3,2016/06/05 20:31:06.192,184,CjIIgH0QhiAYASCgnAEoFDAAOAFABlgBYAFoAXABeAGAAQGIAZADkAHoB5gBKKABeKgBARJTClEIABAFGOADIIAFKA8wtAE4AUAeSABQFFgUYOgHaABwIHgAgAEAkAHoB5gB6AegAQKoAQGwAQC4AbwFwAGKBcgB2ATQAQDYAQDgAQDoAQDwAQA=
144115197360545593,3,2016/06/05 20:31:07.746,184,CjIIgH0QhiAYASCgnAEoFDAAOAFABlgBYAFoAXABeAGAAQGIAZADkAHoB5gBKKABeKgBARJTClEIABAFGOADIIAFKA8wyAE4AUAeSABQFFgUYOgHaABwIHgAgAEAkAHoB5gB6AegAQKoAQGwAQC4AbwFwAGKBcgB2ATQAQDYAQDgAQDoAQDwAQA=
144115197360545593,1,2016/06/05 20:31:08.162,252,CIq30LoFEM3RhA4YjLfQugUgqeGEDigAMAA4AEAvSABQAFgAYABoAXAAeNwigAGjKIgBgBCQAQCYAQCgAQCoAQCwAQC4AQDAAQDIAQDSARQIABAAGAAgACgvMAA4AEABSABQANoBVQiMARAAGAAgzZu37gwoLzAAOABAAEoUCAAQgAUY4AMgCCgIMG84b0AASABKFAgBEMABGJABIAgoCDAdOB1AAEgAShIIAhAAGAAgACgAMAA4AEAASAA=
144115197360545593,2,2016/06/05 20:31:08.207,48,CAAYACIICAEw0J8FOAAiCAgCMJq7EDgAIggIAzD7vQ44ACgB
144115197360545593,3,2016/06/05 20:31:09.769,184,CjIIgH0QhiAYASCgnAEoFDAAOAFABlgBYAFoAXABeAGAAQGIAZADkAHoB5gBKKABeKgBARJTClEIABAFGOADIIAFKA8w3AE4AUAeSABQFFgUYOgHaABwIHgAgAEAkAHoB5gB6AegAQKoAQGwAQC4AbwFwAGKBcgB2ATQAQDYAQDgAQDoAQDwAQA=
144115197360545593,1,2016/06/05 20:31:10.168,252,CIy30LoFEKnhhA4YjrfQugUghvGEDigAMAA4AEAvSABQAFgAYABoAXAAeOMigAG+KYgBgBCQAQCYAQCgAQCoAQCwAQC4AQDAAQDIAQDSARQIABAAGAAgACgvMAA4AEABSABQANoBVAh3EAAYACDNm7fuDCgvMAA4AEAAShQIABCABRjgAyAIKAcwWThZQABIAEoUCAEQwAEYkAEgCCgHMB44HkAASABKEggCEAAYACAAKAAwADgAQABIAA==
144115197360545593,2,2016/06/05 20:31:10.214,48,CAAYACIICAEw0J8FOAAiCAgCMJq7EDgAIggIAzDPsg84ACgB
144115197360545593,1,2016/06/05 20:31:12.180,256,CI630LoFEIbxhA4YkLfQugUg4oCFDigAMAA4AEAvSABQAFgAYABoAXAAeMkegAGnJogBgBCQAQCYAQCgAQCoAQCwAQC4AQDAAQDIAQDSARQIABAAGAAgACgvMAA4AEABSABQANoBVwi+ARAAGAAgzZu37gwoLzAAOABAAEoWCAAQgAUY4AMgCCgHMKgBOKgBQABIAEoUCAEQwAEYkAEgCCgHMBY4FkAASABKEggCEAAYACAAKAAwADgAQABIAA==
144115197360545593,2,2016/06/05 20:31:12.227,48,CAAYACIICAEwz/sFOAAiCAgCMP+2ETgAIggIAzCKphA4ACgB
144115197360545593,3,2016/06/05 20:31:12.228,184,CjIIgH0QhiAYASCgnAEoFDAAOAFABlgBYAFoAXABeAGAAQGIAZADkAHoB5gBKKABeKgBARJTClEIABAFGOADIIAFKA8w8AE4AUAeSABQFFgUYOgHaABwIHgAgAEAkAHoB5gB6AegAQKoAQGwAQC4AbwFwAGKBcgB2ATQAQDYAQDgAQDoAQDwAQA=
144115197360545593,3,2016/06/05 20:31:13.740,184,CjIIgH0QhiAYASCgnAEoFDAAOAFABlgBYAFoAXABeAGAAQGIAZADkAHoB5gBKKABeKgBARJTClEIABAFGOADIIAFKA8whAI4AUAeSABQFFgUYOgHaABwIHgAgAEAkAHoB5gB6AegAQKoAQGwAQC4AbwFwAGKBcgB2ATQAQDYAQDgAQDoAQDwAQA=
144115197360545593,1,2016/06/05 20:31:14.191,256,CJC30LoFEOKAhQ4YkrfQugUgv5CFDigAMAA4AEAvSABQAFgAYABoAXAAeOgfgAHFKogBgBCQAQCYAQCgAQCoAQCwAQC4AQDAAQDIAQDSARQIABAAGAAgACgvMAA4AEABSABQANoBVwjoARAAGAAgzZu37gwoLzAAOABAAEoWCAAQgAUY4AMgCCgIMNMBONMBQABIAEoUCAEQwAEYkAEgCCgIMBU4FUAASABKEggCEAAYACAAKAAwADgAQABIAA==
144115197360545593,2,2016/06/05 20:31:14.251,48,CAAYACIICAEwz/sFOAAiCAgCMJOzEjgAIggIAzCymBY4ACgB
144115197360545593,3,2016/06/05 20:31:15.746,184,CjIIgH0QhiAYASCgnAEoFDAAOAFABlgBYAFoAXABeAGAAQGIAZADkAHoB5gBKKABeKgBARJTClEIABAFGOADIIAFKA8wmAI4AUAeSABQFFgUYOgHaABwIHgAgAEAkAHoB5gB6AegAQKoAQGwAQC4AbwFwAGKBcgB2ATQAQDYAQDgAQDoAQDwAQA=
144115197360545593,1,2016/06/05 20:31:16.205,256,CJK30LoFEL+QhQ4YlLfQugUgm6CFDigAMAA4AEAuSABQAFgAYABoAXAAeKongAH+PogBgBCQAQCYAQCgAQCoAQCwAQC4AQDAAQDIAQDSARQIABAAGAAgACguMAA4AEABSABQANoBVwj4ARAAGAAgzZu37gwoLjAAOABAAEoWCAAQgAUY4AMgCCgHMM8BOM8BQABIAEoUCAEQwAEYkAEgCCgHMCk4KUAASABKEggCEAAYACAAKAAwADgAQABIAA==
144115197360545593,2,2016/06/05 20:31:16.252,48,CAAYACIICAEwlKoGOAAiCAgCMKevEzgAIggIAzDCrRc4ACgB
144115197360545593,3,2016/06/05 20:31:16.252,72,CjIIgH0QhiAYASCgnAEoFDAAOAFABlgBYAFoAXABeAGAAQGIAZADkAHoB5gBKKABeKgBARIA
144115197360545593,3,2016/06/05 20:31:17.744,184,CjIIgH0QhiAYASCgnAEoFDAAOAFABlgBYAFoAXABeAGAAQGIAZADkAHoB5gBKKABeKgBARJTClEIABAFGOADIIAFKA8wrAI4AUAeSABQFFgUYOgHaABwIHgAgAEAkAHoB5gB6AegAQKoAQGwAQC4AbwFwAGKBcgB2ATQAQDYAQDgAQDoAQDwAQA=
144115197360545593,1,2016/06/05 20:31:18.218,256,CJS30LoFEJughQ4YlrfQugUg96+FDigAMAA4AEAvSABQAFgAYABoAXAAePAZgAG+KYgBgBCQAQCYAQCgAQCoAQCwAQC4AQDAAQDIAQDSARQIABAAGAAgACgvMAA4AEABSABQANoBVwikAhAAGAAgzZu37gwoLzAAOABAAEoWCAAQgAUY4AMgCCgIMPkBOPkBQABIAEoUCAEQwAEYkAEgCCgHMCs4K0AASABKEggCEAAYACAAKAAwADgAQABIAA==
144115197360545593,2,2016/06/05 20:31:18.264,48,CAAYACIICAEwkNkGOAAiCAgCMJWsFDgAIggIAzC4xBg4ACgB
144115197360545593,1,2016/06/05 20:31:20.234,256,CJa30LoFEPevhQ4YmLfQugUg1L+FDigAMAA4AEAvSABQAFgAYABoAXAAeOwegAGyKogBgBCQAQCYAQCgAQCoAQCwAQC4AQDAAQDIAQDSARQIABAAGAAgACgvMAA4AEABSABQANoBVwiWAhAAGAAgzZu37gwoLzAAOABAAEoWCAAQgAUY4AMgCCgHMP4BOP4BQABIAEoUCAEQwAEYkAEgCCgHMBg4GEAASABKEggCEAAYACAAKAAwADgAQABIAA==
144115197360545593,2,2016/06/05 20:31:20.281,48,CAAYACIICAEw1IgHOAAiCAgCMKGqFTgAIggIAzDT3Rk4ACgB
144115197360545593,3,2016/06/05 20:31:20.282,72,CjIIgH0QhiAYASCgnAEoFDAAOAFABlgBYAFoAXABeAGAAQGIAZADkAHoB5gBKKABeKgBARIA
144115197360545593,1,2016/06/05 20:31:22.241,256,CJi30LoFENS/hQ4YmrfQugUgsM+FDigAMAA4AEAvSABQAFgAYABoAXAAeO0hgAGuJ4gBgBCQAQCYAQCgAQCoAQCwAQC4AQDAAQDIAQDSARQIABAAGAAgACgvMAA4AEABSABQANoBVwijAhAAGAAgzZu37gwoLzAAOABAAEoWCAAQgAUY4AMgCCgIMJMCOJMCQABIAEoUCAEQwAEYkAEgCCgIMBA4EEAASABKEggCEAAYACAAKAAwADgAQABIAA==
144115197360545593,2,2016/06/05 20:31:22.287,48,CAAYACIICAEwlbkHOAAiCAgCMJ+qFjgAIggIAzDs+Ro4ACgB
144115197360545593,1,2016/06/05 20:31:24.257,256,CJq30LoFELDPhQ4YnLfQugUgjd+FDigAMAA4AEAvSABQAFgAYABoAXAAeMghgAHVJ4gBgBCQAQCYAQCgAQCoAQCwAQC4AQDAAQDIAQDSARQIABAAGAAgACgvMAA4AEABSABQANoBVwivAhAAGAAgzZu37gwoLzAAOABAAEoWCAAQgAUY4AMgCCgHMI4COI4CQABIAEoUCAEQwAEYkAEgCCgHMCE4IUAASABKEggCEAAYACAAKAAwADgAQABIAA==
144115197360545593,2,2016/06/05 20:31:24.301,48,CAAYACIICAEwrp0IOAAiCAgCMK6sFzgAIggIAzD7mBw4ACgB
144115197360545593,3,2016/06/05 20:31:24.301,72,CjIIgH0QhiAYASCgnAEoFDAAOAJABlgBYAFoAXABeAGAAQGIAZADkAHoB5gBKKABeKgBARIA
144115197360545593,1,2016/06/05 20:31:26.268,256,CJy30LoFEI3fhQ4YnrfQugUg6e6FDigAMAA4AEAuSABQAFgAYABoAXAAeNYngAHFL4gBgBCQAQCYAQCgAQCoAQCwAQC4AQDAAQDIAQDSARQIABAAGAAgACguMAA4AEABSABQANoBVwizAhAAGAAgzZu37gwoLjAAOABAAEoWCAAQgAUY4AMgCCgIMJUCOJUCQABIAEoUCAEQwAEYkAEgCCgIMB44HkAASABKEggCEAAYACAAKAAwADgAQABIAA==
144115197360545593,2,2016/06/05 20:31:26.312,48,CAAYACIICAEw1dEIOAAiCAgCMIexGDgAIggIAzCyvB04ACgB
